[2022-10-06T15:18:54.748+0000] {processor.py:156} INFO - Started process (PID=96) to work on /home/airflow/.local/lib/python3.7/site-packages/airflow/example_dags/example_latest_only.py
[2022-10-06T15:18:54.770+0000] {processor.py:758} INFO - Processing file /home/airflow/.local/lib/python3.7/site-packages/airflow/example_dags/example_latest_only.py for tasks to queue
[2022-10-06T15:18:54.860+0000] {logging_mixin.py:117} INFO - [2022-10-06T15:18:54.859+0000] {dagbag.py:525} INFO - Filling up the DagBag from /home/airflow/.local/lib/python3.7/site-packages/airflow/example_dags/example_latest_only.py
[2022-10-06T15:18:55.226+0000] {processor.py:768} INFO - DAG(s) dict_keys(['latest_only']) retrieved from /home/airflow/.local/lib/python3.7/site-packages/airflow/example_dags/example_latest_only.py
[2022-10-06T15:18:58.108+0000] {logging_mixin.py:117} INFO - [2022-10-06T15:18:58.107+0000] {dag.py:2573} INFO - Sync 1 DAGs
[2022-10-06T15:19:02.536+0000] {logging_mixin.py:117} INFO - [2022-10-06T15:19:02.535+0000] {dag.py:3328} INFO - Setting next_dagrun for latest_only to 2022-10-06T11:19:02.535480+00:00, run_after=2022-10-06T15:19:02.535480+00:00
[2022-10-06T15:19:07.947+0000] {processor.py:178} INFO - Processing /home/airflow/.local/lib/python3.7/site-packages/airflow/example_dags/example_latest_only.py took 13.543 seconds
[2022-10-06T15:21:44.935+0000] {processor.py:156} INFO - Started process (PID=169) to work on /home/airflow/.local/lib/python3.7/site-packages/airflow/example_dags/example_latest_only.py
[2022-10-06T15:21:44.950+0000] {processor.py:758} INFO - Processing file /home/airflow/.local/lib/python3.7/site-packages/airflow/example_dags/example_latest_only.py for tasks to queue
[2022-10-06T15:21:44.952+0000] {logging_mixin.py:117} INFO - [2022-10-06T15:21:44.952+0000] {dagbag.py:525} INFO - Filling up the DagBag from /home/airflow/.local/lib/python3.7/site-packages/airflow/example_dags/example_latest_only.py
[2022-10-06T15:21:45.175+0000] {processor.py:768} INFO - DAG(s) dict_keys(['latest_only']) retrieved from /home/airflow/.local/lib/python3.7/site-packages/airflow/example_dags/example_latest_only.py
[2022-10-06T15:21:45.497+0000] {logging_mixin.py:117} INFO - [2022-10-06T15:21:45.497+0000] {dag.py:2573} INFO - Sync 1 DAGs
[2022-10-06T15:21:45.674+0000] {logging_mixin.py:117} INFO - [2022-10-06T15:21:45.673+0000] {dag.py:3328} INFO - Setting next_dagrun for latest_only to 2022-10-06T11:21:45.673321+00:00, run_after=2022-10-06T15:21:45.673321+00:00
[2022-10-06T15:21:45.827+0000] {processor.py:178} INFO - Processing /home/airflow/.local/lib/python3.7/site-packages/airflow/example_dags/example_latest_only.py took 0.957 seconds
[2022-10-06T15:22:40.368+0000] {processor.py:156} INFO - Started process (PID=225) to work on /home/airflow/.local/lib/python3.7/site-packages/airflow/example_dags/example_latest_only.py
[2022-10-06T15:22:40.372+0000] {processor.py:758} INFO - Processing file /home/airflow/.local/lib/python3.7/site-packages/airflow/example_dags/example_latest_only.py for tasks to queue
[2022-10-06T15:22:40.374+0000] {logging_mixin.py:117} INFO - [2022-10-06T15:22:40.374+0000] {dagbag.py:525} INFO - Filling up the DagBag from /home/airflow/.local/lib/python3.7/site-packages/airflow/example_dags/example_latest_only.py
[2022-10-06T15:22:40.446+0000] {processor.py:768} INFO - DAG(s) dict_keys(['latest_only']) retrieved from /home/airflow/.local/lib/python3.7/site-packages/airflow/example_dags/example_latest_only.py
[2022-10-06T15:22:40.560+0000] {logging_mixin.py:117} INFO - [2022-10-06T15:22:40.560+0000] {dag.py:2573} INFO - Sync 1 DAGs
[2022-10-06T15:22:40.651+0000] {logging_mixin.py:117} INFO - [2022-10-06T15:22:40.651+0000] {dag.py:3328} INFO - Setting next_dagrun for latest_only to 2022-10-06T11:22:40.650630+00:00, run_after=2022-10-06T15:22:40.650630+00:00
[2022-10-06T15:22:40.738+0000] {processor.py:178} INFO - Processing /home/airflow/.local/lib/python3.7/site-packages/airflow/example_dags/example_latest_only.py took 0.387 seconds
[2022-10-06T15:23:11.117+0000] {processor.py:156} INFO - Started process (PID=287) to work on /home/airflow/.local/lib/python3.7/site-packages/airflow/example_dags/example_latest_only.py
[2022-10-06T15:23:11.119+0000] {processor.py:758} INFO - Processing file /home/airflow/.local/lib/python3.7/site-packages/airflow/example_dags/example_latest_only.py for tasks to queue
[2022-10-06T15:23:11.121+0000] {logging_mixin.py:117} INFO - [2022-10-06T15:23:11.121+0000] {dagbag.py:525} INFO - Filling up the DagBag from /home/airflow/.local/lib/python3.7/site-packages/airflow/example_dags/example_latest_only.py
[2022-10-06T15:23:11.157+0000] {processor.py:768} INFO - DAG(s) dict_keys(['latest_only']) retrieved from /home/airflow/.local/lib/python3.7/site-packages/airflow/example_dags/example_latest_only.py
[2022-10-06T15:23:11.271+0000] {logging_mixin.py:117} INFO - [2022-10-06T15:23:11.270+0000] {dag.py:2573} INFO - Sync 1 DAGs
[2022-10-06T15:23:11.367+0000] {logging_mixin.py:117} INFO - [2022-10-06T15:23:11.367+0000] {dag.py:3328} INFO - Setting next_dagrun for latest_only to 2022-10-06T11:23:11.365856+00:00, run_after=2022-10-06T15:23:11.365856+00:00
[2022-10-06T15:23:11.456+0000] {processor.py:178} INFO - Processing /home/airflow/.local/lib/python3.7/site-packages/airflow/example_dags/example_latest_only.py took 0.348 seconds
[2022-10-06T15:37:38.015+0000] {processor.py:156} INFO - Started process (PID=68) to work on /home/airflow/.local/lib/python3.7/site-packages/airflow/example_dags/example_latest_only.py
[2022-10-06T15:37:38.022+0000] {processor.py:758} INFO - Processing file /home/airflow/.local/lib/python3.7/site-packages/airflow/example_dags/example_latest_only.py for tasks to queue
[2022-10-06T15:37:38.038+0000] {logging_mixin.py:117} INFO - [2022-10-06T15:37:38.037+0000] {dagbag.py:525} INFO - Filling up the DagBag from /home/airflow/.local/lib/python3.7/site-packages/airflow/example_dags/example_latest_only.py
[2022-10-06T15:37:38.090+0000] {processor.py:768} INFO - DAG(s) dict_keys(['latest_only']) retrieved from /home/airflow/.local/lib/python3.7/site-packages/airflow/example_dags/example_latest_only.py
[2022-10-06T15:37:38.490+0000] {logging_mixin.py:117} INFO - [2022-10-06T15:37:38.490+0000] {dag.py:2573} INFO - Sync 1 DAGs
[2022-10-06T15:37:38.560+0000] {logging_mixin.py:117} INFO - [2022-10-06T15:37:38.559+0000] {dag.py:3328} INFO - Setting next_dagrun for latest_only to 2022-10-06T11:37:38.559534+00:00, run_after=2022-10-06T15:37:38.559534+00:00
[2022-10-06T15:37:38.617+0000] {processor.py:178} INFO - Processing /home/airflow/.local/lib/python3.7/site-packages/airflow/example_dags/example_latest_only.py took 0.611 seconds
[2022-10-06T15:38:18.833+0000] {processor.py:156} INFO - Started process (PID=122) to work on /home/airflow/.local/lib/python3.7/site-packages/airflow/example_dags/example_latest_only.py
[2022-10-06T15:38:18.897+0000] {processor.py:758} INFO - Processing file /home/airflow/.local/lib/python3.7/site-packages/airflow/example_dags/example_latest_only.py for tasks to queue
[2022-10-06T15:38:18.914+0000] {logging_mixin.py:117} INFO - [2022-10-06T15:38:18.913+0000] {dagbag.py:525} INFO - Filling up the DagBag from /home/airflow/.local/lib/python3.7/site-packages/airflow/example_dags/example_latest_only.py
[2022-10-06T15:38:19.044+0000] {processor.py:768} INFO - DAG(s) dict_keys(['latest_only']) retrieved from /home/airflow/.local/lib/python3.7/site-packages/airflow/example_dags/example_latest_only.py
[2022-10-06T15:38:19.614+0000] {logging_mixin.py:117} INFO - [2022-10-06T15:38:19.613+0000] {dag.py:2573} INFO - Sync 1 DAGs
[2022-10-06T15:38:19.884+0000] {logging_mixin.py:117} INFO - [2022-10-06T15:38:19.884+0000] {dag.py:3328} INFO - Setting next_dagrun for latest_only to 2022-10-06T11:38:19.883971+00:00, run_after=2022-10-06T15:38:19.883971+00:00
[2022-10-06T15:38:20.110+0000] {processor.py:178} INFO - Processing /home/airflow/.local/lib/python3.7/site-packages/airflow/example_dags/example_latest_only.py took 1.309 seconds
[2022-10-06T15:38:51.793+0000] {processor.py:156} INFO - Started process (PID=177) to work on /home/airflow/.local/lib/python3.7/site-packages/airflow/example_dags/example_latest_only.py
[2022-10-06T15:38:51.802+0000] {processor.py:758} INFO - Processing file /home/airflow/.local/lib/python3.7/site-packages/airflow/example_dags/example_latest_only.py for tasks to queue
[2022-10-06T15:38:51.809+0000] {logging_mixin.py:117} INFO - [2022-10-06T15:38:51.808+0000] {dagbag.py:525} INFO - Filling up the DagBag from /home/airflow/.local/lib/python3.7/site-packages/airflow/example_dags/example_latest_only.py
[2022-10-06T15:38:52.575+0000] {processor.py:768} INFO - DAG(s) dict_keys(['latest_only']) retrieved from /home/airflow/.local/lib/python3.7/site-packages/airflow/example_dags/example_latest_only.py
[2022-10-06T15:38:52.753+0000] {logging_mixin.py:117} INFO - [2022-10-06T15:38:52.753+0000] {dag.py:2573} INFO - Sync 1 DAGs
[2022-10-06T15:38:52.842+0000] {logging_mixin.py:117} INFO - [2022-10-06T15:38:52.842+0000] {dag.py:3328} INFO - Setting next_dagrun for latest_only to 2022-10-06T11:38:52.842144+00:00, run_after=2022-10-06T15:38:52.842144+00:00
[2022-10-06T15:38:52.964+0000] {processor.py:178} INFO - Processing /home/airflow/.local/lib/python3.7/site-packages/airflow/example_dags/example_latest_only.py took 1.205 seconds
