[2022-10-06T15:20:36.154+0000] {processor.py:156} INFO - Started process (PID=138) to work on /home/airflow/.local/lib/python3.7/site-packages/airflow/example_dags/example_xcomargs.py
[2022-10-06T15:20:36.167+0000] {processor.py:758} INFO - Processing file /home/airflow/.local/lib/python3.7/site-packages/airflow/example_dags/example_xcomargs.py for tasks to queue
[2022-10-06T15:20:36.169+0000] {logging_mixin.py:117} INFO - [2022-10-06T15:20:36.168+0000] {dagbag.py:525} INFO - Filling up the DagBag from /home/airflow/.local/lib/python3.7/site-packages/airflow/example_dags/example_xcomargs.py
[2022-10-06T15:20:36.465+0000] {processor.py:768} INFO - DAG(s) dict_keys(['example_xcom_args', 'example_xcom_args_with_operators']) retrieved from /home/airflow/.local/lib/python3.7/site-packages/airflow/example_dags/example_xcomargs.py
[2022-10-06T15:20:36.981+0000] {logging_mixin.py:117} INFO - [2022-10-06T15:20:36.980+0000] {dag.py:2573} INFO - Sync 2 DAGs
[2022-10-06T15:20:37.425+0000] {logging_mixin.py:117} INFO - [2022-10-06T15:20:37.425+0000] {dag.py:3328} INFO - Setting next_dagrun for example_xcom_args to None, run_after=None
[2022-10-06T15:20:37.454+0000] {logging_mixin.py:117} INFO - [2022-10-06T15:20:37.453+0000] {dag.py:3328} INFO - Setting next_dagrun for example_xcom_args_with_operators to None, run_after=None
[2022-10-06T15:20:37.793+0000] {processor.py:178} INFO - Processing /home/airflow/.local/lib/python3.7/site-packages/airflow/example_dags/example_xcomargs.py took 1.701 seconds
[2022-10-06T15:22:31.036+0000] {processor.py:156} INFO - Started process (PID=208) to work on /home/airflow/.local/lib/python3.7/site-packages/airflow/example_dags/example_xcomargs.py
[2022-10-06T15:22:31.051+0000] {processor.py:758} INFO - Processing file /home/airflow/.local/lib/python3.7/site-packages/airflow/example_dags/example_xcomargs.py for tasks to queue
[2022-10-06T15:22:31.052+0000] {logging_mixin.py:117} INFO - [2022-10-06T15:22:31.052+0000] {dagbag.py:525} INFO - Filling up the DagBag from /home/airflow/.local/lib/python3.7/site-packages/airflow/example_dags/example_xcomargs.py
[2022-10-06T15:22:31.112+0000] {processor.py:768} INFO - DAG(s) dict_keys(['example_xcom_args', 'example_xcom_args_with_operators']) retrieved from /home/airflow/.local/lib/python3.7/site-packages/airflow/example_dags/example_xcomargs.py
[2022-10-06T15:22:31.233+0000] {logging_mixin.py:117} INFO - [2022-10-06T15:22:31.232+0000] {dag.py:2573} INFO - Sync 2 DAGs
[2022-10-06T15:22:31.296+0000] {logging_mixin.py:117} INFO - [2022-10-06T15:22:31.296+0000] {dag.py:3328} INFO - Setting next_dagrun for example_xcom_args to None, run_after=None
[2022-10-06T15:22:31.305+0000] {logging_mixin.py:117} INFO - [2022-10-06T15:22:31.305+0000] {dag.py:3328} INFO - Setting next_dagrun for example_xcom_args_with_operators to None, run_after=None
[2022-10-06T15:22:31.389+0000] {processor.py:178} INFO - Processing /home/airflow/.local/lib/python3.7/site-packages/airflow/example_dags/example_xcomargs.py took 0.358 seconds
[2022-10-06T15:23:02.352+0000] {processor.py:156} INFO - Started process (PID=261) to work on /home/airflow/.local/lib/python3.7/site-packages/airflow/example_dags/example_xcomargs.py
[2022-10-06T15:23:02.369+0000] {processor.py:758} INFO - Processing file /home/airflow/.local/lib/python3.7/site-packages/airflow/example_dags/example_xcomargs.py for tasks to queue
[2022-10-06T15:23:02.372+0000] {logging_mixin.py:117} INFO - [2022-10-06T15:23:02.371+0000] {dagbag.py:525} INFO - Filling up the DagBag from /home/airflow/.local/lib/python3.7/site-packages/airflow/example_dags/example_xcomargs.py
[2022-10-06T15:23:02.473+0000] {processor.py:768} INFO - DAG(s) dict_keys(['example_xcom_args_with_operators', 'example_xcom_args']) retrieved from /home/airflow/.local/lib/python3.7/site-packages/airflow/example_dags/example_xcomargs.py
[2022-10-06T15:23:02.567+0000] {logging_mixin.py:117} INFO - [2022-10-06T15:23:02.567+0000] {dag.py:2573} INFO - Sync 2 DAGs
[2022-10-06T15:23:02.628+0000] {logging_mixin.py:117} INFO - [2022-10-06T15:23:02.628+0000] {dag.py:3328} INFO - Setting next_dagrun for example_xcom_args to None, run_after=None
[2022-10-06T15:23:02.637+0000] {logging_mixin.py:117} INFO - [2022-10-06T15:23:02.636+0000] {dag.py:3328} INFO - Setting next_dagrun for example_xcom_args_with_operators to None, run_after=None
[2022-10-06T15:23:02.692+0000] {processor.py:178} INFO - Processing /home/airflow/.local/lib/python3.7/site-packages/airflow/example_dags/example_xcomargs.py took 0.357 seconds
[2022-10-06T15:37:51.898+0000] {processor.py:156} INFO - Started process (PID=93) to work on /home/airflow/.local/lib/python3.7/site-packages/airflow/example_dags/example_xcomargs.py
[2022-10-06T15:37:51.962+0000] {processor.py:758} INFO - Processing file /home/airflow/.local/lib/python3.7/site-packages/airflow/example_dags/example_xcomargs.py for tasks to queue
[2022-10-06T15:37:51.992+0000] {logging_mixin.py:117} INFO - [2022-10-06T15:37:51.992+0000] {dagbag.py:525} INFO - Filling up the DagBag from /home/airflow/.local/lib/python3.7/site-packages/airflow/example_dags/example_xcomargs.py
[2022-10-06T15:37:53.143+0000] {processor.py:768} INFO - DAG(s) dict_keys(['example_xcom_args', 'example_xcom_args_with_operators']) retrieved from /home/airflow/.local/lib/python3.7/site-packages/airflow/example_dags/example_xcomargs.py
[2022-10-06T15:37:53.442+0000] {logging_mixin.py:117} INFO - [2022-10-06T15:37:53.442+0000] {dag.py:2573} INFO - Sync 2 DAGs
[2022-10-06T15:37:53.647+0000] {logging_mixin.py:117} INFO - [2022-10-06T15:37:53.647+0000] {dag.py:3328} INFO - Setting next_dagrun for example_xcom_args to None, run_after=None
[2022-10-06T15:37:53.680+0000] {logging_mixin.py:117} INFO - [2022-10-06T15:37:53.679+0000] {dag.py:3328} INFO - Setting next_dagrun for example_xcom_args_with_operators to None, run_after=None
[2022-10-06T15:37:53.901+0000] {processor.py:178} INFO - Processing /home/airflow/.local/lib/python3.7/site-packages/airflow/example_dags/example_xcomargs.py took 2.010 seconds
[2022-10-06T15:38:36.451+0000] {processor.py:156} INFO - Started process (PID=151) to work on /home/airflow/.local/lib/python3.7/site-packages/airflow/example_dags/example_xcomargs.py
[2022-10-06T15:38:36.465+0000] {processor.py:758} INFO - Processing file /home/airflow/.local/lib/python3.7/site-packages/airflow/example_dags/example_xcomargs.py for tasks to queue
[2022-10-06T15:38:36.467+0000] {logging_mixin.py:117} INFO - [2022-10-06T15:38:36.466+0000] {dagbag.py:525} INFO - Filling up the DagBag from /home/airflow/.local/lib/python3.7/site-packages/airflow/example_dags/example_xcomargs.py
[2022-10-06T15:38:36.947+0000] {processor.py:768} INFO - DAG(s) dict_keys(['example_xcom_args', 'example_xcom_args_with_operators']) retrieved from /home/airflow/.local/lib/python3.7/site-packages/airflow/example_dags/example_xcomargs.py
[2022-10-06T15:38:37.159+0000] {logging_mixin.py:117} INFO - [2022-10-06T15:38:37.159+0000] {dag.py:2573} INFO - Sync 2 DAGs
[2022-10-06T15:38:37.290+0000] {logging_mixin.py:117} INFO - [2022-10-06T15:38:37.290+0000] {dag.py:3328} INFO - Setting next_dagrun for example_xcom_args to None, run_after=None
[2022-10-06T15:38:37.301+0000] {logging_mixin.py:117} INFO - [2022-10-06T15:38:37.300+0000] {dag.py:3328} INFO - Setting next_dagrun for example_xcom_args_with_operators to None, run_after=None
[2022-10-06T15:38:37.357+0000] {processor.py:178} INFO - Processing /home/airflow/.local/lib/python3.7/site-packages/airflow/example_dags/example_xcomargs.py took 0.925 seconds
[2022-10-06T15:39:10.081+0000] {processor.py:156} INFO - Started process (PID=209) to work on /home/airflow/.local/lib/python3.7/site-packages/airflow/example_dags/example_xcomargs.py
[2022-10-06T15:39:10.084+0000] {processor.py:758} INFO - Processing file /home/airflow/.local/lib/python3.7/site-packages/airflow/example_dags/example_xcomargs.py for tasks to queue
[2022-10-06T15:39:10.089+0000] {logging_mixin.py:117} INFO - [2022-10-06T15:39:10.089+0000] {dagbag.py:525} INFO - Filling up the DagBag from /home/airflow/.local/lib/python3.7/site-packages/airflow/example_dags/example_xcomargs.py
[2022-10-06T15:39:10.244+0000] {processor.py:768} INFO - DAG(s) dict_keys(['example_xcom_args', 'example_xcom_args_with_operators']) retrieved from /home/airflow/.local/lib/python3.7/site-packages/airflow/example_dags/example_xcomargs.py
[2022-10-06T15:39:10.351+0000] {logging_mixin.py:117} INFO - [2022-10-06T15:39:10.351+0000] {dag.py:2573} INFO - Sync 2 DAGs
[2022-10-06T15:39:10.408+0000] {logging_mixin.py:117} INFO - [2022-10-06T15:39:10.408+0000] {dag.py:3328} INFO - Setting next_dagrun for example_xcom_args to None, run_after=None
[2022-10-06T15:39:10.416+0000] {logging_mixin.py:117} INFO - [2022-10-06T15:39:10.416+0000] {dag.py:3328} INFO - Setting next_dagrun for example_xcom_args_with_operators to None, run_after=None
[2022-10-06T15:39:10.459+0000] {processor.py:178} INFO - Processing /home/airflow/.local/lib/python3.7/site-packages/airflow/example_dags/example_xcomargs.py took 0.390 seconds
