[2022-10-06T15:17:51.724+0000] {processor.py:156} INFO - Started process (PID=53) to work on /home/airflow/.local/lib/python3.7/site-packages/airflow/example_dags/example_xcom.py
[2022-10-06T15:17:51.735+0000] {processor.py:758} INFO - Processing file /home/airflow/.local/lib/python3.7/site-packages/airflow/example_dags/example_xcom.py for tasks to queue
[2022-10-06T15:17:51.743+0000] {logging_mixin.py:117} INFO - [2022-10-06T15:17:51.741+0000] {dagbag.py:525} INFO - Filling up the DagBag from /home/airflow/.local/lib/python3.7/site-packages/airflow/example_dags/example_xcom.py
[2022-10-06T15:17:51.868+0000] {processor.py:768} INFO - DAG(s) dict_keys(['example_xcom']) retrieved from /home/airflow/.local/lib/python3.7/site-packages/airflow/example_dags/example_xcom.py
[2022-10-06T15:17:51.996+0000] {logging_mixin.py:117} INFO - [2022-10-06T15:17:51.996+0000] {dag.py:2573} INFO - Sync 1 DAGs
[2022-10-06T15:17:52.346+0000] {logging_mixin.py:117} INFO - [2022-10-06T15:17:52.346+0000] {dag.py:3328} INFO - Setting next_dagrun for example_xcom to 2021-01-01T00:00:00+00:00, run_after=2021-01-01T00:00:00+00:00
[2022-10-06T15:17:52.691+0000] {processor.py:178} INFO - Processing /home/airflow/.local/lib/python3.7/site-packages/airflow/example_dags/example_xcom.py took 0.978 seconds
[2022-10-06T15:21:22.628+0000] {processor.py:156} INFO - Started process (PID=145) to work on /home/airflow/.local/lib/python3.7/site-packages/airflow/example_dags/example_xcom.py
[2022-10-06T15:21:22.643+0000] {processor.py:758} INFO - Processing file /home/airflow/.local/lib/python3.7/site-packages/airflow/example_dags/example_xcom.py for tasks to queue
[2022-10-06T15:21:22.682+0000] {logging_mixin.py:117} INFO - [2022-10-06T15:21:22.681+0000] {dagbag.py:525} INFO - Filling up the DagBag from /home/airflow/.local/lib/python3.7/site-packages/airflow/example_dags/example_xcom.py
[2022-10-06T15:21:24.914+0000] {processor.py:768} INFO - DAG(s) dict_keys(['example_xcom']) retrieved from /home/airflow/.local/lib/python3.7/site-packages/airflow/example_dags/example_xcom.py
[2022-10-06T15:21:26.074+0000] {logging_mixin.py:117} INFO - [2022-10-06T15:21:26.061+0000] {dag.py:2573} INFO - Sync 1 DAGs
[2022-10-06T15:21:26.450+0000] {logging_mixin.py:117} INFO - [2022-10-06T15:21:26.447+0000] {dag.py:3328} INFO - Setting next_dagrun for example_xcom to 2021-01-01T00:00:00+00:00, run_after=2021-01-01T00:00:00+00:00
[2022-10-06T15:21:26.825+0000] {processor.py:178} INFO - Processing /home/airflow/.local/lib/python3.7/site-packages/airflow/example_dags/example_xcom.py took 4.450 seconds
[2022-10-06T15:22:05.924+0000] {processor.py:156} INFO - Started process (PID=187) to work on /home/airflow/.local/lib/python3.7/site-packages/airflow/example_dags/example_xcom.py
[2022-10-06T15:22:05.970+0000] {processor.py:758} INFO - Processing file /home/airflow/.local/lib/python3.7/site-packages/airflow/example_dags/example_xcom.py for tasks to queue
[2022-10-06T15:22:05.972+0000] {logging_mixin.py:117} INFO - [2022-10-06T15:22:05.972+0000] {dagbag.py:525} INFO - Filling up the DagBag from /home/airflow/.local/lib/python3.7/site-packages/airflow/example_dags/example_xcom.py
[2022-10-06T15:22:06.034+0000] {processor.py:768} INFO - DAG(s) dict_keys(['example_xcom']) retrieved from /home/airflow/.local/lib/python3.7/site-packages/airflow/example_dags/example_xcom.py
[2022-10-06T15:22:06.220+0000] {logging_mixin.py:117} INFO - [2022-10-06T15:22:06.220+0000] {dag.py:2573} INFO - Sync 1 DAGs
[2022-10-06T15:22:06.473+0000] {logging_mixin.py:117} INFO - [2022-10-06T15:22:06.472+0000] {dag.py:3328} INFO - Setting next_dagrun for example_xcom to 2021-01-01T00:00:00+00:00, run_after=2021-01-01T00:00:00+00:00
[2022-10-06T15:22:06.616+0000] {processor.py:178} INFO - Processing /home/airflow/.local/lib/python3.7/site-packages/airflow/example_dags/example_xcom.py took 0.699 seconds
[2022-10-06T15:22:42.446+0000] {processor.py:156} INFO - Started process (PID=240) to work on /home/airflow/.local/lib/python3.7/site-packages/airflow/example_dags/example_xcom.py
[2022-10-06T15:22:42.450+0000] {processor.py:758} INFO - Processing file /home/airflow/.local/lib/python3.7/site-packages/airflow/example_dags/example_xcom.py for tasks to queue
[2022-10-06T15:22:42.454+0000] {logging_mixin.py:117} INFO - [2022-10-06T15:22:42.454+0000] {dagbag.py:525} INFO - Filling up the DagBag from /home/airflow/.local/lib/python3.7/site-packages/airflow/example_dags/example_xcom.py
[2022-10-06T15:22:42.541+0000] {processor.py:768} INFO - DAG(s) dict_keys(['example_xcom']) retrieved from /home/airflow/.local/lib/python3.7/site-packages/airflow/example_dags/example_xcom.py
[2022-10-06T15:22:42.665+0000] {logging_mixin.py:117} INFO - [2022-10-06T15:22:42.664+0000] {dag.py:2573} INFO - Sync 1 DAGs
[2022-10-06T15:22:42.741+0000] {logging_mixin.py:117} INFO - [2022-10-06T15:22:42.740+0000] {dag.py:3328} INFO - Setting next_dagrun for example_xcom to 2021-01-01T00:00:00+00:00, run_after=2021-01-01T00:00:00+00:00
[2022-10-06T15:22:42.810+0000] {processor.py:178} INFO - Processing /home/airflow/.local/lib/python3.7/site-packages/airflow/example_dags/example_xcom.py took 0.372 seconds
[2022-10-06T15:23:13.365+0000] {processor.py:156} INFO - Started process (PID=294) to work on /home/airflow/.local/lib/python3.7/site-packages/airflow/example_dags/example_xcom.py
[2022-10-06T15:23:13.367+0000] {processor.py:758} INFO - Processing file /home/airflow/.local/lib/python3.7/site-packages/airflow/example_dags/example_xcom.py for tasks to queue
[2022-10-06T15:23:13.372+0000] {logging_mixin.py:117} INFO - [2022-10-06T15:23:13.369+0000] {dagbag.py:525} INFO - Filling up the DagBag from /home/airflow/.local/lib/python3.7/site-packages/airflow/example_dags/example_xcom.py
[2022-10-06T15:23:13.427+0000] {processor.py:768} INFO - DAG(s) dict_keys(['example_xcom']) retrieved from /home/airflow/.local/lib/python3.7/site-packages/airflow/example_dags/example_xcom.py
[2022-10-06T15:23:13.501+0000] {logging_mixin.py:117} INFO - [2022-10-06T15:23:13.501+0000] {dag.py:2573} INFO - Sync 1 DAGs
[2022-10-06T15:23:13.552+0000] {logging_mixin.py:117} INFO - [2022-10-06T15:23:13.551+0000] {dag.py:3328} INFO - Setting next_dagrun for example_xcom to 2021-01-01T00:00:00+00:00, run_after=2021-01-01T00:00:00+00:00
[2022-10-06T15:23:13.593+0000] {processor.py:178} INFO - Processing /home/airflow/.local/lib/python3.7/site-packages/airflow/example_dags/example_xcom.py took 0.236 seconds
[2022-10-06T15:37:29.076+0000] {processor.py:156} INFO - Started process (PID=53) to work on /home/airflow/.local/lib/python3.7/site-packages/airflow/example_dags/example_xcom.py
[2022-10-06T15:37:29.079+0000] {processor.py:758} INFO - Processing file /home/airflow/.local/lib/python3.7/site-packages/airflow/example_dags/example_xcom.py for tasks to queue
[2022-10-06T15:37:29.095+0000] {logging_mixin.py:117} INFO - [2022-10-06T15:37:29.095+0000] {dagbag.py:525} INFO - Filling up the DagBag from /home/airflow/.local/lib/python3.7/site-packages/airflow/example_dags/example_xcom.py
[2022-10-06T15:37:29.226+0000] {processor.py:768} INFO - DAG(s) dict_keys(['example_xcom']) retrieved from /home/airflow/.local/lib/python3.7/site-packages/airflow/example_dags/example_xcom.py
[2022-10-06T15:37:30.372+0000] {logging_mixin.py:117} INFO - [2022-10-06T15:37:30.372+0000] {dag.py:2573} INFO - Sync 1 DAGs
[2022-10-06T15:37:30.820+0000] {logging_mixin.py:117} INFO - [2022-10-06T15:37:30.820+0000] {dag.py:3328} INFO - Setting next_dagrun for example_xcom to 2021-01-01T00:00:00+00:00, run_after=2021-01-01T00:00:00+00:00
[2022-10-06T15:37:31.127+0000] {processor.py:178} INFO - Processing /home/airflow/.local/lib/python3.7/site-packages/airflow/example_dags/example_xcom.py took 2.061 seconds
[2022-10-06T15:38:01.256+0000] {processor.py:156} INFO - Started process (PID=98) to work on /home/airflow/.local/lib/python3.7/site-packages/airflow/example_dags/example_xcom.py
[2022-10-06T15:38:01.281+0000] {processor.py:758} INFO - Processing file /home/airflow/.local/lib/python3.7/site-packages/airflow/example_dags/example_xcom.py for tasks to queue
[2022-10-06T15:38:01.283+0000] {logging_mixin.py:117} INFO - [2022-10-06T15:38:01.282+0000] {dagbag.py:525} INFO - Filling up the DagBag from /home/airflow/.local/lib/python3.7/site-packages/airflow/example_dags/example_xcom.py
[2022-10-06T15:38:01.946+0000] {processor.py:768} INFO - DAG(s) dict_keys(['example_xcom']) retrieved from /home/airflow/.local/lib/python3.7/site-packages/airflow/example_dags/example_xcom.py
[2022-10-06T15:38:02.068+0000] {logging_mixin.py:117} INFO - [2022-10-06T15:38:02.068+0000] {dag.py:2573} INFO - Sync 1 DAGs
[2022-10-06T15:38:02.159+0000] {logging_mixin.py:117} INFO - [2022-10-06T15:38:02.159+0000] {dag.py:3328} INFO - Setting next_dagrun for example_xcom to 2021-01-01T00:00:00+00:00, run_after=2021-01-01T00:00:00+00:00
[2022-10-06T15:38:02.259+0000] {processor.py:178} INFO - Processing /home/airflow/.local/lib/python3.7/site-packages/airflow/example_dags/example_xcom.py took 1.019 seconds
[2022-10-06T15:38:35.057+0000] {processor.py:156} INFO - Started process (PID=148) to work on /home/airflow/.local/lib/python3.7/site-packages/airflow/example_dags/example_xcom.py
[2022-10-06T15:38:35.060+0000] {processor.py:758} INFO - Processing file /home/airflow/.local/lib/python3.7/site-packages/airflow/example_dags/example_xcom.py for tasks to queue
[2022-10-06T15:38:35.062+0000] {logging_mixin.py:117} INFO - [2022-10-06T15:38:35.062+0000] {dagbag.py:525} INFO - Filling up the DagBag from /home/airflow/.local/lib/python3.7/site-packages/airflow/example_dags/example_xcom.py
[2022-10-06T15:38:35.493+0000] {processor.py:768} INFO - DAG(s) dict_keys(['example_xcom']) retrieved from /home/airflow/.local/lib/python3.7/site-packages/airflow/example_dags/example_xcom.py
[2022-10-06T15:38:35.597+0000] {logging_mixin.py:117} INFO - [2022-10-06T15:38:35.597+0000] {dag.py:2573} INFO - Sync 1 DAGs
[2022-10-06T15:38:35.660+0000] {logging_mixin.py:117} INFO - [2022-10-06T15:38:35.660+0000] {dag.py:3328} INFO - Setting next_dagrun for example_xcom to 2021-01-01T00:00:00+00:00, run_after=2021-01-01T00:00:00+00:00
[2022-10-06T15:38:35.713+0000] {processor.py:178} INFO - Processing /home/airflow/.local/lib/python3.7/site-packages/airflow/example_dags/example_xcom.py took 0.666 seconds
[2022-10-06T15:39:08.222+0000] {processor.py:156} INFO - Started process (PID=203) to work on /home/airflow/.local/lib/python3.7/site-packages/airflow/example_dags/example_xcom.py
[2022-10-06T15:39:08.225+0000] {processor.py:758} INFO - Processing file /home/airflow/.local/lib/python3.7/site-packages/airflow/example_dags/example_xcom.py for tasks to queue
[2022-10-06T15:39:08.229+0000] {logging_mixin.py:117} INFO - [2022-10-06T15:39:08.228+0000] {dagbag.py:525} INFO - Filling up the DagBag from /home/airflow/.local/lib/python3.7/site-packages/airflow/example_dags/example_xcom.py
[2022-10-06T15:39:08.373+0000] {processor.py:768} INFO - DAG(s) dict_keys(['example_xcom']) retrieved from /home/airflow/.local/lib/python3.7/site-packages/airflow/example_dags/example_xcom.py
[2022-10-06T15:39:08.595+0000] {logging_mixin.py:117} INFO - [2022-10-06T15:39:08.595+0000] {dag.py:2573} INFO - Sync 1 DAGs
[2022-10-06T15:39:08.681+0000] {logging_mixin.py:117} INFO - [2022-10-06T15:39:08.680+0000] {dag.py:3328} INFO - Setting next_dagrun for example_xcom to 2021-01-01T00:00:00+00:00, run_after=2021-01-01T00:00:00+00:00
[2022-10-06T15:39:08.756+0000] {processor.py:178} INFO - Processing /home/airflow/.local/lib/python3.7/site-packages/airflow/example_dags/example_xcom.py took 0.542 seconds
