[2022-10-06T15:20:19.881+0000] {processor.py:156} INFO - Started process (PID=120) to work on /home/airflow/.local/lib/python3.7/site-packages/airflow/example_dags/example_task_group_decorator.py
[2022-10-06T15:20:19.936+0000] {processor.py:758} INFO - Processing file /home/airflow/.local/lib/python3.7/site-packages/airflow/example_dags/example_task_group_decorator.py for tasks to queue
[2022-10-06T15:20:19.982+0000] {logging_mixin.py:117} INFO - [2022-10-06T15:20:19.982+0000] {dagbag.py:525} INFO - Filling up the DagBag from /home/airflow/.local/lib/python3.7/site-packages/airflow/example_dags/example_task_group_decorator.py
[2022-10-06T15:20:21.188+0000] {processor.py:768} INFO - DAG(s) dict_keys(['example_task_group_decorator']) retrieved from /home/airflow/.local/lib/python3.7/site-packages/airflow/example_dags/example_task_group_decorator.py
[2022-10-06T15:20:22.207+0000] {logging_mixin.py:117} INFO - [2022-10-06T15:20:22.163+0000] {dag.py:2573} INFO - Sync 1 DAGs
[2022-10-06T15:20:22.704+0000] {logging_mixin.py:117} INFO - [2022-10-06T15:20:22.704+0000] {dag.py:3328} INFO - Setting next_dagrun for example_task_group_decorator to 2022-10-05T15:20:22.703541+00:00, run_after=2022-10-06T15:20:22.703541+00:00
[2022-10-06T15:20:23.025+0000] {processor.py:178} INFO - Processing /home/airflow/.local/lib/python3.7/site-packages/airflow/example_dags/example_task_group_decorator.py took 3.197 seconds
[2022-10-06T15:22:08.717+0000] {processor.py:156} INFO - Started process (PID=190) to work on /home/airflow/.local/lib/python3.7/site-packages/airflow/example_dags/example_task_group_decorator.py
[2022-10-06T15:22:08.722+0000] {processor.py:758} INFO - Processing file /home/airflow/.local/lib/python3.7/site-packages/airflow/example_dags/example_task_group_decorator.py for tasks to queue
[2022-10-06T15:22:08.732+0000] {logging_mixin.py:117} INFO - [2022-10-06T15:22:08.732+0000] {dagbag.py:525} INFO - Filling up the DagBag from /home/airflow/.local/lib/python3.7/site-packages/airflow/example_dags/example_task_group_decorator.py
[2022-10-06T15:22:09.121+0000] {processor.py:768} INFO - DAG(s) dict_keys(['example_task_group_decorator']) retrieved from /home/airflow/.local/lib/python3.7/site-packages/airflow/example_dags/example_task_group_decorator.py
[2022-10-06T15:22:09.543+0000] {logging_mixin.py:117} INFO - [2022-10-06T15:22:09.543+0000] {dag.py:2573} INFO - Sync 1 DAGs
[2022-10-06T15:22:12.562+0000] {logging_mixin.py:117} INFO - [2022-10-06T15:22:12.561+0000] {dag.py:3328} INFO - Setting next_dagrun for example_task_group_decorator to 2022-10-05T15:22:12.561211+00:00, run_after=2022-10-06T15:22:12.561211+00:00
[2022-10-06T15:22:15.691+0000] {processor.py:178} INFO - Processing /home/airflow/.local/lib/python3.7/site-packages/airflow/example_dags/example_task_group_decorator.py took 6.997 seconds
[2022-10-06T15:22:47.820+0000] {processor.py:156} INFO - Started process (PID=244) to work on /home/airflow/.local/lib/python3.7/site-packages/airflow/example_dags/example_task_group_decorator.py
[2022-10-06T15:22:47.824+0000] {processor.py:758} INFO - Processing file /home/airflow/.local/lib/python3.7/site-packages/airflow/example_dags/example_task_group_decorator.py for tasks to queue
[2022-10-06T15:22:47.826+0000] {logging_mixin.py:117} INFO - [2022-10-06T15:22:47.826+0000] {dagbag.py:525} INFO - Filling up the DagBag from /home/airflow/.local/lib/python3.7/site-packages/airflow/example_dags/example_task_group_decorator.py
[2022-10-06T15:22:47.951+0000] {processor.py:768} INFO - DAG(s) dict_keys(['example_task_group_decorator']) retrieved from /home/airflow/.local/lib/python3.7/site-packages/airflow/example_dags/example_task_group_decorator.py
[2022-10-06T15:22:48.096+0000] {logging_mixin.py:117} INFO - [2022-10-06T15:22:48.096+0000] {dag.py:2573} INFO - Sync 1 DAGs
[2022-10-06T15:22:48.159+0000] {logging_mixin.py:117} INFO - [2022-10-06T15:22:48.159+0000] {dag.py:3328} INFO - Setting next_dagrun for example_task_group_decorator to 2022-10-05T15:22:48.158732+00:00, run_after=2022-10-06T15:22:48.158732+00:00
[2022-10-06T15:22:48.553+0000] {processor.py:178} INFO - Processing /home/airflow/.local/lib/python3.7/site-packages/airflow/example_dags/example_task_group_decorator.py took 0.739 seconds
[2022-10-06T15:23:18.685+0000] {processor.py:156} INFO - Started process (PID=297) to work on /home/airflow/.local/lib/python3.7/site-packages/airflow/example_dags/example_task_group_decorator.py
[2022-10-06T15:23:18.687+0000] {processor.py:758} INFO - Processing file /home/airflow/.local/lib/python3.7/site-packages/airflow/example_dags/example_task_group_decorator.py for tasks to queue
[2022-10-06T15:23:18.688+0000] {logging_mixin.py:117} INFO - [2022-10-06T15:23:18.688+0000] {dagbag.py:525} INFO - Filling up the DagBag from /home/airflow/.local/lib/python3.7/site-packages/airflow/example_dags/example_task_group_decorator.py
[2022-10-06T15:23:18.777+0000] {processor.py:768} INFO - DAG(s) dict_keys(['example_task_group_decorator']) retrieved from /home/airflow/.local/lib/python3.7/site-packages/airflow/example_dags/example_task_group_decorator.py
[2022-10-06T15:23:18.884+0000] {logging_mixin.py:117} INFO - [2022-10-06T15:23:18.883+0000] {dag.py:2573} INFO - Sync 1 DAGs
[2022-10-06T15:23:18.945+0000] {logging_mixin.py:117} INFO - [2022-10-06T15:23:18.945+0000] {dag.py:3328} INFO - Setting next_dagrun for example_task_group_decorator to 2022-10-05T15:23:18.945068+00:00, run_after=2022-10-06T15:23:18.945068+00:00
[2022-10-06T15:23:19.007+0000] {processor.py:178} INFO - Processing /home/airflow/.local/lib/python3.7/site-packages/airflow/example_dags/example_task_group_decorator.py took 0.328 seconds
[2022-10-06T15:37:41.010+0000] {processor.py:156} INFO - Started process (PID=76) to work on /home/airflow/.local/lib/python3.7/site-packages/airflow/example_dags/example_task_group_decorator.py
[2022-10-06T15:37:41.020+0000] {processor.py:758} INFO - Processing file /home/airflow/.local/lib/python3.7/site-packages/airflow/example_dags/example_task_group_decorator.py for tasks to queue
[2022-10-06T15:37:41.022+0000] {logging_mixin.py:117} INFO - [2022-10-06T15:37:41.022+0000] {dagbag.py:525} INFO - Filling up the DagBag from /home/airflow/.local/lib/python3.7/site-packages/airflow/example_dags/example_task_group_decorator.py
[2022-10-06T15:37:41.161+0000] {processor.py:768} INFO - DAG(s) dict_keys(['example_task_group_decorator']) retrieved from /home/airflow/.local/lib/python3.7/site-packages/airflow/example_dags/example_task_group_decorator.py
[2022-10-06T15:37:42.383+0000] {logging_mixin.py:117} INFO - [2022-10-06T15:37:42.383+0000] {dag.py:2573} INFO - Sync 1 DAGs
[2022-10-06T15:37:42.529+0000] {logging_mixin.py:117} INFO - [2022-10-06T15:37:42.529+0000] {dag.py:3328} INFO - Setting next_dagrun for example_task_group_decorator to 2022-10-05T15:37:42.528737+00:00, run_after=2022-10-06T15:37:42.528737+00:00
[2022-10-06T15:37:42.690+0000] {processor.py:178} INFO - Processing /home/airflow/.local/lib/python3.7/site-packages/airflow/example_dags/example_task_group_decorator.py took 1.688 seconds
[2022-10-06T15:38:25.550+0000] {processor.py:156} INFO - Started process (PID=136) to work on /home/airflow/.local/lib/python3.7/site-packages/airflow/example_dags/example_task_group_decorator.py
[2022-10-06T15:38:25.557+0000] {processor.py:758} INFO - Processing file /home/airflow/.local/lib/python3.7/site-packages/airflow/example_dags/example_task_group_decorator.py for tasks to queue
[2022-10-06T15:38:25.581+0000] {logging_mixin.py:117} INFO - [2022-10-06T15:38:25.581+0000] {dagbag.py:525} INFO - Filling up the DagBag from /home/airflow/.local/lib/python3.7/site-packages/airflow/example_dags/example_task_group_decorator.py
[2022-10-06T15:38:26.808+0000] {processor.py:768} INFO - DAG(s) dict_keys(['example_task_group_decorator']) retrieved from /home/airflow/.local/lib/python3.7/site-packages/airflow/example_dags/example_task_group_decorator.py
[2022-10-06T15:38:27.431+0000] {logging_mixin.py:117} INFO - [2022-10-06T15:38:27.431+0000] {dag.py:2573} INFO - Sync 1 DAGs
[2022-10-06T15:38:27.531+0000] {logging_mixin.py:117} INFO - [2022-10-06T15:38:27.531+0000] {dag.py:3328} INFO - Setting next_dagrun for example_task_group_decorator to 2022-10-05T15:38:27.530843+00:00, run_after=2022-10-06T15:38:27.530843+00:00
[2022-10-06T15:38:27.653+0000] {processor.py:178} INFO - Processing /home/airflow/.local/lib/python3.7/site-packages/airflow/example_dags/example_task_group_decorator.py took 2.111 seconds
[2022-10-06T15:38:58.333+0000] {processor.py:156} INFO - Started process (PID=185) to work on /home/airflow/.local/lib/python3.7/site-packages/airflow/example_dags/example_task_group_decorator.py
[2022-10-06T15:38:58.350+0000] {processor.py:758} INFO - Processing file /home/airflow/.local/lib/python3.7/site-packages/airflow/example_dags/example_task_group_decorator.py for tasks to queue
[2022-10-06T15:38:58.363+0000] {logging_mixin.py:117} INFO - [2022-10-06T15:38:58.362+0000] {dagbag.py:525} INFO - Filling up the DagBag from /home/airflow/.local/lib/python3.7/site-packages/airflow/example_dags/example_task_group_decorator.py
[2022-10-06T15:38:59.030+0000] {processor.py:768} INFO - DAG(s) dict_keys(['example_task_group_decorator']) retrieved from /home/airflow/.local/lib/python3.7/site-packages/airflow/example_dags/example_task_group_decorator.py
[2022-10-06T15:38:59.184+0000] {logging_mixin.py:117} INFO - [2022-10-06T15:38:59.183+0000] {dag.py:2573} INFO - Sync 1 DAGs
[2022-10-06T15:38:59.317+0000] {logging_mixin.py:117} INFO - [2022-10-06T15:38:59.317+0000] {dag.py:3328} INFO - Setting next_dagrun for example_task_group_decorator to 2022-10-05T15:38:59.316545+00:00, run_after=2022-10-06T15:38:59.316545+00:00
[2022-10-06T15:38:59.427+0000] {processor.py:178} INFO - Processing /home/airflow/.local/lib/python3.7/site-packages/airflow/example_dags/example_task_group_decorator.py took 1.099 seconds
