[2022-10-06T15:17:52.789+0000] {processor.py:156} INFO - Started process (PID=56) to work on /home/airflow/.local/lib/python3.7/site-packages/airflow/example_dags/example_branch_labels.py
[2022-10-06T15:17:52.791+0000] {processor.py:758} INFO - Processing file /home/airflow/.local/lib/python3.7/site-packages/airflow/example_dags/example_branch_labels.py for tasks to queue
[2022-10-06T15:17:52.793+0000] {logging_mixin.py:117} INFO - [2022-10-06T15:17:52.793+0000] {dagbag.py:525} INFO - Filling up the DagBag from /home/airflow/.local/lib/python3.7/site-packages/airflow/example_dags/example_branch_labels.py
[2022-10-06T15:17:52.864+0000] {processor.py:768} INFO - DAG(s) dict_keys(['example_branch_labels']) retrieved from /home/airflow/.local/lib/python3.7/site-packages/airflow/example_dags/example_branch_labels.py
[2022-10-06T15:17:52.996+0000] {logging_mixin.py:117} INFO - [2022-10-06T15:17:52.996+0000] {dag.py:2573} INFO - Sync 1 DAGs
[2022-10-06T15:17:53.210+0000] {logging_mixin.py:117} INFO - [2022-10-06T15:17:53.209+0000] {dag.py:3328} INFO - Setting next_dagrun for example_branch_labels to 2022-10-05T00:00:00+00:00, run_after=2022-10-06T00:00:00+00:00
[2022-10-06T15:17:53.388+0000] {processor.py:178} INFO - Processing /home/airflow/.local/lib/python3.7/site-packages/airflow/example_dags/example_branch_labels.py took 0.606 seconds
[2022-10-06T15:21:28.355+0000] {processor.py:156} INFO - Started process (PID=148) to work on /home/airflow/.local/lib/python3.7/site-packages/airflow/example_dags/example_branch_labels.py
[2022-10-06T15:21:28.390+0000] {processor.py:758} INFO - Processing file /home/airflow/.local/lib/python3.7/site-packages/airflow/example_dags/example_branch_labels.py for tasks to queue
[2022-10-06T15:21:28.392+0000] {logging_mixin.py:117} INFO - [2022-10-06T15:21:28.391+0000] {dagbag.py:525} INFO - Filling up the DagBag from /home/airflow/.local/lib/python3.7/site-packages/airflow/example_dags/example_branch_labels.py
[2022-10-06T15:21:28.532+0000] {processor.py:768} INFO - DAG(s) dict_keys(['example_branch_labels']) retrieved from /home/airflow/.local/lib/python3.7/site-packages/airflow/example_dags/example_branch_labels.py
[2022-10-06T15:21:28.764+0000] {logging_mixin.py:117} INFO - [2022-10-06T15:21:28.761+0000] {dag.py:2573} INFO - Sync 1 DAGs
[2022-10-06T15:21:28.960+0000] {logging_mixin.py:117} INFO - [2022-10-06T15:21:28.960+0000] {dag.py:3328} INFO - Setting next_dagrun for example_branch_labels to 2022-10-05T00:00:00+00:00, run_after=2022-10-06T00:00:00+00:00
[2022-10-06T15:21:30.170+0000] {processor.py:178} INFO - Processing /home/airflow/.local/lib/python3.7/site-packages/airflow/example_dags/example_branch_labels.py took 1.835 seconds
[2022-10-06T15:22:34.283+0000] {processor.py:156} INFO - Started process (PID=213) to work on /home/airflow/.local/lib/python3.7/site-packages/airflow/example_dags/example_branch_labels.py
[2022-10-06T15:22:34.894+0000] {processor.py:758} INFO - Processing file /home/airflow/.local/lib/python3.7/site-packages/airflow/example_dags/example_branch_labels.py for tasks to queue
[2022-10-06T15:22:34.915+0000] {logging_mixin.py:117} INFO - [2022-10-06T15:22:34.914+0000] {dagbag.py:525} INFO - Filling up the DagBag from /home/airflow/.local/lib/python3.7/site-packages/airflow/example_dags/example_branch_labels.py
[2022-10-06T15:22:35.266+0000] {processor.py:768} INFO - DAG(s) dict_keys(['example_branch_labels']) retrieved from /home/airflow/.local/lib/python3.7/site-packages/airflow/example_dags/example_branch_labels.py
[2022-10-06T15:22:35.564+0000] {logging_mixin.py:117} INFO - [2022-10-06T15:22:35.564+0000] {dag.py:2573} INFO - Sync 1 DAGs
[2022-10-06T15:22:35.808+0000] {logging_mixin.py:117} INFO - [2022-10-06T15:22:35.808+0000] {dag.py:3328} INFO - Setting next_dagrun for example_branch_labels to 2022-10-05T00:00:00+00:00, run_after=2022-10-06T00:00:00+00:00
[2022-10-06T15:22:36.079+0000] {processor.py:178} INFO - Processing /home/airflow/.local/lib/python3.7/site-packages/airflow/example_dags/example_branch_labels.py took 3.072 seconds
[2022-10-06T15:23:06.389+0000] {processor.py:156} INFO - Started process (PID=266) to work on /home/airflow/.local/lib/python3.7/site-packages/airflow/example_dags/example_branch_labels.py
[2022-10-06T15:23:06.391+0000] {processor.py:758} INFO - Processing file /home/airflow/.local/lib/python3.7/site-packages/airflow/example_dags/example_branch_labels.py for tasks to queue
[2022-10-06T15:23:06.393+0000] {logging_mixin.py:117} INFO - [2022-10-06T15:23:06.393+0000] {dagbag.py:525} INFO - Filling up the DagBag from /home/airflow/.local/lib/python3.7/site-packages/airflow/example_dags/example_branch_labels.py
[2022-10-06T15:23:06.424+0000] {processor.py:768} INFO - DAG(s) dict_keys(['example_branch_labels']) retrieved from /home/airflow/.local/lib/python3.7/site-packages/airflow/example_dags/example_branch_labels.py
[2022-10-06T15:23:06.516+0000] {logging_mixin.py:117} INFO - [2022-10-06T15:23:06.515+0000] {dag.py:2573} INFO - Sync 1 DAGs
[2022-10-06T15:23:06.569+0000] {logging_mixin.py:117} INFO - [2022-10-06T15:23:06.569+0000] {dag.py:3328} INFO - Setting next_dagrun for example_branch_labels to 2022-10-05T00:00:00+00:00, run_after=2022-10-06T00:00:00+00:00
[2022-10-06T15:23:06.804+0000] {processor.py:178} INFO - Processing /home/airflow/.local/lib/python3.7/site-packages/airflow/example_dags/example_branch_labels.py took 0.422 seconds
[2022-10-06T15:37:32.019+0000] {processor.py:156} INFO - Started process (PID=56) to work on /home/airflow/.local/lib/python3.7/site-packages/airflow/example_dags/example_branch_labels.py
[2022-10-06T15:37:32.023+0000] {processor.py:758} INFO - Processing file /home/airflow/.local/lib/python3.7/site-packages/airflow/example_dags/example_branch_labels.py for tasks to queue
[2022-10-06T15:37:32.030+0000] {logging_mixin.py:117} INFO - [2022-10-06T15:37:32.029+0000] {dagbag.py:525} INFO - Filling up the DagBag from /home/airflow/.local/lib/python3.7/site-packages/airflow/example_dags/example_branch_labels.py
[2022-10-06T15:37:32.116+0000] {processor.py:768} INFO - DAG(s) dict_keys(['example_branch_labels']) retrieved from /home/airflow/.local/lib/python3.7/site-packages/airflow/example_dags/example_branch_labels.py
[2022-10-06T15:37:32.486+0000] {logging_mixin.py:117} INFO - [2022-10-06T15:37:32.485+0000] {dag.py:2573} INFO - Sync 1 DAGs
[2022-10-06T15:37:32.588+0000] {logging_mixin.py:117} INFO - [2022-10-06T15:37:32.588+0000] {dag.py:3328} INFO - Setting next_dagrun for example_branch_labels to 2022-10-05T00:00:00+00:00, run_after=2022-10-06T00:00:00+00:00
[2022-10-06T15:37:32.636+0000] {processor.py:178} INFO - Processing /home/airflow/.local/lib/python3.7/site-packages/airflow/example_dags/example_branch_labels.py took 0.626 seconds
[2022-10-06T15:38:03.164+0000] {processor.py:156} INFO - Started process (PID=101) to work on /home/airflow/.local/lib/python3.7/site-packages/airflow/example_dags/example_branch_labels.py
[2022-10-06T15:38:03.181+0000] {processor.py:758} INFO - Processing file /home/airflow/.local/lib/python3.7/site-packages/airflow/example_dags/example_branch_labels.py for tasks to queue
[2022-10-06T15:38:03.186+0000] {logging_mixin.py:117} INFO - [2022-10-06T15:38:03.185+0000] {dagbag.py:525} INFO - Filling up the DagBag from /home/airflow/.local/lib/python3.7/site-packages/airflow/example_dags/example_branch_labels.py
[2022-10-06T15:38:03.289+0000] {processor.py:768} INFO - DAG(s) dict_keys(['example_branch_labels']) retrieved from /home/airflow/.local/lib/python3.7/site-packages/airflow/example_dags/example_branch_labels.py
[2022-10-06T15:38:04.381+0000] {logging_mixin.py:117} INFO - [2022-10-06T15:38:04.381+0000] {dag.py:2573} INFO - Sync 1 DAGs
[2022-10-06T15:38:04.587+0000] {logging_mixin.py:117} INFO - [2022-10-06T15:38:04.586+0000] {dag.py:3328} INFO - Setting next_dagrun for example_branch_labels to 2022-10-05T00:00:00+00:00, run_after=2022-10-06T00:00:00+00:00
[2022-10-06T15:38:04.683+0000] {processor.py:178} INFO - Processing /home/airflow/.local/lib/python3.7/site-packages/airflow/example_dags/example_branch_labels.py took 1.525 seconds
[2022-10-06T15:38:38.036+0000] {processor.py:156} INFO - Started process (PID=155) to work on /home/airflow/.local/lib/python3.7/site-packages/airflow/example_dags/example_branch_labels.py
[2022-10-06T15:38:38.038+0000] {processor.py:758} INFO - Processing file /home/airflow/.local/lib/python3.7/site-packages/airflow/example_dags/example_branch_labels.py for tasks to queue
[2022-10-06T15:38:38.040+0000] {logging_mixin.py:117} INFO - [2022-10-06T15:38:38.039+0000] {dagbag.py:525} INFO - Filling up the DagBag from /home/airflow/.local/lib/python3.7/site-packages/airflow/example_dags/example_branch_labels.py
[2022-10-06T15:38:38.309+0000] {processor.py:768} INFO - DAG(s) dict_keys(['example_branch_labels']) retrieved from /home/airflow/.local/lib/python3.7/site-packages/airflow/example_dags/example_branch_labels.py
[2022-10-06T15:38:38.391+0000] {logging_mixin.py:117} INFO - [2022-10-06T15:38:38.390+0000] {dag.py:2573} INFO - Sync 1 DAGs
[2022-10-06T15:38:38.475+0000] {logging_mixin.py:117} INFO - [2022-10-06T15:38:38.475+0000] {dag.py:3328} INFO - Setting next_dagrun for example_branch_labels to 2022-10-05T00:00:00+00:00, run_after=2022-10-06T00:00:00+00:00
[2022-10-06T15:38:38.528+0000] {processor.py:178} INFO - Processing /home/airflow/.local/lib/python3.7/site-packages/airflow/example_dags/example_branch_labels.py took 0.498 seconds
[2022-10-06T15:39:09.033+0000] {processor.py:156} INFO - Started process (PID=206) to work on /home/airflow/.local/lib/python3.7/site-packages/airflow/example_dags/example_branch_labels.py
[2022-10-06T15:39:09.046+0000] {processor.py:758} INFO - Processing file /home/airflow/.local/lib/python3.7/site-packages/airflow/example_dags/example_branch_labels.py for tasks to queue
[2022-10-06T15:39:09.048+0000] {logging_mixin.py:117} INFO - [2022-10-06T15:39:09.048+0000] {dagbag.py:525} INFO - Filling up the DagBag from /home/airflow/.local/lib/python3.7/site-packages/airflow/example_dags/example_branch_labels.py
[2022-10-06T15:39:09.107+0000] {processor.py:768} INFO - DAG(s) dict_keys(['example_branch_labels']) retrieved from /home/airflow/.local/lib/python3.7/site-packages/airflow/example_dags/example_branch_labels.py
[2022-10-06T15:39:09.278+0000] {logging_mixin.py:117} INFO - [2022-10-06T15:39:09.278+0000] {dag.py:2573} INFO - Sync 1 DAGs
[2022-10-06T15:39:09.464+0000] {logging_mixin.py:117} INFO - [2022-10-06T15:39:09.464+0000] {dag.py:3328} INFO - Setting next_dagrun for example_branch_labels to 2022-10-05T00:00:00+00:00, run_after=2022-10-06T00:00:00+00:00
[2022-10-06T15:39:09.566+0000] {processor.py:178} INFO - Processing /home/airflow/.local/lib/python3.7/site-packages/airflow/example_dags/example_branch_labels.py took 0.547 seconds
