[2022-10-06T15:19:08.324+0000] {processor.py:156} INFO - Started process (PID=104) to work on /home/airflow/.local/lib/python3.7/site-packages/airflow/example_dags/example_sla_dag.py
[2022-10-06T15:19:08.333+0000] {processor.py:758} INFO - Processing file /home/airflow/.local/lib/python3.7/site-packages/airflow/example_dags/example_sla_dag.py for tasks to queue
[2022-10-06T15:19:08.335+0000] {logging_mixin.py:117} INFO - [2022-10-06T15:19:08.335+0000] {dagbag.py:525} INFO - Filling up the DagBag from /home/airflow/.local/lib/python3.7/site-packages/airflow/example_dags/example_sla_dag.py
[2022-10-06T15:19:08.754+0000] {processor.py:768} INFO - DAG(s) dict_keys(['example_sla_dag']) retrieved from /home/airflow/.local/lib/python3.7/site-packages/airflow/example_dags/example_sla_dag.py
[2022-10-06T15:19:11.364+0000] {logging_mixin.py:117} INFO - [2022-10-06T15:19:11.363+0000] {dag.py:2573} INFO - Sync 1 DAGs
[2022-10-06T15:19:11.935+0000] {logging_mixin.py:117} INFO - [2022-10-06T15:19:11.935+0000] {dag.py:3328} INFO - Setting next_dagrun for example_sla_dag to 2022-10-06T15:16:00+00:00, run_after=2022-10-06T15:18:00+00:00
[2022-10-06T15:19:12.379+0000] {processor.py:178} INFO - Processing /home/airflow/.local/lib/python3.7/site-packages/airflow/example_dags/example_sla_dag.py took 4.103 seconds
[2022-10-06T15:21:46.128+0000] {processor.py:156} INFO - Started process (PID=171) to work on /home/airflow/.local/lib/python3.7/site-packages/airflow/example_dags/example_sla_dag.py
[2022-10-06T15:21:46.147+0000] {processor.py:758} INFO - Processing file /home/airflow/.local/lib/python3.7/site-packages/airflow/example_dags/example_sla_dag.py for tasks to queue
[2022-10-06T15:21:46.153+0000] {logging_mixin.py:117} INFO - [2022-10-06T15:21:46.149+0000] {dagbag.py:525} INFO - Filling up the DagBag from /home/airflow/.local/lib/python3.7/site-packages/airflow/example_dags/example_sla_dag.py
[2022-10-06T15:21:46.331+0000] {processor.py:768} INFO - DAG(s) dict_keys(['example_sla_dag']) retrieved from /home/airflow/.local/lib/python3.7/site-packages/airflow/example_dags/example_sla_dag.py
[2022-10-06T15:21:46.565+0000] {logging_mixin.py:117} INFO - [2022-10-06T15:21:46.560+0000] {dag.py:2573} INFO - Sync 1 DAGs
[2022-10-06T15:21:46.842+0000] {logging_mixin.py:117} INFO - [2022-10-06T15:21:46.841+0000] {dag.py:3328} INFO - Setting next_dagrun for example_sla_dag to 2022-10-06T15:18:00+00:00, run_after=2022-10-06T15:20:00+00:00
[2022-10-06T15:21:54.814+0000] {processor.py:178} INFO - Processing /home/airflow/.local/lib/python3.7/site-packages/airflow/example_dags/example_sla_dag.py took 8.693 seconds
[2022-10-06T15:22:40.834+0000] {processor.py:156} INFO - Started process (PID=227) to work on /home/airflow/.local/lib/python3.7/site-packages/airflow/example_dags/example_sla_dag.py
[2022-10-06T15:22:40.841+0000] {processor.py:758} INFO - Processing file /home/airflow/.local/lib/python3.7/site-packages/airflow/example_dags/example_sla_dag.py for tasks to queue
[2022-10-06T15:22:40.845+0000] {logging_mixin.py:117} INFO - [2022-10-06T15:22:40.844+0000] {dagbag.py:525} INFO - Filling up the DagBag from /home/airflow/.local/lib/python3.7/site-packages/airflow/example_dags/example_sla_dag.py
[2022-10-06T15:22:40.931+0000] {processor.py:768} INFO - DAG(s) dict_keys(['example_sla_dag']) retrieved from /home/airflow/.local/lib/python3.7/site-packages/airflow/example_dags/example_sla_dag.py
[2022-10-06T15:22:41.106+0000] {logging_mixin.py:117} INFO - [2022-10-06T15:22:41.106+0000] {dag.py:2573} INFO - Sync 1 DAGs
[2022-10-06T15:22:41.195+0000] {logging_mixin.py:117} INFO - [2022-10-06T15:22:41.194+0000] {dag.py:3328} INFO - Setting next_dagrun for example_sla_dag to 2022-10-06T15:20:00+00:00, run_after=2022-10-06T15:22:00+00:00
[2022-10-06T15:22:41.435+0000] {processor.py:178} INFO - Processing /home/airflow/.local/lib/python3.7/site-packages/airflow/example_dags/example_sla_dag.py took 0.610 seconds
[2022-10-06T15:23:11.892+0000] {processor.py:156} INFO - Started process (PID=289) to work on /home/airflow/.local/lib/python3.7/site-packages/airflow/example_dags/example_sla_dag.py
[2022-10-06T15:23:11.894+0000] {processor.py:758} INFO - Processing file /home/airflow/.local/lib/python3.7/site-packages/airflow/example_dags/example_sla_dag.py for tasks to queue
[2022-10-06T15:23:11.896+0000] {logging_mixin.py:117} INFO - [2022-10-06T15:23:11.896+0000] {dagbag.py:525} INFO - Filling up the DagBag from /home/airflow/.local/lib/python3.7/site-packages/airflow/example_dags/example_sla_dag.py
[2022-10-06T15:23:11.957+0000] {processor.py:768} INFO - DAG(s) dict_keys(['example_sla_dag']) retrieved from /home/airflow/.local/lib/python3.7/site-packages/airflow/example_dags/example_sla_dag.py
[2022-10-06T15:23:12.049+0000] {logging_mixin.py:117} INFO - [2022-10-06T15:23:12.048+0000] {dag.py:2573} INFO - Sync 1 DAGs
[2022-10-06T15:23:12.135+0000] {logging_mixin.py:117} INFO - [2022-10-06T15:23:12.134+0000] {dag.py:3328} INFO - Setting next_dagrun for example_sla_dag to 2022-10-06T15:20:00+00:00, run_after=2022-10-06T15:22:00+00:00
[2022-10-06T15:23:12.214+0000] {processor.py:178} INFO - Processing /home/airflow/.local/lib/python3.7/site-packages/airflow/example_dags/example_sla_dag.py took 0.329 seconds
[2022-10-06T15:37:38.673+0000] {processor.py:156} INFO - Started process (PID=70) to work on /home/airflow/.local/lib/python3.7/site-packages/airflow/example_dags/example_sla_dag.py
[2022-10-06T15:37:38.676+0000] {processor.py:758} INFO - Processing file /home/airflow/.local/lib/python3.7/site-packages/airflow/example_dags/example_sla_dag.py for tasks to queue
[2022-10-06T15:37:38.678+0000] {logging_mixin.py:117} INFO - [2022-10-06T15:37:38.677+0000] {dagbag.py:525} INFO - Filling up the DagBag from /home/airflow/.local/lib/python3.7/site-packages/airflow/example_dags/example_sla_dag.py
[2022-10-06T15:37:38.734+0000] {processor.py:768} INFO - DAG(s) dict_keys(['example_sla_dag']) retrieved from /home/airflow/.local/lib/python3.7/site-packages/airflow/example_dags/example_sla_dag.py
[2022-10-06T15:37:39.153+0000] {logging_mixin.py:117} INFO - [2022-10-06T15:37:39.153+0000] {dag.py:2573} INFO - Sync 1 DAGs
[2022-10-06T15:37:39.255+0000] {logging_mixin.py:117} INFO - [2022-10-06T15:37:39.255+0000] {dag.py:3328} INFO - Setting next_dagrun for example_sla_dag to 2022-10-06T15:34:00+00:00, run_after=2022-10-06T15:36:00+00:00
[2022-10-06T15:37:39.313+0000] {processor.py:178} INFO - Processing /home/airflow/.local/lib/python3.7/site-packages/airflow/example_dags/example_sla_dag.py took 0.647 seconds
[2022-10-06T15:38:20.453+0000] {processor.py:156} INFO - Started process (PID=124) to work on /home/airflow/.local/lib/python3.7/site-packages/airflow/example_dags/example_sla_dag.py
[2022-10-06T15:38:20.503+0000] {processor.py:758} INFO - Processing file /home/airflow/.local/lib/python3.7/site-packages/airflow/example_dags/example_sla_dag.py for tasks to queue
[2022-10-06T15:38:20.521+0000] {logging_mixin.py:117} INFO - [2022-10-06T15:38:20.521+0000] {dagbag.py:525} INFO - Filling up the DagBag from /home/airflow/.local/lib/python3.7/site-packages/airflow/example_dags/example_sla_dag.py
[2022-10-06T15:38:21.309+0000] {processor.py:768} INFO - DAG(s) dict_keys(['example_sla_dag']) retrieved from /home/airflow/.local/lib/python3.7/site-packages/airflow/example_dags/example_sla_dag.py
[2022-10-06T15:38:21.491+0000] {logging_mixin.py:117} INFO - [2022-10-06T15:38:21.491+0000] {dag.py:2573} INFO - Sync 1 DAGs
[2022-10-06T15:38:21.642+0000] {logging_mixin.py:117} INFO - [2022-10-06T15:38:21.641+0000] {dag.py:3328} INFO - Setting next_dagrun for example_sla_dag to 2022-10-06T15:36:00+00:00, run_after=2022-10-06T15:38:00+00:00
[2022-10-06T15:38:21.874+0000] {processor.py:178} INFO - Processing /home/airflow/.local/lib/python3.7/site-packages/airflow/example_dags/example_sla_dag.py took 1.462 seconds
[2022-10-06T15:38:53.025+0000] {processor.py:156} INFO - Started process (PID=179) to work on /home/airflow/.local/lib/python3.7/site-packages/airflow/example_dags/example_sla_dag.py
[2022-10-06T15:38:53.027+0000] {processor.py:758} INFO - Processing file /home/airflow/.local/lib/python3.7/site-packages/airflow/example_dags/example_sla_dag.py for tasks to queue
[2022-10-06T15:38:53.029+0000] {logging_mixin.py:117} INFO - [2022-10-06T15:38:53.029+0000] {dagbag.py:525} INFO - Filling up the DagBag from /home/airflow/.local/lib/python3.7/site-packages/airflow/example_dags/example_sla_dag.py
[2022-10-06T15:38:53.370+0000] {processor.py:768} INFO - DAG(s) dict_keys(['example_sla_dag']) retrieved from /home/airflow/.local/lib/python3.7/site-packages/airflow/example_dags/example_sla_dag.py
[2022-10-06T15:38:53.528+0000] {logging_mixin.py:117} INFO - [2022-10-06T15:38:53.527+0000] {dag.py:2573} INFO - Sync 1 DAGs
[2022-10-06T15:38:53.662+0000] {logging_mixin.py:117} INFO - [2022-10-06T15:38:53.660+0000] {dag.py:3328} INFO - Setting next_dagrun for example_sla_dag to 2022-10-06T15:36:00+00:00, run_after=2022-10-06T15:38:00+00:00
[2022-10-06T15:38:53.711+0000] {processor.py:178} INFO - Processing /home/airflow/.local/lib/python3.7/site-packages/airflow/example_dags/example_sla_dag.py took 0.694 seconds
