[2022-10-06T15:18:05.026+0000] {processor.py:156} INFO - Started process (PID=70) to work on /home/airflow/.local/lib/python3.7/site-packages/airflow/example_dags/example_skip_dag.py
[2022-10-06T15:18:05.797+0000] {processor.py:758} INFO - Processing file /home/airflow/.local/lib/python3.7/site-packages/airflow/example_dags/example_skip_dag.py for tasks to queue
[2022-10-06T15:18:05.799+0000] {logging_mixin.py:117} INFO - [2022-10-06T15:18:05.798+0000] {dagbag.py:525} INFO - Filling up the DagBag from /home/airflow/.local/lib/python3.7/site-packages/airflow/example_dags/example_skip_dag.py
[2022-10-06T15:18:08.954+0000] {processor.py:768} INFO - DAG(s) dict_keys(['example_skip_dag']) retrieved from /home/airflow/.local/lib/python3.7/site-packages/airflow/example_dags/example_skip_dag.py
[2022-10-06T15:18:15.232+0000] {logging_mixin.py:117} INFO - [2022-10-06T15:18:15.232+0000] {dag.py:2573} INFO - Sync 1 DAGs
[2022-10-06T15:18:17.105+0000] {logging_mixin.py:117} INFO - [2022-10-06T15:18:17.105+0000] {dag.py:3328} INFO - Setting next_dagrun for example_skip_dag to 2022-10-05T15:18:16.969647+00:00, run_after=2022-10-06T15:18:16.969647+00:00
[2022-10-06T15:18:19.773+0000] {processor.py:178} INFO - Processing /home/airflow/.local/lib/python3.7/site-packages/airflow/example_dags/example_skip_dag.py took 17.502 seconds
[2022-10-06T15:21:40.398+0000] {processor.py:156} INFO - Started process (PID=163) to work on /home/airflow/.local/lib/python3.7/site-packages/airflow/example_dags/example_skip_dag.py
[2022-10-06T15:21:40.424+0000] {processor.py:758} INFO - Processing file /home/airflow/.local/lib/python3.7/site-packages/airflow/example_dags/example_skip_dag.py for tasks to queue
[2022-10-06T15:21:40.427+0000] {logging_mixin.py:117} INFO - [2022-10-06T15:21:40.426+0000] {dagbag.py:525} INFO - Filling up the DagBag from /home/airflow/.local/lib/python3.7/site-packages/airflow/example_dags/example_skip_dag.py
[2022-10-06T15:21:40.597+0000] {processor.py:768} INFO - DAG(s) dict_keys(['example_skip_dag']) retrieved from /home/airflow/.local/lib/python3.7/site-packages/airflow/example_dags/example_skip_dag.py
[2022-10-06T15:21:41.941+0000] {logging_mixin.py:117} INFO - [2022-10-06T15:21:41.941+0000] {dag.py:2573} INFO - Sync 1 DAGs
[2022-10-06T15:21:42.196+0000] {logging_mixin.py:117} INFO - [2022-10-06T15:21:42.195+0000] {dag.py:3328} INFO - Setting next_dagrun for example_skip_dag to 2022-10-05T15:21:42.194920+00:00, run_after=2022-10-06T15:21:42.194920+00:00
[2022-10-06T15:21:42.352+0000] {processor.py:178} INFO - Processing /home/airflow/.local/lib/python3.7/site-packages/airflow/example_dags/example_skip_dag.py took 1.962 seconds
[2022-10-06T15:22:38.528+0000] {processor.py:156} INFO - Started process (PID=219) to work on /home/airflow/.local/lib/python3.7/site-packages/airflow/example_dags/example_skip_dag.py
[2022-10-06T15:22:38.533+0000] {processor.py:758} INFO - Processing file /home/airflow/.local/lib/python3.7/site-packages/airflow/example_dags/example_skip_dag.py for tasks to queue
[2022-10-06T15:22:38.537+0000] {logging_mixin.py:117} INFO - [2022-10-06T15:22:38.536+0000] {dagbag.py:525} INFO - Filling up the DagBag from /home/airflow/.local/lib/python3.7/site-packages/airflow/example_dags/example_skip_dag.py
[2022-10-06T15:22:38.642+0000] {processor.py:768} INFO - DAG(s) dict_keys(['example_skip_dag']) retrieved from /home/airflow/.local/lib/python3.7/site-packages/airflow/example_dags/example_skip_dag.py
[2022-10-06T15:22:38.889+0000] {logging_mixin.py:117} INFO - [2022-10-06T15:22:38.889+0000] {dag.py:2573} INFO - Sync 1 DAGs
[2022-10-06T15:22:39.040+0000] {logging_mixin.py:117} INFO - [2022-10-06T15:22:39.040+0000] {dag.py:3328} INFO - Setting next_dagrun for example_skip_dag to 2022-10-05T15:22:39.039517+00:00, run_after=2022-10-06T15:22:39.039517+00:00
[2022-10-06T15:22:39.144+0000] {processor.py:178} INFO - Processing /home/airflow/.local/lib/python3.7/site-packages/airflow/example_dags/example_skip_dag.py took 0.644 seconds
[2022-10-06T15:23:09.991+0000] {processor.py:156} INFO - Started process (PID=281) to work on /home/airflow/.local/lib/python3.7/site-packages/airflow/example_dags/example_skip_dag.py
[2022-10-06T15:23:10.006+0000] {processor.py:758} INFO - Processing file /home/airflow/.local/lib/python3.7/site-packages/airflow/example_dags/example_skip_dag.py for tasks to queue
[2022-10-06T15:23:10.008+0000] {logging_mixin.py:117} INFO - [2022-10-06T15:23:10.008+0000] {dagbag.py:525} INFO - Filling up the DagBag from /home/airflow/.local/lib/python3.7/site-packages/airflow/example_dags/example_skip_dag.py
[2022-10-06T15:23:10.047+0000] {processor.py:768} INFO - DAG(s) dict_keys(['example_skip_dag']) retrieved from /home/airflow/.local/lib/python3.7/site-packages/airflow/example_dags/example_skip_dag.py
[2022-10-06T15:23:10.133+0000] {logging_mixin.py:117} INFO - [2022-10-06T15:23:10.132+0000] {dag.py:2573} INFO - Sync 1 DAGs
[2022-10-06T15:23:10.189+0000] {logging_mixin.py:117} INFO - [2022-10-06T15:23:10.188+0000] {dag.py:3328} INFO - Setting next_dagrun for example_skip_dag to 2022-10-05T15:23:10.188439+00:00, run_after=2022-10-06T15:23:10.188439+00:00
[2022-10-06T15:23:10.242+0000] {processor.py:178} INFO - Processing /home/airflow/.local/lib/python3.7/site-packages/airflow/example_dags/example_skip_dag.py took 0.265 seconds
[2022-10-06T15:37:35.339+0000] {processor.py:156} INFO - Started process (PID=62) to work on /home/airflow/.local/lib/python3.7/site-packages/airflow/example_dags/example_skip_dag.py
[2022-10-06T15:37:35.341+0000] {processor.py:758} INFO - Processing file /home/airflow/.local/lib/python3.7/site-packages/airflow/example_dags/example_skip_dag.py for tasks to queue
[2022-10-06T15:37:35.344+0000] {logging_mixin.py:117} INFO - [2022-10-06T15:37:35.342+0000] {dagbag.py:525} INFO - Filling up the DagBag from /home/airflow/.local/lib/python3.7/site-packages/airflow/example_dags/example_skip_dag.py
[2022-10-06T15:37:35.393+0000] {processor.py:768} INFO - DAG(s) dict_keys(['example_skip_dag']) retrieved from /home/airflow/.local/lib/python3.7/site-packages/airflow/example_dags/example_skip_dag.py
[2022-10-06T15:37:35.823+0000] {logging_mixin.py:117} INFO - [2022-10-06T15:37:35.823+0000] {dag.py:2573} INFO - Sync 1 DAGs
[2022-10-06T15:37:35.923+0000] {logging_mixin.py:117} INFO - [2022-10-06T15:37:35.923+0000] {dag.py:3328} INFO - Setting next_dagrun for example_skip_dag to 2022-10-05T15:37:35.923094+00:00, run_after=2022-10-06T15:37:35.923094+00:00
[2022-10-06T15:37:35.983+0000] {processor.py:178} INFO - Processing /home/airflow/.local/lib/python3.7/site-packages/airflow/example_dags/example_skip_dag.py took 0.654 seconds
[2022-10-06T15:38:10.615+0000] {processor.py:156} INFO - Started process (PID=116) to work on /home/airflow/.local/lib/python3.7/site-packages/airflow/example_dags/example_skip_dag.py
[2022-10-06T15:38:10.627+0000] {processor.py:758} INFO - Processing file /home/airflow/.local/lib/python3.7/site-packages/airflow/example_dags/example_skip_dag.py for tasks to queue
[2022-10-06T15:38:10.629+0000] {logging_mixin.py:117} INFO - [2022-10-06T15:38:10.628+0000] {dagbag.py:525} INFO - Filling up the DagBag from /home/airflow/.local/lib/python3.7/site-packages/airflow/example_dags/example_skip_dag.py
[2022-10-06T15:38:10.754+0000] {processor.py:768} INFO - DAG(s) dict_keys(['example_skip_dag']) retrieved from /home/airflow/.local/lib/python3.7/site-packages/airflow/example_dags/example_skip_dag.py
[2022-10-06T15:38:12.471+0000] {logging_mixin.py:117} INFO - [2022-10-06T15:38:12.471+0000] {dag.py:2573} INFO - Sync 1 DAGs
[2022-10-06T15:38:12.889+0000] {logging_mixin.py:117} INFO - [2022-10-06T15:38:12.888+0000] {dag.py:3328} INFO - Setting next_dagrun for example_skip_dag to 2022-10-05T15:38:12.887729+00:00, run_after=2022-10-06T15:38:12.887729+00:00
[2022-10-06T15:38:13.021+0000] {processor.py:178} INFO - Processing /home/airflow/.local/lib/python3.7/site-packages/airflow/example_dags/example_skip_dag.py took 2.440 seconds
[2022-10-06T15:38:43.338+0000] {processor.py:156} INFO - Started process (PID=161) to work on /home/airflow/.local/lib/python3.7/site-packages/airflow/example_dags/example_skip_dag.py
[2022-10-06T15:38:43.354+0000] {processor.py:758} INFO - Processing file /home/airflow/.local/lib/python3.7/site-packages/airflow/example_dags/example_skip_dag.py for tasks to queue
[2022-10-06T15:38:43.357+0000] {logging_mixin.py:117} INFO - [2022-10-06T15:38:43.356+0000] {dagbag.py:525} INFO - Filling up the DagBag from /home/airflow/.local/lib/python3.7/site-packages/airflow/example_dags/example_skip_dag.py
[2022-10-06T15:38:43.849+0000] {processor.py:768} INFO - DAG(s) dict_keys(['example_skip_dag']) retrieved from /home/airflow/.local/lib/python3.7/site-packages/airflow/example_dags/example_skip_dag.py
[2022-10-06T15:38:44.003+0000] {logging_mixin.py:117} INFO - [2022-10-06T15:38:44.003+0000] {dag.py:2573} INFO - Sync 1 DAGs
[2022-10-06T15:38:44.083+0000] {logging_mixin.py:117} INFO - [2022-10-06T15:38:44.083+0000] {dag.py:3328} INFO - Setting next_dagrun for example_skip_dag to 2022-10-05T15:38:44.083043+00:00, run_after=2022-10-06T15:38:44.083043+00:00
[2022-10-06T15:38:44.136+0000] {processor.py:178} INFO - Processing /home/airflow/.local/lib/python3.7/site-packages/airflow/example_dags/example_skip_dag.py took 0.861 seconds
