[2022-10-06T15:17:51.206+0000] {processor.py:156} INFO - Started process (PID=52) to work on /home/airflow/.local/lib/python3.7/site-packages/airflow/example_dags/example_short_circuit_operator.py
[2022-10-06T15:17:51.208+0000] {processor.py:758} INFO - Processing file /home/airflow/.local/lib/python3.7/site-packages/airflow/example_dags/example_short_circuit_operator.py for tasks to queue
[2022-10-06T15:17:51.211+0000] {logging_mixin.py:117} INFO - [2022-10-06T15:17:51.211+0000] {dagbag.py:525} INFO - Filling up the DagBag from /home/airflow/.local/lib/python3.7/site-packages/airflow/example_dags/example_short_circuit_operator.py
[2022-10-06T15:17:51.319+0000] {processor.py:768} INFO - DAG(s) dict_keys(['example_short_circuit_operator']) retrieved from /home/airflow/.local/lib/python3.7/site-packages/airflow/example_dags/example_short_circuit_operator.py
[2022-10-06T15:17:51.464+0000] {logging_mixin.py:117} INFO - [2022-10-06T15:17:51.463+0000] {dag.py:2573} INFO - Sync 1 DAGs
[2022-10-06T15:17:51.557+0000] {logging_mixin.py:117} INFO - [2022-10-06T15:17:51.556+0000] {dag.py:3328} INFO - Setting next_dagrun for example_short_circuit_operator to 2022-10-05T15:17:51.556162+00:00, run_after=2022-10-06T15:17:51.556162+00:00
[2022-10-06T15:17:51.651+0000] {processor.py:178} INFO - Processing /home/airflow/.local/lib/python3.7/site-packages/airflow/example_dags/example_short_circuit_operator.py took 0.453 seconds
[2022-10-06T15:20:38.437+0000] {processor.py:156} INFO - Started process (PID=142) to work on /home/airflow/.local/lib/python3.7/site-packages/airflow/example_dags/example_short_circuit_operator.py
[2022-10-06T15:20:38.447+0000] {processor.py:758} INFO - Processing file /home/airflow/.local/lib/python3.7/site-packages/airflow/example_dags/example_short_circuit_operator.py for tasks to queue
[2022-10-06T15:20:38.462+0000] {logging_mixin.py:117} INFO - [2022-10-06T15:20:38.462+0000] {dagbag.py:525} INFO - Filling up the DagBag from /home/airflow/.local/lib/python3.7/site-packages/airflow/example_dags/example_short_circuit_operator.py
[2022-10-06T15:20:38.645+0000] {processor.py:768} INFO - DAG(s) dict_keys(['example_short_circuit_operator']) retrieved from /home/airflow/.local/lib/python3.7/site-packages/airflow/example_dags/example_short_circuit_operator.py
[2022-10-06T15:21:16.355+0000] {logging_mixin.py:117} INFO - [2022-10-06T15:21:16.352+0000] {dag.py:2573} INFO - Sync 1 DAGs
[2022-10-06T15:21:20.849+0000] {logging_mixin.py:117} INFO - [2022-10-06T15:21:20.846+0000] {dag.py:3328} INFO - Setting next_dagrun for example_short_circuit_operator to 2022-10-05T15:21:20.843560+00:00, run_after=2022-10-06T15:21:20.843560+00:00
[2022-10-06T15:21:21.439+0000] {processor.py:178} INFO - Processing /home/airflow/.local/lib/python3.7/site-packages/airflow/example_dags/example_short_circuit_operator.py took 42.719 seconds
[2022-10-06T15:22:05.131+0000] {processor.py:156} INFO - Started process (PID=186) to work on /home/airflow/.local/lib/python3.7/site-packages/airflow/example_dags/example_short_circuit_operator.py
[2022-10-06T15:22:05.138+0000] {processor.py:758} INFO - Processing file /home/airflow/.local/lib/python3.7/site-packages/airflow/example_dags/example_short_circuit_operator.py for tasks to queue
[2022-10-06T15:22:05.145+0000] {logging_mixin.py:117} INFO - [2022-10-06T15:22:05.144+0000] {dagbag.py:525} INFO - Filling up the DagBag from /home/airflow/.local/lib/python3.7/site-packages/airflow/example_dags/example_short_circuit_operator.py
[2022-10-06T15:22:05.240+0000] {processor.py:768} INFO - DAG(s) dict_keys(['example_short_circuit_operator']) retrieved from /home/airflow/.local/lib/python3.7/site-packages/airflow/example_dags/example_short_circuit_operator.py
[2022-10-06T15:22:05.481+0000] {logging_mixin.py:117} INFO - [2022-10-06T15:22:05.479+0000] {dag.py:2573} INFO - Sync 1 DAGs
[2022-10-06T15:22:05.565+0000] {logging_mixin.py:117} INFO - [2022-10-06T15:22:05.565+0000] {dag.py:3328} INFO - Setting next_dagrun for example_short_circuit_operator to 2022-10-05T15:22:05.564975+00:00, run_after=2022-10-06T15:22:05.564975+00:00
[2022-10-06T15:22:06.144+0000] {processor.py:178} INFO - Processing /home/airflow/.local/lib/python3.7/site-packages/airflow/example_dags/example_short_circuit_operator.py took 1.020 seconds
[2022-10-06T15:22:42.153+0000] {processor.py:156} INFO - Started process (PID=237) to work on /home/airflow/.local/lib/python3.7/site-packages/airflow/example_dags/example_short_circuit_operator.py
[2022-10-06T15:22:42.156+0000] {processor.py:758} INFO - Processing file /home/airflow/.local/lib/python3.7/site-packages/airflow/example_dags/example_short_circuit_operator.py for tasks to queue
[2022-10-06T15:22:42.159+0000] {logging_mixin.py:117} INFO - [2022-10-06T15:22:42.159+0000] {dagbag.py:525} INFO - Filling up the DagBag from /home/airflow/.local/lib/python3.7/site-packages/airflow/example_dags/example_short_circuit_operator.py
[2022-10-06T15:22:42.207+0000] {processor.py:768} INFO - DAG(s) dict_keys(['example_short_circuit_operator']) retrieved from /home/airflow/.local/lib/python3.7/site-packages/airflow/example_dags/example_short_circuit_operator.py
[2022-10-06T15:22:42.333+0000] {logging_mixin.py:117} INFO - [2022-10-06T15:22:42.332+0000] {dag.py:2573} INFO - Sync 1 DAGs
[2022-10-06T15:22:42.412+0000] {logging_mixin.py:117} INFO - [2022-10-06T15:22:42.411+0000] {dag.py:3328} INFO - Setting next_dagrun for example_short_circuit_operator to 2022-10-05T15:22:42.411433+00:00, run_after=2022-10-06T15:22:42.411433+00:00
[2022-10-06T15:22:42.483+0000] {processor.py:178} INFO - Processing /home/airflow/.local/lib/python3.7/site-packages/airflow/example_dags/example_short_circuit_operator.py took 0.338 seconds
[2022-10-06T15:23:13.092+0000] {processor.py:156} INFO - Started process (PID=293) to work on /home/airflow/.local/lib/python3.7/site-packages/airflow/example_dags/example_short_circuit_operator.py
[2022-10-06T15:23:13.094+0000] {processor.py:758} INFO - Processing file /home/airflow/.local/lib/python3.7/site-packages/airflow/example_dags/example_short_circuit_operator.py for tasks to queue
[2022-10-06T15:23:13.096+0000] {logging_mixin.py:117} INFO - [2022-10-06T15:23:13.096+0000] {dagbag.py:525} INFO - Filling up the DagBag from /home/airflow/.local/lib/python3.7/site-packages/airflow/example_dags/example_short_circuit_operator.py
[2022-10-06T15:23:13.140+0000] {processor.py:768} INFO - DAG(s) dict_keys(['example_short_circuit_operator']) retrieved from /home/airflow/.local/lib/python3.7/site-packages/airflow/example_dags/example_short_circuit_operator.py
[2022-10-06T15:23:13.225+0000] {logging_mixin.py:117} INFO - [2022-10-06T15:23:13.225+0000] {dag.py:2573} INFO - Sync 1 DAGs
[2022-10-06T15:23:13.271+0000] {logging_mixin.py:117} INFO - [2022-10-06T15:23:13.271+0000] {dag.py:3328} INFO - Setting next_dagrun for example_short_circuit_operator to 2022-10-05T15:23:13.270804+00:00, run_after=2022-10-06T15:23:13.270804+00:00
[2022-10-06T15:23:13.307+0000] {processor.py:178} INFO - Processing /home/airflow/.local/lib/python3.7/site-packages/airflow/example_dags/example_short_circuit_operator.py took 0.223 seconds
[2022-10-06T15:37:27.694+0000] {processor.py:156} INFO - Started process (PID=50) to work on /home/airflow/.local/lib/python3.7/site-packages/airflow/example_dags/example_short_circuit_operator.py
[2022-10-06T15:37:27.700+0000] {processor.py:758} INFO - Processing file /home/airflow/.local/lib/python3.7/site-packages/airflow/example_dags/example_short_circuit_operator.py for tasks to queue
[2022-10-06T15:37:27.711+0000] {logging_mixin.py:117} INFO - [2022-10-06T15:37:27.710+0000] {dagbag.py:525} INFO - Filling up the DagBag from /home/airflow/.local/lib/python3.7/site-packages/airflow/example_dags/example_short_circuit_operator.py
[2022-10-06T15:37:27.940+0000] {processor.py:768} INFO - DAG(s) dict_keys(['example_short_circuit_operator']) retrieved from /home/airflow/.local/lib/python3.7/site-packages/airflow/example_dags/example_short_circuit_operator.py
[2022-10-06T15:37:28.910+0000] {logging_mixin.py:117} INFO - [2022-10-06T15:37:28.909+0000] {dag.py:2573} INFO - Sync 1 DAGs
[2022-10-06T15:37:29.069+0000] {logging_mixin.py:117} INFO - [2022-10-06T15:37:29.069+0000] {dag.py:3328} INFO - Setting next_dagrun for example_short_circuit_operator to 2022-10-05T15:37:29.068621+00:00, run_after=2022-10-06T15:37:29.068621+00:00
[2022-10-06T15:37:29.247+0000] {processor.py:178} INFO - Processing /home/airflow/.local/lib/python3.7/site-packages/airflow/example_dags/example_short_circuit_operator.py took 1.568 seconds
[2022-10-06T15:38:00.288+0000] {processor.py:156} INFO - Started process (PID=97) to work on /home/airflow/.local/lib/python3.7/site-packages/airflow/example_dags/example_short_circuit_operator.py
[2022-10-06T15:38:00.312+0000] {processor.py:758} INFO - Processing file /home/airflow/.local/lib/python3.7/site-packages/airflow/example_dags/example_short_circuit_operator.py for tasks to queue
[2022-10-06T15:38:00.319+0000] {logging_mixin.py:117} INFO - [2022-10-06T15:38:00.318+0000] {dagbag.py:525} INFO - Filling up the DagBag from /home/airflow/.local/lib/python3.7/site-packages/airflow/example_dags/example_short_circuit_operator.py
[2022-10-06T15:38:00.453+0000] {processor.py:768} INFO - DAG(s) dict_keys(['example_short_circuit_operator']) retrieved from /home/airflow/.local/lib/python3.7/site-packages/airflow/example_dags/example_short_circuit_operator.py
[2022-10-06T15:38:00.992+0000] {logging_mixin.py:117} INFO - [2022-10-06T15:38:00.991+0000] {dag.py:2573} INFO - Sync 1 DAGs
[2022-10-06T15:38:01.077+0000] {logging_mixin.py:117} INFO - [2022-10-06T15:38:01.076+0000] {dag.py:3328} INFO - Setting next_dagrun for example_short_circuit_operator to 2022-10-05T15:38:01.076349+00:00, run_after=2022-10-06T15:38:01.076349+00:00
[2022-10-06T15:38:01.141+0000] {processor.py:178} INFO - Processing /home/airflow/.local/lib/python3.7/site-packages/airflow/example_dags/example_short_circuit_operator.py took 0.860 seconds
[2022-10-06T15:38:34.850+0000] {processor.py:156} INFO - Started process (PID=147) to work on /home/airflow/.local/lib/python3.7/site-packages/airflow/example_dags/example_short_circuit_operator.py
[2022-10-06T15:38:34.853+0000] {processor.py:758} INFO - Processing file /home/airflow/.local/lib/python3.7/site-packages/airflow/example_dags/example_short_circuit_operator.py for tasks to queue
[2022-10-06T15:38:34.861+0000] {logging_mixin.py:117} INFO - [2022-10-06T15:38:34.860+0000] {dagbag.py:525} INFO - Filling up the DagBag from /home/airflow/.local/lib/python3.7/site-packages/airflow/example_dags/example_short_circuit_operator.py
[2022-10-06T15:38:35.355+0000] {processor.py:768} INFO - DAG(s) dict_keys(['example_short_circuit_operator']) retrieved from /home/airflow/.local/lib/python3.7/site-packages/airflow/example_dags/example_short_circuit_operator.py
[2022-10-06T15:38:35.471+0000] {logging_mixin.py:117} INFO - [2022-10-06T15:38:35.471+0000] {dag.py:2573} INFO - Sync 1 DAGs
[2022-10-06T15:38:35.562+0000] {logging_mixin.py:117} INFO - [2022-10-06T15:38:35.562+0000] {dag.py:3328} INFO - Setting next_dagrun for example_short_circuit_operator to 2022-10-05T15:38:35.561679+00:00, run_after=2022-10-06T15:38:35.561679+00:00
[2022-10-06T15:38:35.623+0000] {processor.py:178} INFO - Processing /home/airflow/.local/lib/python3.7/site-packages/airflow/example_dags/example_short_circuit_operator.py took 0.790 seconds
[2022-10-06T15:39:06.961+0000] {processor.py:156} INFO - Started process (PID=202) to work on /home/airflow/.local/lib/python3.7/site-packages/airflow/example_dags/example_short_circuit_operator.py
[2022-10-06T15:39:06.966+0000] {processor.py:758} INFO - Processing file /home/airflow/.local/lib/python3.7/site-packages/airflow/example_dags/example_short_circuit_operator.py for tasks to queue
[2022-10-06T15:39:06.977+0000] {logging_mixin.py:117} INFO - [2022-10-06T15:39:06.976+0000] {dagbag.py:525} INFO - Filling up the DagBag from /home/airflow/.local/lib/python3.7/site-packages/airflow/example_dags/example_short_circuit_operator.py
[2022-10-06T15:39:07.074+0000] {processor.py:768} INFO - DAG(s) dict_keys(['example_short_circuit_operator']) retrieved from /home/airflow/.local/lib/python3.7/site-packages/airflow/example_dags/example_short_circuit_operator.py
[2022-10-06T15:39:07.381+0000] {logging_mixin.py:117} INFO - [2022-10-06T15:39:07.375+0000] {dag.py:2573} INFO - Sync 1 DAGs
[2022-10-06T15:39:07.538+0000] {logging_mixin.py:117} INFO - [2022-10-06T15:39:07.538+0000] {dag.py:3328} INFO - Setting next_dagrun for example_short_circuit_operator to 2022-10-05T15:39:07.537793+00:00, run_after=2022-10-06T15:39:07.537793+00:00
[2022-10-06T15:39:08.144+0000] {processor.py:178} INFO - Processing /home/airflow/.local/lib/python3.7/site-packages/airflow/example_dags/example_short_circuit_operator.py took 1.192 seconds
