[2022-10-06T15:20:25.714+0000] {processor.py:156} INFO - Started process (PID=128) to work on /home/airflow/.local/lib/python3.7/site-packages/airflow/example_dags/example_latest_only_with_trigger.py
[2022-10-06T15:20:25.738+0000] {processor.py:758} INFO - Processing file /home/airflow/.local/lib/python3.7/site-packages/airflow/example_dags/example_latest_only_with_trigger.py for tasks to queue
[2022-10-06T15:20:25.740+0000] {logging_mixin.py:117} INFO - [2022-10-06T15:20:25.740+0000] {dagbag.py:525} INFO - Filling up the DagBag from /home/airflow/.local/lib/python3.7/site-packages/airflow/example_dags/example_latest_only_with_trigger.py
[2022-10-06T15:20:25.834+0000] {processor.py:768} INFO - DAG(s) dict_keys(['latest_only_with_trigger']) retrieved from /home/airflow/.local/lib/python3.7/site-packages/airflow/example_dags/example_latest_only_with_trigger.py
[2022-10-06T15:20:26.221+0000] {logging_mixin.py:117} INFO - [2022-10-06T15:20:26.221+0000] {dag.py:2573} INFO - Sync 1 DAGs
[2022-10-06T15:20:26.509+0000] {logging_mixin.py:117} INFO - [2022-10-06T15:20:26.508+0000] {dag.py:3328} INFO - Setting next_dagrun for latest_only_with_trigger to 2022-10-06T11:20:26.507914+00:00, run_after=2022-10-06T15:20:26.507914+00:00
[2022-10-06T15:20:26.763+0000] {processor.py:178} INFO - Processing /home/airflow/.local/lib/python3.7/site-packages/airflow/example_dags/example_latest_only_with_trigger.py took 1.056 seconds
[2022-10-06T15:22:22.065+0000] {processor.py:156} INFO - Started process (PID=204) to work on /home/airflow/.local/lib/python3.7/site-packages/airflow/example_dags/example_latest_only_with_trigger.py
[2022-10-06T15:22:22.078+0000] {processor.py:758} INFO - Processing file /home/airflow/.local/lib/python3.7/site-packages/airflow/example_dags/example_latest_only_with_trigger.py for tasks to queue
[2022-10-06T15:22:22.095+0000] {logging_mixin.py:117} INFO - [2022-10-06T15:22:22.095+0000] {dagbag.py:525} INFO - Filling up the DagBag from /home/airflow/.local/lib/python3.7/site-packages/airflow/example_dags/example_latest_only_with_trigger.py
[2022-10-06T15:22:22.299+0000] {processor.py:768} INFO - DAG(s) dict_keys(['latest_only_with_trigger']) retrieved from /home/airflow/.local/lib/python3.7/site-packages/airflow/example_dags/example_latest_only_with_trigger.py
[2022-10-06T15:22:22.484+0000] {logging_mixin.py:117} INFO - [2022-10-06T15:22:22.484+0000] {dag.py:2573} INFO - Sync 1 DAGs
[2022-10-06T15:22:22.558+0000] {logging_mixin.py:117} INFO - [2022-10-06T15:22:22.557+0000] {dag.py:3328} INFO - Setting next_dagrun for latest_only_with_trigger to 2022-10-06T11:22:22.557188+00:00, run_after=2022-10-06T15:22:22.557188+00:00
[2022-10-06T15:22:22.660+0000] {processor.py:178} INFO - Processing /home/airflow/.local/lib/python3.7/site-packages/airflow/example_dags/example_latest_only_with_trigger.py took 0.602 seconds
[2022-10-06T15:22:52.860+0000] {processor.py:156} INFO - Started process (PID=248) to work on /home/airflow/.local/lib/python3.7/site-packages/airflow/example_dags/example_latest_only_with_trigger.py
[2022-10-06T15:22:52.862+0000] {processor.py:758} INFO - Processing file /home/airflow/.local/lib/python3.7/site-packages/airflow/example_dags/example_latest_only_with_trigger.py for tasks to queue
[2022-10-06T15:22:52.864+0000] {logging_mixin.py:117} INFO - [2022-10-06T15:22:52.864+0000] {dagbag.py:525} INFO - Filling up the DagBag from /home/airflow/.local/lib/python3.7/site-packages/airflow/example_dags/example_latest_only_with_trigger.py
[2022-10-06T15:22:52.899+0000] {processor.py:768} INFO - DAG(s) dict_keys(['latest_only_with_trigger']) retrieved from /home/airflow/.local/lib/python3.7/site-packages/airflow/example_dags/example_latest_only_with_trigger.py
[2022-10-06T15:22:53.035+0000] {logging_mixin.py:117} INFO - [2022-10-06T15:22:53.035+0000] {dag.py:2573} INFO - Sync 1 DAGs
[2022-10-06T15:22:53.152+0000] {logging_mixin.py:117} INFO - [2022-10-06T15:22:53.152+0000] {dag.py:3328} INFO - Setting next_dagrun for latest_only_with_trigger to 2022-10-06T11:22:53.151142+00:00, run_after=2022-10-06T15:22:53.151142+00:00
[2022-10-06T15:22:53.265+0000] {processor.py:178} INFO - Processing /home/airflow/.local/lib/python3.7/site-packages/airflow/example_dags/example_latest_only_with_trigger.py took 0.418 seconds
[2022-10-06T15:37:44.551+0000] {processor.py:156} INFO - Started process (PID=87) to work on /home/airflow/.local/lib/python3.7/site-packages/airflow/example_dags/example_latest_only_with_trigger.py
[2022-10-06T15:37:44.568+0000] {processor.py:758} INFO - Processing file /home/airflow/.local/lib/python3.7/site-packages/airflow/example_dags/example_latest_only_with_trigger.py for tasks to queue
[2022-10-06T15:37:44.581+0000] {logging_mixin.py:117} INFO - [2022-10-06T15:37:44.580+0000] {dagbag.py:525} INFO - Filling up the DagBag from /home/airflow/.local/lib/python3.7/site-packages/airflow/example_dags/example_latest_only_with_trigger.py
[2022-10-06T15:37:44.711+0000] {processor.py:768} INFO - DAG(s) dict_keys(['latest_only_with_trigger']) retrieved from /home/airflow/.local/lib/python3.7/site-packages/airflow/example_dags/example_latest_only_with_trigger.py
[2022-10-06T15:37:45.898+0000] {logging_mixin.py:117} INFO - [2022-10-06T15:37:45.898+0000] {dag.py:2573} INFO - Sync 1 DAGs
[2022-10-06T15:37:46.210+0000] {logging_mixin.py:117} INFO - [2022-10-06T15:37:46.209+0000] {dag.py:3328} INFO - Setting next_dagrun for latest_only_with_trigger to 2022-10-06T11:37:46.209624+00:00, run_after=2022-10-06T15:37:46.209624+00:00
[2022-10-06T15:37:46.445+0000] {processor.py:178} INFO - Processing /home/airflow/.local/lib/python3.7/site-packages/airflow/example_dags/example_latest_only_with_trigger.py took 1.903 seconds
[2022-10-06T15:38:31.203+0000] {processor.py:156} INFO - Started process (PID=142) to work on /home/airflow/.local/lib/python3.7/site-packages/airflow/example_dags/example_latest_only_with_trigger.py
[2022-10-06T15:38:31.208+0000] {processor.py:758} INFO - Processing file /home/airflow/.local/lib/python3.7/site-packages/airflow/example_dags/example_latest_only_with_trigger.py for tasks to queue
[2022-10-06T15:38:31.212+0000] {logging_mixin.py:117} INFO - [2022-10-06T15:38:31.211+0000] {dagbag.py:525} INFO - Filling up the DagBag from /home/airflow/.local/lib/python3.7/site-packages/airflow/example_dags/example_latest_only_with_trigger.py
[2022-10-06T15:38:31.670+0000] {processor.py:768} INFO - DAG(s) dict_keys(['latest_only_with_trigger']) retrieved from /home/airflow/.local/lib/python3.7/site-packages/airflow/example_dags/example_latest_only_with_trigger.py
[2022-10-06T15:38:31.969+0000] {logging_mixin.py:117} INFO - [2022-10-06T15:38:31.968+0000] {dag.py:2573} INFO - Sync 1 DAGs
[2022-10-06T15:38:32.028+0000] {logging_mixin.py:117} INFO - [2022-10-06T15:38:32.028+0000] {dag.py:3328} INFO - Setting next_dagrun for latest_only_with_trigger to 2022-10-06T11:38:32.028030+00:00, run_after=2022-10-06T15:38:32.028030+00:00
[2022-10-06T15:38:32.835+0000] {processor.py:178} INFO - Processing /home/airflow/.local/lib/python3.7/site-packages/airflow/example_dags/example_latest_only_with_trigger.py took 1.695 seconds
[2022-10-06T15:39:03.306+0000] {processor.py:156} INFO - Started process (PID=189) to work on /home/airflow/.local/lib/python3.7/site-packages/airflow/example_dags/example_latest_only_with_trigger.py
[2022-10-06T15:39:03.308+0000] {processor.py:758} INFO - Processing file /home/airflow/.local/lib/python3.7/site-packages/airflow/example_dags/example_latest_only_with_trigger.py for tasks to queue
[2022-10-06T15:39:03.310+0000] {logging_mixin.py:117} INFO - [2022-10-06T15:39:03.310+0000] {dagbag.py:525} INFO - Filling up the DagBag from /home/airflow/.local/lib/python3.7/site-packages/airflow/example_dags/example_latest_only_with_trigger.py
[2022-10-06T15:39:03.582+0000] {processor.py:768} INFO - DAG(s) dict_keys(['latest_only_with_trigger']) retrieved from /home/airflow/.local/lib/python3.7/site-packages/airflow/example_dags/example_latest_only_with_trigger.py
[2022-10-06T15:39:03.650+0000] {logging_mixin.py:117} INFO - [2022-10-06T15:39:03.649+0000] {dag.py:2573} INFO - Sync 1 DAGs
[2022-10-06T15:39:03.712+0000] {logging_mixin.py:117} INFO - [2022-10-06T15:39:03.712+0000] {dag.py:3328} INFO - Setting next_dagrun for latest_only_with_trigger to 2022-10-06T11:39:03.712321+00:00, run_after=2022-10-06T15:39:03.712321+00:00
[2022-10-06T15:39:03.755+0000] {processor.py:178} INFO - Processing /home/airflow/.local/lib/python3.7/site-packages/airflow/example_dags/example_latest_only_with_trigger.py took 0.454 seconds
