[2022-10-06T15:20:23.337+0000] {processor.py:156} INFO - Started process (PID=124) to work on /home/airflow/.local/lib/python3.7/site-packages/airflow/example_dags/example_local_kubernetes_executor.py
[2022-10-06T15:20:23.357+0000] {processor.py:758} INFO - Processing file /home/airflow/.local/lib/python3.7/site-packages/airflow/example_dags/example_local_kubernetes_executor.py for tasks to queue
[2022-10-06T15:20:23.359+0000] {logging_mixin.py:117} INFO - [2022-10-06T15:20:23.358+0000] {dagbag.py:525} INFO - Filling up the DagBag from /home/airflow/.local/lib/python3.7/site-packages/airflow/example_dags/example_local_kubernetes_executor.py
[2022-10-06T15:20:23.665+0000] {processor.py:768} INFO - DAG(s) dict_keys(['example_local_kubernetes_executor']) retrieved from /home/airflow/.local/lib/python3.7/site-packages/airflow/example_dags/example_local_kubernetes_executor.py
[2022-10-06T15:20:24.167+0000] {logging_mixin.py:117} INFO - [2022-10-06T15:20:24.167+0000] {dag.py:2573} INFO - Sync 1 DAGs
[2022-10-06T15:20:25.301+0000] {logging_mixin.py:117} INFO - [2022-10-06T15:20:25.300+0000] {dag.py:3328} INFO - Setting next_dagrun for example_local_kubernetes_executor to None, run_after=None
[2022-10-06T15:20:25.551+0000] {processor.py:178} INFO - Processing /home/airflow/.local/lib/python3.7/site-packages/airflow/example_dags/example_local_kubernetes_executor.py took 2.221 seconds
[2022-10-06T15:22:18.804+0000] {processor.py:156} INFO - Started process (PID=200) to work on /home/airflow/.local/lib/python3.7/site-packages/airflow/example_dags/example_local_kubernetes_executor.py
[2022-10-06T15:22:18.812+0000] {processor.py:758} INFO - Processing file /home/airflow/.local/lib/python3.7/site-packages/airflow/example_dags/example_local_kubernetes_executor.py for tasks to queue
[2022-10-06T15:22:18.815+0000] {logging_mixin.py:117} INFO - [2022-10-06T15:22:18.815+0000] {dagbag.py:525} INFO - Filling up the DagBag from /home/airflow/.local/lib/python3.7/site-packages/airflow/example_dags/example_local_kubernetes_executor.py
[2022-10-06T15:22:19.113+0000] {processor.py:768} INFO - DAG(s) dict_keys(['example_local_kubernetes_executor']) retrieved from /home/airflow/.local/lib/python3.7/site-packages/airflow/example_dags/example_local_kubernetes_executor.py
[2022-10-06T15:22:20.930+0000] {logging_mixin.py:117} INFO - [2022-10-06T15:22:20.930+0000] {dag.py:2573} INFO - Sync 1 DAGs
[2022-10-06T15:22:21.035+0000] {logging_mixin.py:117} INFO - [2022-10-06T15:22:21.035+0000] {dag.py:3328} INFO - Setting next_dagrun for example_local_kubernetes_executor to None, run_after=None
[2022-10-06T15:22:21.363+0000] {processor.py:178} INFO - Processing /home/airflow/.local/lib/python3.7/site-packages/airflow/example_dags/example_local_kubernetes_executor.py took 2.665 seconds
[2022-10-06T15:22:51.868+0000] {processor.py:156} INFO - Started process (PID=246) to work on /home/airflow/.local/lib/python3.7/site-packages/airflow/example_dags/example_local_kubernetes_executor.py
[2022-10-06T15:22:51.870+0000] {processor.py:758} INFO - Processing file /home/airflow/.local/lib/python3.7/site-packages/airflow/example_dags/example_local_kubernetes_executor.py for tasks to queue
[2022-10-06T15:22:51.872+0000] {logging_mixin.py:117} INFO - [2022-10-06T15:22:51.871+0000] {dagbag.py:525} INFO - Filling up the DagBag from /home/airflow/.local/lib/python3.7/site-packages/airflow/example_dags/example_local_kubernetes_executor.py
[2022-10-06T15:22:51.942+0000] {processor.py:768} INFO - DAG(s) dict_keys(['example_local_kubernetes_executor']) retrieved from /home/airflow/.local/lib/python3.7/site-packages/airflow/example_dags/example_local_kubernetes_executor.py
[2022-10-06T15:22:52.082+0000] {logging_mixin.py:117} INFO - [2022-10-06T15:22:52.081+0000] {dag.py:2573} INFO - Sync 1 DAGs
[2022-10-06T15:22:52.185+0000] {logging_mixin.py:117} INFO - [2022-10-06T15:22:52.184+0000] {dag.py:3328} INFO - Setting next_dagrun for example_local_kubernetes_executor to None, run_after=None
[2022-10-06T15:22:52.286+0000] {processor.py:178} INFO - Processing /home/airflow/.local/lib/python3.7/site-packages/airflow/example_dags/example_local_kubernetes_executor.py took 0.425 seconds
[2022-10-06T15:23:22.431+0000] {processor.py:156} INFO - Started process (PID=299) to work on /home/airflow/.local/lib/python3.7/site-packages/airflow/example_dags/example_local_kubernetes_executor.py
[2022-10-06T15:23:22.434+0000] {processor.py:758} INFO - Processing file /home/airflow/.local/lib/python3.7/site-packages/airflow/example_dags/example_local_kubernetes_executor.py for tasks to queue
[2022-10-06T15:23:22.437+0000] {logging_mixin.py:117} INFO - [2022-10-06T15:23:22.436+0000] {dagbag.py:525} INFO - Filling up the DagBag from /home/airflow/.local/lib/python3.7/site-packages/airflow/example_dags/example_local_kubernetes_executor.py
[2022-10-06T15:23:22.511+0000] {processor.py:768} INFO - DAG(s) dict_keys(['example_local_kubernetes_executor']) retrieved from /home/airflow/.local/lib/python3.7/site-packages/airflow/example_dags/example_local_kubernetes_executor.py
[2022-10-06T15:23:22.629+0000] {logging_mixin.py:117} INFO - [2022-10-06T15:23:22.629+0000] {dag.py:2573} INFO - Sync 1 DAGs
[2022-10-06T15:23:22.705+0000] {logging_mixin.py:117} INFO - [2022-10-06T15:23:22.704+0000] {dag.py:3328} INFO - Setting next_dagrun for example_local_kubernetes_executor to None, run_after=None
[2022-10-06T15:23:22.767+0000] {processor.py:178} INFO - Processing /home/airflow/.local/lib/python3.7/site-packages/airflow/example_dags/example_local_kubernetes_executor.py took 0.345 seconds
[2022-10-06T15:37:42.836+0000] {processor.py:156} INFO - Started process (PID=78) to work on /home/airflow/.local/lib/python3.7/site-packages/airflow/example_dags/example_local_kubernetes_executor.py
[2022-10-06T15:37:42.855+0000] {processor.py:758} INFO - Processing file /home/airflow/.local/lib/python3.7/site-packages/airflow/example_dags/example_local_kubernetes_executor.py for tasks to queue
[2022-10-06T15:37:42.857+0000] {logging_mixin.py:117} INFO - [2022-10-06T15:37:42.857+0000] {dagbag.py:525} INFO - Filling up the DagBag from /home/airflow/.local/lib/python3.7/site-packages/airflow/example_dags/example_local_kubernetes_executor.py
[2022-10-06T15:37:42.929+0000] {processor.py:768} INFO - DAG(s) dict_keys(['example_local_kubernetes_executor']) retrieved from /home/airflow/.local/lib/python3.7/site-packages/airflow/example_dags/example_local_kubernetes_executor.py
[2022-10-06T15:37:43.870+0000] {logging_mixin.py:117} INFO - [2022-10-06T15:37:43.869+0000] {dag.py:2573} INFO - Sync 1 DAGs
[2022-10-06T15:37:44.030+0000] {logging_mixin.py:117} INFO - [2022-10-06T15:37:44.029+0000] {dag.py:3328} INFO - Setting next_dagrun for example_local_kubernetes_executor to None, run_after=None
[2022-10-06T15:37:44.345+0000] {processor.py:178} INFO - Processing /home/airflow/.local/lib/python3.7/site-packages/airflow/example_dags/example_local_kubernetes_executor.py took 1.518 seconds
[2022-10-06T15:38:27.789+0000] {processor.py:156} INFO - Started process (PID=140) to work on /home/airflow/.local/lib/python3.7/site-packages/airflow/example_dags/example_local_kubernetes_executor.py
[2022-10-06T15:38:27.813+0000] {processor.py:758} INFO - Processing file /home/airflow/.local/lib/python3.7/site-packages/airflow/example_dags/example_local_kubernetes_executor.py for tasks to queue
[2022-10-06T15:38:27.815+0000] {logging_mixin.py:117} INFO - [2022-10-06T15:38:27.815+0000] {dagbag.py:525} INFO - Filling up the DagBag from /home/airflow/.local/lib/python3.7/site-packages/airflow/example_dags/example_local_kubernetes_executor.py
[2022-10-06T15:38:29.072+0000] {processor.py:768} INFO - DAG(s) dict_keys(['example_local_kubernetes_executor']) retrieved from /home/airflow/.local/lib/python3.7/site-packages/airflow/example_dags/example_local_kubernetes_executor.py
[2022-10-06T15:38:29.396+0000] {logging_mixin.py:117} INFO - [2022-10-06T15:38:29.396+0000] {dag.py:2573} INFO - Sync 1 DAGs
[2022-10-06T15:38:30.168+0000] {logging_mixin.py:117} INFO - [2022-10-06T15:38:30.167+0000] {dag.py:3328} INFO - Setting next_dagrun for example_local_kubernetes_executor to None, run_after=None
[2022-10-06T15:38:30.584+0000] {processor.py:178} INFO - Processing /home/airflow/.local/lib/python3.7/site-packages/airflow/example_dags/example_local_kubernetes_executor.py took 2.804 seconds
[2022-10-06T15:39:00.850+0000] {processor.py:156} INFO - Started process (PID=187) to work on /home/airflow/.local/lib/python3.7/site-packages/airflow/example_dags/example_local_kubernetes_executor.py
[2022-10-06T15:39:00.875+0000] {processor.py:758} INFO - Processing file /home/airflow/.local/lib/python3.7/site-packages/airflow/example_dags/example_local_kubernetes_executor.py for tasks to queue
[2022-10-06T15:39:00.877+0000] {logging_mixin.py:117} INFO - [2022-10-06T15:39:00.877+0000] {dagbag.py:525} INFO - Filling up the DagBag from /home/airflow/.local/lib/python3.7/site-packages/airflow/example_dags/example_local_kubernetes_executor.py
[2022-10-06T15:39:01.117+0000] {processor.py:768} INFO - DAG(s) dict_keys(['example_local_kubernetes_executor']) retrieved from /home/airflow/.local/lib/python3.7/site-packages/airflow/example_dags/example_local_kubernetes_executor.py
[2022-10-06T15:39:01.194+0000] {logging_mixin.py:117} INFO - [2022-10-06T15:39:01.193+0000] {dag.py:2573} INFO - Sync 1 DAGs
[2022-10-06T15:39:01.237+0000] {logging_mixin.py:117} INFO - [2022-10-06T15:39:01.237+0000] {dag.py:3328} INFO - Setting next_dagrun for example_local_kubernetes_executor to None, run_after=None
[2022-10-06T15:39:01.275+0000] {processor.py:178} INFO - Processing /home/airflow/.local/lib/python3.7/site-packages/airflow/example_dags/example_local_kubernetes_executor.py took 0.430 seconds
