[2022-10-06T15:17:55.697+0000] {processor.py:156} INFO - Started process (PID=59) to work on /home/airflow/.local/lib/python3.7/site-packages/airflow/example_dags/example_task_group.py
[2022-10-06T15:17:55.780+0000] {processor.py:758} INFO - Processing file /home/airflow/.local/lib/python3.7/site-packages/airflow/example_dags/example_task_group.py for tasks to queue
[2022-10-06T15:17:55.789+0000] {logging_mixin.py:117} INFO - [2022-10-06T15:17:55.789+0000] {dagbag.py:525} INFO - Filling up the DagBag from /home/airflow/.local/lib/python3.7/site-packages/airflow/example_dags/example_task_group.py
[2022-10-06T15:17:55.929+0000] {processor.py:768} INFO - DAG(s) dict_keys(['example_task_group']) retrieved from /home/airflow/.local/lib/python3.7/site-packages/airflow/example_dags/example_task_group.py
[2022-10-06T15:17:56.370+0000] {logging_mixin.py:117} INFO - [2022-10-06T15:17:56.369+0000] {dag.py:2573} INFO - Sync 1 DAGs
[2022-10-06T15:17:56.760+0000] {logging_mixin.py:117} INFO - [2022-10-06T15:17:56.758+0000] {dag.py:3328} INFO - Setting next_dagrun for example_task_group to 2022-10-05T15:17:56.758109+00:00, run_after=2022-10-06T15:17:56.758109+00:00
[2022-10-06T15:17:58.752+0000] {processor.py:178} INFO - Processing /home/airflow/.local/lib/python3.7/site-packages/airflow/example_dags/example_task_group.py took 3.072 seconds
[2022-10-06T15:21:35.746+0000] {processor.py:156} INFO - Started process (PID=158) to work on /home/airflow/.local/lib/python3.7/site-packages/airflow/example_dags/example_task_group.py
[2022-10-06T15:21:35.753+0000] {processor.py:758} INFO - Processing file /home/airflow/.local/lib/python3.7/site-packages/airflow/example_dags/example_task_group.py for tasks to queue
[2022-10-06T15:21:35.760+0000] {logging_mixin.py:117} INFO - [2022-10-06T15:21:35.759+0000] {dagbag.py:525} INFO - Filling up the DagBag from /home/airflow/.local/lib/python3.7/site-packages/airflow/example_dags/example_task_group.py
[2022-10-06T15:21:36.039+0000] {processor.py:768} INFO - DAG(s) dict_keys(['example_task_group']) retrieved from /home/airflow/.local/lib/python3.7/site-packages/airflow/example_dags/example_task_group.py
[2022-10-06T15:21:36.552+0000] {logging_mixin.py:117} INFO - [2022-10-06T15:21:36.551+0000] {dag.py:2573} INFO - Sync 1 DAGs
[2022-10-06T15:21:36.972+0000] {logging_mixin.py:117} INFO - [2022-10-06T15:21:36.972+0000] {dag.py:3328} INFO - Setting next_dagrun for example_task_group to 2022-10-05T15:21:36.971501+00:00, run_after=2022-10-06T15:21:36.971501+00:00
[2022-10-06T15:21:37.214+0000] {processor.py:178} INFO - Processing /home/airflow/.local/lib/python3.7/site-packages/airflow/example_dags/example_task_group.py took 1.502 seconds
[2022-10-06T15:22:36.457+0000] {processor.py:156} INFO - Started process (PID=216) to work on /home/airflow/.local/lib/python3.7/site-packages/airflow/example_dags/example_task_group.py
[2022-10-06T15:22:36.461+0000] {processor.py:758} INFO - Processing file /home/airflow/.local/lib/python3.7/site-packages/airflow/example_dags/example_task_group.py for tasks to queue
[2022-10-06T15:22:36.463+0000] {logging_mixin.py:117} INFO - [2022-10-06T15:22:36.462+0000] {dagbag.py:525} INFO - Filling up the DagBag from /home/airflow/.local/lib/python3.7/site-packages/airflow/example_dags/example_task_group.py
[2022-10-06T15:22:36.523+0000] {processor.py:768} INFO - DAG(s) dict_keys(['example_task_group']) retrieved from /home/airflow/.local/lib/python3.7/site-packages/airflow/example_dags/example_task_group.py
[2022-10-06T15:22:36.813+0000] {logging_mixin.py:117} INFO - [2022-10-06T15:22:36.813+0000] {dag.py:2573} INFO - Sync 1 DAGs
[2022-10-06T15:22:37.065+0000] {logging_mixin.py:117} INFO - [2022-10-06T15:22:37.064+0000] {dag.py:3328} INFO - Setting next_dagrun for example_task_group to 2022-10-05T15:22:37.064449+00:00, run_after=2022-10-06T15:22:37.064449+00:00
[2022-10-06T15:22:37.246+0000] {processor.py:178} INFO - Processing /home/airflow/.local/lib/python3.7/site-packages/airflow/example_dags/example_task_group.py took 0.796 seconds
[2022-10-06T15:23:07.885+0000] {processor.py:156} INFO - Started process (PID=268) to work on /home/airflow/.local/lib/python3.7/site-packages/airflow/example_dags/example_task_group.py
[2022-10-06T15:23:07.887+0000] {processor.py:758} INFO - Processing file /home/airflow/.local/lib/python3.7/site-packages/airflow/example_dags/example_task_group.py for tasks to queue
[2022-10-06T15:23:07.889+0000] {logging_mixin.py:117} INFO - [2022-10-06T15:23:07.889+0000] {dagbag.py:525} INFO - Filling up the DagBag from /home/airflow/.local/lib/python3.7/site-packages/airflow/example_dags/example_task_group.py
[2022-10-06T15:23:07.926+0000] {processor.py:768} INFO - DAG(s) dict_keys(['example_task_group']) retrieved from /home/airflow/.local/lib/python3.7/site-packages/airflow/example_dags/example_task_group.py
[2022-10-06T15:23:08.067+0000] {logging_mixin.py:117} INFO - [2022-10-06T15:23:08.066+0000] {dag.py:2573} INFO - Sync 1 DAGs
[2022-10-06T15:23:08.205+0000] {logging_mixin.py:117} INFO - [2022-10-06T15:23:08.205+0000] {dag.py:3328} INFO - Setting next_dagrun for example_task_group to 2022-10-05T15:23:08.204445+00:00, run_after=2022-10-06T15:23:08.204445+00:00
[2022-10-06T15:23:08.316+0000] {processor.py:178} INFO - Processing /home/airflow/.local/lib/python3.7/site-packages/airflow/example_dags/example_task_group.py took 0.440 seconds
[2022-10-06T15:37:33.627+0000] {processor.py:156} INFO - Started process (PID=59) to work on /home/airflow/.local/lib/python3.7/site-packages/airflow/example_dags/example_task_group.py
[2022-10-06T15:37:33.632+0000] {processor.py:758} INFO - Processing file /home/airflow/.local/lib/python3.7/site-packages/airflow/example_dags/example_task_group.py for tasks to queue
[2022-10-06T15:37:33.635+0000] {logging_mixin.py:117} INFO - [2022-10-06T15:37:33.634+0000] {dagbag.py:525} INFO - Filling up the DagBag from /home/airflow/.local/lib/python3.7/site-packages/airflow/example_dags/example_task_group.py
[2022-10-06T15:37:33.703+0000] {processor.py:768} INFO - DAG(s) dict_keys(['example_task_group']) retrieved from /home/airflow/.local/lib/python3.7/site-packages/airflow/example_dags/example_task_group.py
[2022-10-06T15:37:34.126+0000] {logging_mixin.py:117} INFO - [2022-10-06T15:37:34.126+0000] {dag.py:2573} INFO - Sync 1 DAGs
[2022-10-06T15:37:34.221+0000] {logging_mixin.py:117} INFO - [2022-10-06T15:37:34.221+0000] {dag.py:3328} INFO - Setting next_dagrun for example_task_group to 2022-10-05T15:37:34.221184+00:00, run_after=2022-10-06T15:37:34.221184+00:00
[2022-10-06T15:37:34.330+0000] {processor.py:178} INFO - Processing /home/airflow/.local/lib/python3.7/site-packages/airflow/example_dags/example_task_group.py took 0.714 seconds
[2022-10-06T15:38:07.397+0000] {processor.py:156} INFO - Started process (PID=113) to work on /home/airflow/.local/lib/python3.7/site-packages/airflow/example_dags/example_task_group.py
[2022-10-06T15:38:07.401+0000] {processor.py:758} INFO - Processing file /home/airflow/.local/lib/python3.7/site-packages/airflow/example_dags/example_task_group.py for tasks to queue
[2022-10-06T15:38:07.420+0000] {logging_mixin.py:117} INFO - [2022-10-06T15:38:07.420+0000] {dagbag.py:525} INFO - Filling up the DagBag from /home/airflow/.local/lib/python3.7/site-packages/airflow/example_dags/example_task_group.py
[2022-10-06T15:38:07.503+0000] {processor.py:768} INFO - DAG(s) dict_keys(['example_task_group']) retrieved from /home/airflow/.local/lib/python3.7/site-packages/airflow/example_dags/example_task_group.py
[2022-10-06T15:38:08.523+0000] {logging_mixin.py:117} INFO - [2022-10-06T15:38:08.522+0000] {dag.py:2573} INFO - Sync 1 DAGs
[2022-10-06T15:38:08.742+0000] {logging_mixin.py:117} INFO - [2022-10-06T15:38:08.741+0000] {dag.py:3328} INFO - Setting next_dagrun for example_task_group to 2022-10-05T15:38:08.741436+00:00, run_after=2022-10-06T15:38:08.741436+00:00
[2022-10-06T15:38:09.122+0000] {processor.py:178} INFO - Processing /home/airflow/.local/lib/python3.7/site-packages/airflow/example_dags/example_task_group.py took 1.735 seconds
[2022-10-06T15:38:39.662+0000] {processor.py:156} INFO - Started process (PID=158) to work on /home/airflow/.local/lib/python3.7/site-packages/airflow/example_dags/example_task_group.py
[2022-10-06T15:38:39.665+0000] {processor.py:758} INFO - Processing file /home/airflow/.local/lib/python3.7/site-packages/airflow/example_dags/example_task_group.py for tasks to queue
[2022-10-06T15:38:39.667+0000] {logging_mixin.py:117} INFO - [2022-10-06T15:38:39.666+0000] {dagbag.py:525} INFO - Filling up the DagBag from /home/airflow/.local/lib/python3.7/site-packages/airflow/example_dags/example_task_group.py
[2022-10-06T15:38:39.917+0000] {processor.py:768} INFO - DAG(s) dict_keys(['example_task_group']) retrieved from /home/airflow/.local/lib/python3.7/site-packages/airflow/example_dags/example_task_group.py
[2022-10-06T15:38:40.031+0000] {logging_mixin.py:117} INFO - [2022-10-06T15:38:40.031+0000] {dag.py:2573} INFO - Sync 1 DAGs
[2022-10-06T15:38:40.102+0000] {logging_mixin.py:117} INFO - [2022-10-06T15:38:40.101+0000] {dag.py:3328} INFO - Setting next_dagrun for example_task_group to 2022-10-05T15:38:40.101191+00:00, run_after=2022-10-06T15:38:40.101191+00:00
[2022-10-06T15:38:40.151+0000] {processor.py:178} INFO - Processing /home/airflow/.local/lib/python3.7/site-packages/airflow/example_dags/example_task_group.py took 0.495 seconds
[2022-10-06T15:39:10.738+0000] {processor.py:156} INFO - Started process (PID=213) to work on /home/airflow/.local/lib/python3.7/site-packages/airflow/example_dags/example_task_group.py
[2022-10-06T15:39:10.740+0000] {processor.py:758} INFO - Processing file /home/airflow/.local/lib/python3.7/site-packages/airflow/example_dags/example_task_group.py for tasks to queue
[2022-10-06T15:39:10.741+0000] {logging_mixin.py:117} INFO - [2022-10-06T15:39:10.741+0000] {dagbag.py:525} INFO - Filling up the DagBag from /home/airflow/.local/lib/python3.7/site-packages/airflow/example_dags/example_task_group.py
[2022-10-06T15:39:10.801+0000] {processor.py:768} INFO - DAG(s) dict_keys(['example_task_group']) retrieved from /home/airflow/.local/lib/python3.7/site-packages/airflow/example_dags/example_task_group.py
[2022-10-06T15:39:10.920+0000] {logging_mixin.py:117} INFO - [2022-10-06T15:39:10.919+0000] {dag.py:2573} INFO - Sync 1 DAGs
[2022-10-06T15:39:11.017+0000] {logging_mixin.py:117} INFO - [2022-10-06T15:39:11.017+0000] {dag.py:3328} INFO - Setting next_dagrun for example_task_group to 2022-10-05T15:39:11.016590+00:00, run_after=2022-10-06T15:39:11.016590+00:00
[2022-10-06T15:39:11.077+0000] {processor.py:178} INFO - Processing /home/airflow/.local/lib/python3.7/site-packages/airflow/example_dags/example_task_group.py took 0.344 seconds
