[2022-10-06T15:18:45.021+0000] {processor.py:156} INFO - Started process (PID=81) to work on /home/airflow/.local/lib/python3.7/site-packages/airflow/example_dags/example_short_circuit_decorator.py
[2022-10-06T15:18:45.057+0000] {processor.py:758} INFO - Processing file /home/airflow/.local/lib/python3.7/site-packages/airflow/example_dags/example_short_circuit_decorator.py for tasks to queue
[2022-10-06T15:18:45.067+0000] {logging_mixin.py:117} INFO - [2022-10-06T15:18:45.067+0000] {dagbag.py:525} INFO - Filling up the DagBag from /home/airflow/.local/lib/python3.7/site-packages/airflow/example_dags/example_short_circuit_decorator.py
[2022-10-06T15:18:47.223+0000] {processor.py:768} INFO - DAG(s) dict_keys(['example_short_circuit_decorator']) retrieved from /home/airflow/.local/lib/python3.7/site-packages/airflow/example_dags/example_short_circuit_decorator.py
[2022-10-06T15:18:49.031+0000] {logging_mixin.py:117} INFO - [2022-10-06T15:18:49.031+0000] {dag.py:2573} INFO - Sync 1 DAGs
[2022-10-06T15:18:50.110+0000] {logging_mixin.py:117} INFO - [2022-10-06T15:18:50.110+0000] {dag.py:3328} INFO - Setting next_dagrun for example_short_circuit_decorator to 2022-10-05T15:18:50.109898+00:00, run_after=2022-10-06T15:18:50.109898+00:00
[2022-10-06T15:18:50.955+0000] {processor.py:178} INFO - Processing /home/airflow/.local/lib/python3.7/site-packages/airflow/example_dags/example_short_circuit_decorator.py took 6.205 seconds
[2022-10-06T15:21:43.370+0000] {processor.py:156} INFO - Started process (PID=166) to work on /home/airflow/.local/lib/python3.7/site-packages/airflow/example_dags/example_short_circuit_decorator.py
[2022-10-06T15:21:43.376+0000] {processor.py:758} INFO - Processing file /home/airflow/.local/lib/python3.7/site-packages/airflow/example_dags/example_short_circuit_decorator.py for tasks to queue
[2022-10-06T15:21:43.401+0000] {logging_mixin.py:117} INFO - [2022-10-06T15:21:43.400+0000] {dagbag.py:525} INFO - Filling up the DagBag from /home/airflow/.local/lib/python3.7/site-packages/airflow/example_dags/example_short_circuit_decorator.py
[2022-10-06T15:21:43.590+0000] {processor.py:768} INFO - DAG(s) dict_keys(['example_short_circuit_decorator']) retrieved from /home/airflow/.local/lib/python3.7/site-packages/airflow/example_dags/example_short_circuit_decorator.py
[2022-10-06T15:21:43.968+0000] {logging_mixin.py:117} INFO - [2022-10-06T15:21:43.968+0000] {dag.py:2573} INFO - Sync 1 DAGs
[2022-10-06T15:21:44.290+0000] {logging_mixin.py:117} INFO - [2022-10-06T15:21:44.290+0000] {dag.py:3328} INFO - Setting next_dagrun for example_short_circuit_decorator to 2022-10-05T15:21:44.289299+00:00, run_after=2022-10-06T15:21:44.289299+00:00
[2022-10-06T15:21:44.488+0000] {processor.py:178} INFO - Processing /home/airflow/.local/lib/python3.7/site-packages/airflow/example_dags/example_short_circuit_decorator.py took 1.172 seconds
[2022-10-06T15:22:39.577+0000] {processor.py:156} INFO - Started process (PID=222) to work on /home/airflow/.local/lib/python3.7/site-packages/airflow/example_dags/example_short_circuit_decorator.py
[2022-10-06T15:22:39.582+0000] {processor.py:758} INFO - Processing file /home/airflow/.local/lib/python3.7/site-packages/airflow/example_dags/example_short_circuit_decorator.py for tasks to queue
[2022-10-06T15:22:39.584+0000] {logging_mixin.py:117} INFO - [2022-10-06T15:22:39.584+0000] {dagbag.py:525} INFO - Filling up the DagBag from /home/airflow/.local/lib/python3.7/site-packages/airflow/example_dags/example_short_circuit_decorator.py
[2022-10-06T15:22:39.670+0000] {processor.py:768} INFO - DAG(s) dict_keys(['example_short_circuit_decorator']) retrieved from /home/airflow/.local/lib/python3.7/site-packages/airflow/example_dags/example_short_circuit_decorator.py
[2022-10-06T15:22:39.873+0000] {logging_mixin.py:117} INFO - [2022-10-06T15:22:39.872+0000] {dag.py:2573} INFO - Sync 1 DAGs
[2022-10-06T15:22:40.048+0000] {logging_mixin.py:117} INFO - [2022-10-06T15:22:40.048+0000] {dag.py:3328} INFO - Setting next_dagrun for example_short_circuit_decorator to 2022-10-05T15:22:40.047886+00:00, run_after=2022-10-06T15:22:40.047886+00:00
[2022-10-06T15:22:40.174+0000] {processor.py:178} INFO - Processing /home/airflow/.local/lib/python3.7/site-packages/airflow/example_dags/example_short_circuit_decorator.py took 0.604 seconds
[2022-10-06T15:23:10.696+0000] {processor.py:156} INFO - Started process (PID=284) to work on /home/airflow/.local/lib/python3.7/site-packages/airflow/example_dags/example_short_circuit_decorator.py
[2022-10-06T15:23:10.700+0000] {processor.py:758} INFO - Processing file /home/airflow/.local/lib/python3.7/site-packages/airflow/example_dags/example_short_circuit_decorator.py for tasks to queue
[2022-10-06T15:23:10.702+0000] {logging_mixin.py:117} INFO - [2022-10-06T15:23:10.702+0000] {dagbag.py:525} INFO - Filling up the DagBag from /home/airflow/.local/lib/python3.7/site-packages/airflow/example_dags/example_short_circuit_decorator.py
[2022-10-06T15:23:10.774+0000] {processor.py:768} INFO - DAG(s) dict_keys(['example_short_circuit_decorator']) retrieved from /home/airflow/.local/lib/python3.7/site-packages/airflow/example_dags/example_short_circuit_decorator.py
[2022-10-06T15:23:10.891+0000] {logging_mixin.py:117} INFO - [2022-10-06T15:23:10.891+0000] {dag.py:2573} INFO - Sync 1 DAGs
[2022-10-06T15:23:10.961+0000] {logging_mixin.py:117} INFO - [2022-10-06T15:23:10.960+0000] {dag.py:3328} INFO - Setting next_dagrun for example_short_circuit_decorator to 2022-10-05T15:23:10.960123+00:00, run_after=2022-10-06T15:23:10.960123+00:00
[2022-10-06T15:23:11.018+0000] {processor.py:178} INFO - Processing /home/airflow/.local/lib/python3.7/site-packages/airflow/example_dags/example_short_circuit_decorator.py took 0.331 seconds
[2022-10-06T15:37:36.163+0000] {processor.py:156} INFO - Started process (PID=65) to work on /home/airflow/.local/lib/python3.7/site-packages/airflow/example_dags/example_short_circuit_decorator.py
[2022-10-06T15:37:36.170+0000] {processor.py:758} INFO - Processing file /home/airflow/.local/lib/python3.7/site-packages/airflow/example_dags/example_short_circuit_decorator.py for tasks to queue
[2022-10-06T15:37:36.172+0000] {logging_mixin.py:117} INFO - [2022-10-06T15:37:36.171+0000] {dagbag.py:525} INFO - Filling up the DagBag from /home/airflow/.local/lib/python3.7/site-packages/airflow/example_dags/example_short_circuit_decorator.py
[2022-10-06T15:37:36.259+0000] {processor.py:768} INFO - DAG(s) dict_keys(['example_short_circuit_decorator']) retrieved from /home/airflow/.local/lib/python3.7/site-packages/airflow/example_dags/example_short_circuit_decorator.py
[2022-10-06T15:37:37.011+0000] {logging_mixin.py:117} INFO - [2022-10-06T15:37:37.010+0000] {dag.py:2573} INFO - Sync 1 DAGs
[2022-10-06T15:37:37.172+0000] {logging_mixin.py:117} INFO - [2022-10-06T15:37:37.172+0000] {dag.py:3328} INFO - Setting next_dagrun for example_short_circuit_decorator to 2022-10-05T15:37:37.170704+00:00, run_after=2022-10-06T15:37:37.170704+00:00
[2022-10-06T15:37:37.240+0000] {processor.py:178} INFO - Processing /home/airflow/.local/lib/python3.7/site-packages/airflow/example_dags/example_short_circuit_decorator.py took 1.084 seconds
[2022-10-06T15:38:14.145+0000] {processor.py:156} INFO - Started process (PID=119) to work on /home/airflow/.local/lib/python3.7/site-packages/airflow/example_dags/example_short_circuit_decorator.py
[2022-10-06T15:38:14.165+0000] {processor.py:758} INFO - Processing file /home/airflow/.local/lib/python3.7/site-packages/airflow/example_dags/example_short_circuit_decorator.py for tasks to queue
[2022-10-06T15:38:14.171+0000] {logging_mixin.py:117} INFO - [2022-10-06T15:38:14.171+0000] {dagbag.py:525} INFO - Filling up the DagBag from /home/airflow/.local/lib/python3.7/site-packages/airflow/example_dags/example_short_circuit_decorator.py
[2022-10-06T15:38:15.621+0000] {processor.py:768} INFO - DAG(s) dict_keys(['example_short_circuit_decorator']) retrieved from /home/airflow/.local/lib/python3.7/site-packages/airflow/example_dags/example_short_circuit_decorator.py
[2022-10-06T15:38:16.041+0000] {logging_mixin.py:117} INFO - [2022-10-06T15:38:16.041+0000] {dag.py:2573} INFO - Sync 1 DAGs
[2022-10-06T15:38:16.654+0000] {logging_mixin.py:117} INFO - [2022-10-06T15:38:16.654+0000] {dag.py:3328} INFO - Setting next_dagrun for example_short_circuit_decorator to 2022-10-05T15:38:16.653607+00:00, run_after=2022-10-06T15:38:16.653607+00:00
[2022-10-06T15:38:17.080+0000] {processor.py:178} INFO - Processing /home/airflow/.local/lib/python3.7/site-packages/airflow/example_dags/example_short_circuit_decorator.py took 2.955 seconds
[2022-10-06T15:38:47.843+0000] {processor.py:156} INFO - Started process (PID=174) to work on /home/airflow/.local/lib/python3.7/site-packages/airflow/example_dags/example_short_circuit_decorator.py
[2022-10-06T15:38:47.898+0000] {processor.py:758} INFO - Processing file /home/airflow/.local/lib/python3.7/site-packages/airflow/example_dags/example_short_circuit_decorator.py for tasks to queue
[2022-10-06T15:38:47.900+0000] {logging_mixin.py:117} INFO - [2022-10-06T15:38:47.899+0000] {dagbag.py:525} INFO - Filling up the DagBag from /home/airflow/.local/lib/python3.7/site-packages/airflow/example_dags/example_short_circuit_decorator.py
[2022-10-06T15:38:48.733+0000] {processor.py:768} INFO - DAG(s) dict_keys(['example_short_circuit_decorator']) retrieved from /home/airflow/.local/lib/python3.7/site-packages/airflow/example_dags/example_short_circuit_decorator.py
[2022-10-06T15:38:48.992+0000] {logging_mixin.py:117} INFO - [2022-10-06T15:38:48.992+0000] {dag.py:2573} INFO - Sync 1 DAGs
[2022-10-06T15:38:49.201+0000] {logging_mixin.py:117} INFO - [2022-10-06T15:38:49.200+0000] {dag.py:3328} INFO - Setting next_dagrun for example_short_circuit_decorator to 2022-10-05T15:38:49.200229+00:00, run_after=2022-10-06T15:38:49.200229+00:00
[2022-10-06T15:38:49.586+0000] {processor.py:178} INFO - Processing /home/airflow/.local/lib/python3.7/site-packages/airflow/example_dags/example_short_circuit_decorator.py took 1.778 seconds
