[2022-10-06T15:20:28.632+0000] {processor.py:156} INFO - Started process (PID=131) to work on /home/airflow/.local/lib/python3.7/site-packages/airflow/example_dags/example_external_task_marker_dag.py
[2022-10-06T15:20:28.647+0000] {processor.py:758} INFO - Processing file /home/airflow/.local/lib/python3.7/site-packages/airflow/example_dags/example_external_task_marker_dag.py for tasks to queue
[2022-10-06T15:20:28.649+0000] {logging_mixin.py:117} INFO - [2022-10-06T15:20:28.648+0000] {dagbag.py:525} INFO - Filling up the DagBag from /home/airflow/.local/lib/python3.7/site-packages/airflow/example_dags/example_external_task_marker_dag.py
[2022-10-06T15:20:28.737+0000] {processor.py:768} INFO - DAG(s) dict_keys(['example_external_task_marker_parent', 'example_external_task_marker_child']) retrieved from /home/airflow/.local/lib/python3.7/site-packages/airflow/example_dags/example_external_task_marker_dag.py
[2022-10-06T15:20:36.222+0000] {logging_mixin.py:117} INFO - [2022-10-06T15:20:36.222+0000] {dag.py:2573} INFO - Sync 2 DAGs
[2022-10-06T15:20:36.505+0000] {logging_mixin.py:117} INFO - [2022-10-06T15:20:36.505+0000] {dag.py:3328} INFO - Setting next_dagrun for example_external_task_marker_child to None, run_after=None
[2022-10-06T15:20:36.583+0000] {logging_mixin.py:117} INFO - [2022-10-06T15:20:36.582+0000] {dag.py:3328} INFO - Setting next_dagrun for example_external_task_marker_parent to None, run_after=None
[2022-10-06T15:20:36.897+0000] {processor.py:178} INFO - Processing /home/airflow/.local/lib/python3.7/site-packages/airflow/example_dags/example_external_task_marker_dag.py took 8.273 seconds
[2022-10-06T15:22:23.595+0000] {processor.py:156} INFO - Started process (PID=207) to work on /home/airflow/.local/lib/python3.7/site-packages/airflow/example_dags/example_external_task_marker_dag.py
[2022-10-06T15:22:23.610+0000] {processor.py:758} INFO - Processing file /home/airflow/.local/lib/python3.7/site-packages/airflow/example_dags/example_external_task_marker_dag.py for tasks to queue
[2022-10-06T15:22:23.623+0000] {logging_mixin.py:117} INFO - [2022-10-06T15:22:23.623+0000] {dagbag.py:525} INFO - Filling up the DagBag from /home/airflow/.local/lib/python3.7/site-packages/airflow/example_dags/example_external_task_marker_dag.py
[2022-10-06T15:22:23.941+0000] {processor.py:768} INFO - DAG(s) dict_keys(['example_external_task_marker_parent', 'example_external_task_marker_child']) retrieved from /home/airflow/.local/lib/python3.7/site-packages/airflow/example_dags/example_external_task_marker_dag.py
[2022-10-06T15:22:27.995+0000] {logging_mixin.py:117} INFO - [2022-10-06T15:22:27.995+0000] {dag.py:2573} INFO - Sync 2 DAGs
[2022-10-06T15:22:28.093+0000] {logging_mixin.py:117} INFO - [2022-10-06T15:22:28.093+0000] {dag.py:3328} INFO - Setting next_dagrun for example_external_task_marker_child to None, run_after=None
[2022-10-06T15:22:28.114+0000] {logging_mixin.py:117} INFO - [2022-10-06T15:22:28.114+0000] {dag.py:3328} INFO - Setting next_dagrun for example_external_task_marker_parent to None, run_after=None
[2022-10-06T15:22:30.817+0000] {processor.py:178} INFO - Processing /home/airflow/.local/lib/python3.7/site-packages/airflow/example_dags/example_external_task_marker_dag.py took 7.284 seconds
[2022-10-06T15:23:01.400+0000] {processor.py:156} INFO - Started process (PID=260) to work on /home/airflow/.local/lib/python3.7/site-packages/airflow/example_dags/example_external_task_marker_dag.py
[2022-10-06T15:23:01.422+0000] {processor.py:758} INFO - Processing file /home/airflow/.local/lib/python3.7/site-packages/airflow/example_dags/example_external_task_marker_dag.py for tasks to queue
[2022-10-06T15:23:01.423+0000] {logging_mixin.py:117} INFO - [2022-10-06T15:23:01.423+0000] {dagbag.py:525} INFO - Filling up the DagBag from /home/airflow/.local/lib/python3.7/site-packages/airflow/example_dags/example_external_task_marker_dag.py
[2022-10-06T15:23:01.452+0000] {processor.py:768} INFO - DAG(s) dict_keys(['example_external_task_marker_parent', 'example_external_task_marker_child']) retrieved from /home/airflow/.local/lib/python3.7/site-packages/airflow/example_dags/example_external_task_marker_dag.py
[2022-10-06T15:23:02.047+0000] {logging_mixin.py:117} INFO - [2022-10-06T15:23:02.047+0000] {dag.py:2573} INFO - Sync 2 DAGs
[2022-10-06T15:23:02.131+0000] {logging_mixin.py:117} INFO - [2022-10-06T15:23:02.130+0000] {dag.py:3328} INFO - Setting next_dagrun for example_external_task_marker_child to None, run_after=None
[2022-10-06T15:23:02.138+0000] {logging_mixin.py:117} INFO - [2022-10-06T15:23:02.138+0000] {dag.py:3328} INFO - Setting next_dagrun for example_external_task_marker_parent to None, run_after=None
[2022-10-06T15:23:02.206+0000] {processor.py:178} INFO - Processing /home/airflow/.local/lib/python3.7/site-packages/airflow/example_dags/example_external_task_marker_dag.py took 0.811 seconds
[2022-10-06T15:37:49.123+0000] {processor.py:156} INFO - Started process (PID=92) to work on /home/airflow/.local/lib/python3.7/site-packages/airflow/example_dags/example_external_task_marker_dag.py
[2022-10-06T15:37:49.140+0000] {processor.py:758} INFO - Processing file /home/airflow/.local/lib/python3.7/site-packages/airflow/example_dags/example_external_task_marker_dag.py for tasks to queue
[2022-10-06T15:37:49.152+0000] {logging_mixin.py:117} INFO - [2022-10-06T15:37:49.143+0000] {dagbag.py:525} INFO - Filling up the DagBag from /home/airflow/.local/lib/python3.7/site-packages/airflow/example_dags/example_external_task_marker_dag.py
[2022-10-06T15:37:49.257+0000] {processor.py:768} INFO - DAG(s) dict_keys(['example_external_task_marker_parent', 'example_external_task_marker_child']) retrieved from /home/airflow/.local/lib/python3.7/site-packages/airflow/example_dags/example_external_task_marker_dag.py
[2022-10-06T15:37:52.744+0000] {logging_mixin.py:117} INFO - [2022-10-06T15:37:52.738+0000] {dag.py:2573} INFO - Sync 2 DAGs
[2022-10-06T15:37:53.007+0000] {logging_mixin.py:117} INFO - [2022-10-06T15:37:53.006+0000] {dag.py:3328} INFO - Setting next_dagrun for example_external_task_marker_child to None, run_after=None
[2022-10-06T15:37:53.031+0000] {logging_mixin.py:117} INFO - [2022-10-06T15:37:53.031+0000] {dag.py:3328} INFO - Setting next_dagrun for example_external_task_marker_parent to None, run_after=None
[2022-10-06T15:37:53.158+0000] {processor.py:178} INFO - Processing /home/airflow/.local/lib/python3.7/site-packages/airflow/example_dags/example_external_task_marker_dag.py took 4.061 seconds
[2022-10-06T15:38:35.771+0000] {processor.py:156} INFO - Started process (PID=150) to work on /home/airflow/.local/lib/python3.7/site-packages/airflow/example_dags/example_external_task_marker_dag.py
[2022-10-06T15:38:35.774+0000] {processor.py:758} INFO - Processing file /home/airflow/.local/lib/python3.7/site-packages/airflow/example_dags/example_external_task_marker_dag.py for tasks to queue
[2022-10-06T15:38:35.776+0000] {logging_mixin.py:117} INFO - [2022-10-06T15:38:35.775+0000] {dagbag.py:525} INFO - Filling up the DagBag from /home/airflow/.local/lib/python3.7/site-packages/airflow/example_dags/example_external_task_marker_dag.py
[2022-10-06T15:38:36.065+0000] {processor.py:768} INFO - DAG(s) dict_keys(['example_external_task_marker_child', 'example_external_task_marker_parent']) retrieved from /home/airflow/.local/lib/python3.7/site-packages/airflow/example_dags/example_external_task_marker_dag.py
[2022-10-06T15:38:37.132+0000] {logging_mixin.py:117} INFO - [2022-10-06T15:38:37.132+0000] {dag.py:2573} INFO - Sync 2 DAGs
[2022-10-06T15:38:37.281+0000] {logging_mixin.py:117} INFO - [2022-10-06T15:38:37.281+0000] {dag.py:3328} INFO - Setting next_dagrun for example_external_task_marker_child to None, run_after=None
[2022-10-06T15:38:37.292+0000] {logging_mixin.py:117} INFO - [2022-10-06T15:38:37.292+0000] {dag.py:3328} INFO - Setting next_dagrun for example_external_task_marker_parent to None, run_after=None
[2022-10-06T15:38:37.344+0000] {processor.py:178} INFO - Processing /home/airflow/.local/lib/python3.7/site-packages/airflow/example_dags/example_external_task_marker_dag.py took 1.581 seconds
[2022-10-06T15:39:09.656+0000] {processor.py:156} INFO - Started process (PID=208) to work on /home/airflow/.local/lib/python3.7/site-packages/airflow/example_dags/example_external_task_marker_dag.py
[2022-10-06T15:39:09.663+0000] {processor.py:758} INFO - Processing file /home/airflow/.local/lib/python3.7/site-packages/airflow/example_dags/example_external_task_marker_dag.py for tasks to queue
[2022-10-06T15:39:09.668+0000] {logging_mixin.py:117} INFO - [2022-10-06T15:39:09.668+0000] {dagbag.py:525} INFO - Filling up the DagBag from /home/airflow/.local/lib/python3.7/site-packages/airflow/example_dags/example_external_task_marker_dag.py
[2022-10-06T15:39:09.738+0000] {processor.py:768} INFO - DAG(s) dict_keys(['example_external_task_marker_child', 'example_external_task_marker_parent']) retrieved from /home/airflow/.local/lib/python3.7/site-packages/airflow/example_dags/example_external_task_marker_dag.py
[2022-10-06T15:39:10.598+0000] {logging_mixin.py:117} INFO - [2022-10-06T15:39:10.598+0000] {dag.py:2573} INFO - Sync 2 DAGs
[2022-10-06T15:39:10.655+0000] {logging_mixin.py:117} INFO - [2022-10-06T15:39:10.655+0000] {dag.py:3328} INFO - Setting next_dagrun for example_external_task_marker_child to None, run_after=None
[2022-10-06T15:39:10.662+0000] {logging_mixin.py:117} INFO - [2022-10-06T15:39:10.662+0000] {dag.py:3328} INFO - Setting next_dagrun for example_external_task_marker_parent to None, run_after=None
[2022-10-06T15:39:10.697+0000] {processor.py:178} INFO - Processing /home/airflow/.local/lib/python3.7/site-packages/airflow/example_dags/example_external_task_marker_dag.py took 1.056 seconds
