[2022-10-06T15:19:58.645+0000] {processor.py:156} INFO - Started process (PID=111) to work on /home/airflow/.local/lib/python3.7/site-packages/airflow/example_dags/example_bash_operator.py
[2022-10-06T15:19:58.690+0000] {processor.py:758} INFO - Processing file /home/airflow/.local/lib/python3.7/site-packages/airflow/example_dags/example_bash_operator.py for tasks to queue
[2022-10-06T15:19:58.797+0000] {logging_mixin.py:117} INFO - [2022-10-06T15:19:58.797+0000] {dagbag.py:525} INFO - Filling up the DagBag from /home/airflow/.local/lib/python3.7/site-packages/airflow/example_dags/example_bash_operator.py
[2022-10-06T15:20:06.394+0000] {processor.py:768} INFO - DAG(s) dict_keys(['example_bash_operator']) retrieved from /home/airflow/.local/lib/python3.7/site-packages/airflow/example_dags/example_bash_operator.py
[2022-10-06T15:20:09.522+0000] {logging_mixin.py:117} INFO - [2022-10-06T15:20:09.521+0000] {dag.py:2573} INFO - Sync 1 DAGs
[2022-10-06T15:20:11.170+0000] {logging_mixin.py:117} INFO - [2022-10-06T15:20:11.159+0000] {dag.py:3328} INFO - Setting next_dagrun for example_bash_operator to 2022-10-05T00:00:00+00:00, run_after=2022-10-06T00:00:00+00:00
[2022-10-06T15:20:11.582+0000] {processor.py:178} INFO - Processing /home/airflow/.local/lib/python3.7/site-packages/airflow/example_dags/example_bash_operator.py took 12.943 seconds
[2022-10-06T15:22:06.361+0000] {processor.py:156} INFO - Started process (PID=188) to work on /home/airflow/.local/lib/python3.7/site-packages/airflow/example_dags/example_bash_operator.py
[2022-10-06T15:22:06.375+0000] {processor.py:758} INFO - Processing file /home/airflow/.local/lib/python3.7/site-packages/airflow/example_dags/example_bash_operator.py for tasks to queue
[2022-10-06T15:22:06.391+0000] {logging_mixin.py:117} INFO - [2022-10-06T15:22:06.390+0000] {dagbag.py:525} INFO - Filling up the DagBag from /home/airflow/.local/lib/python3.7/site-packages/airflow/example_dags/example_bash_operator.py
[2022-10-06T15:22:06.566+0000] {processor.py:768} INFO - DAG(s) dict_keys(['example_bash_operator']) retrieved from /home/airflow/.local/lib/python3.7/site-packages/airflow/example_dags/example_bash_operator.py
[2022-10-06T15:22:06.827+0000] {logging_mixin.py:117} INFO - [2022-10-06T15:22:06.827+0000] {dag.py:2573} INFO - Sync 1 DAGs
[2022-10-06T15:22:07.700+0000] {logging_mixin.py:117} INFO - [2022-10-06T15:22:07.700+0000] {dag.py:3328} INFO - Setting next_dagrun for example_bash_operator to 2022-10-05T00:00:00+00:00, run_after=2022-10-06T00:00:00+00:00
[2022-10-06T15:22:08.576+0000] {processor.py:178} INFO - Processing /home/airflow/.local/lib/python3.7/site-packages/airflow/example_dags/example_bash_operator.py took 2.233 seconds
[2022-10-06T15:22:42.875+0000] {processor.py:156} INFO - Started process (PID=242) to work on /home/airflow/.local/lib/python3.7/site-packages/airflow/example_dags/example_bash_operator.py
[2022-10-06T15:22:42.880+0000] {processor.py:758} INFO - Processing file /home/airflow/.local/lib/python3.7/site-packages/airflow/example_dags/example_bash_operator.py for tasks to queue
[2022-10-06T15:22:42.881+0000] {logging_mixin.py:117} INFO - [2022-10-06T15:22:42.881+0000] {dagbag.py:525} INFO - Filling up the DagBag from /home/airflow/.local/lib/python3.7/site-packages/airflow/example_dags/example_bash_operator.py
[2022-10-06T15:22:42.961+0000] {processor.py:768} INFO - DAG(s) dict_keys(['example_bash_operator']) retrieved from /home/airflow/.local/lib/python3.7/site-packages/airflow/example_dags/example_bash_operator.py
[2022-10-06T15:22:43.260+0000] {logging_mixin.py:117} INFO - [2022-10-06T15:22:43.259+0000] {dag.py:2573} INFO - Sync 1 DAGs
[2022-10-06T15:22:43.421+0000] {logging_mixin.py:117} INFO - [2022-10-06T15:22:43.421+0000] {dag.py:3328} INFO - Setting next_dagrun for example_bash_operator to 2022-10-05T00:00:00+00:00, run_after=2022-10-06T00:00:00+00:00
[2022-10-06T15:22:43.509+0000] {processor.py:178} INFO - Processing /home/airflow/.local/lib/python3.7/site-packages/airflow/example_dags/example_bash_operator.py took 0.657 seconds
[2022-10-06T15:23:13.674+0000] {processor.py:156} INFO - Started process (PID=295) to work on /home/airflow/.local/lib/python3.7/site-packages/airflow/example_dags/example_bash_operator.py
[2022-10-06T15:23:13.676+0000] {processor.py:758} INFO - Processing file /home/airflow/.local/lib/python3.7/site-packages/airflow/example_dags/example_bash_operator.py for tasks to queue
[2022-10-06T15:23:13.678+0000] {logging_mixin.py:117} INFO - [2022-10-06T15:23:13.678+0000] {dagbag.py:525} INFO - Filling up the DagBag from /home/airflow/.local/lib/python3.7/site-packages/airflow/example_dags/example_bash_operator.py
[2022-10-06T15:23:13.739+0000] {processor.py:768} INFO - DAG(s) dict_keys(['example_bash_operator']) retrieved from /home/airflow/.local/lib/python3.7/site-packages/airflow/example_dags/example_bash_operator.py
[2022-10-06T15:23:13.833+0000] {logging_mixin.py:117} INFO - [2022-10-06T15:23:13.832+0000] {dag.py:2573} INFO - Sync 1 DAGs
[2022-10-06T15:23:13.882+0000] {logging_mixin.py:117} INFO - [2022-10-06T15:23:13.882+0000] {dag.py:3328} INFO - Setting next_dagrun for example_bash_operator to 2022-10-05T00:00:00+00:00, run_after=2022-10-06T00:00:00+00:00
[2022-10-06T15:23:13.926+0000] {processor.py:178} INFO - Processing /home/airflow/.local/lib/python3.7/site-packages/airflow/example_dags/example_bash_operator.py took 0.263 seconds
[2022-10-06T15:37:40.220+0000] {processor.py:156} INFO - Started process (PID=74) to work on /home/airflow/.local/lib/python3.7/site-packages/airflow/example_dags/example_bash_operator.py
[2022-10-06T15:37:40.222+0000] {processor.py:758} INFO - Processing file /home/airflow/.local/lib/python3.7/site-packages/airflow/example_dags/example_bash_operator.py for tasks to queue
[2022-10-06T15:37:40.224+0000] {logging_mixin.py:117} INFO - [2022-10-06T15:37:40.223+0000] {dagbag.py:525} INFO - Filling up the DagBag from /home/airflow/.local/lib/python3.7/site-packages/airflow/example_dags/example_bash_operator.py
[2022-10-06T15:37:40.285+0000] {processor.py:768} INFO - DAG(s) dict_keys(['example_bash_operator']) retrieved from /home/airflow/.local/lib/python3.7/site-packages/airflow/example_dags/example_bash_operator.py
[2022-10-06T15:37:40.685+0000] {logging_mixin.py:117} INFO - [2022-10-06T15:37:40.684+0000] {dag.py:2573} INFO - Sync 1 DAGs
[2022-10-06T15:37:40.814+0000] {logging_mixin.py:117} INFO - [2022-10-06T15:37:40.813+0000] {dag.py:3328} INFO - Setting next_dagrun for example_bash_operator to 2022-10-05T00:00:00+00:00, run_after=2022-10-06T00:00:00+00:00
[2022-10-06T15:37:40.925+0000] {processor.py:178} INFO - Processing /home/airflow/.local/lib/python3.7/site-packages/airflow/example_dags/example_bash_operator.py took 0.715 seconds
[2022-10-06T15:38:23.316+0000] {processor.py:156} INFO - Started process (PID=128) to work on /home/airflow/.local/lib/python3.7/site-packages/airflow/example_dags/example_bash_operator.py
[2022-10-06T15:38:23.329+0000] {processor.py:758} INFO - Processing file /home/airflow/.local/lib/python3.7/site-packages/airflow/example_dags/example_bash_operator.py for tasks to queue
[2022-10-06T15:38:23.332+0000] {logging_mixin.py:117} INFO - [2022-10-06T15:38:23.331+0000] {dagbag.py:525} INFO - Filling up the DagBag from /home/airflow/.local/lib/python3.7/site-packages/airflow/example_dags/example_bash_operator.py
[2022-10-06T15:38:23.890+0000] {processor.py:768} INFO - DAG(s) dict_keys(['example_bash_operator']) retrieved from /home/airflow/.local/lib/python3.7/site-packages/airflow/example_dags/example_bash_operator.py
[2022-10-06T15:38:24.125+0000] {logging_mixin.py:117} INFO - [2022-10-06T15:38:24.124+0000] {dag.py:2573} INFO - Sync 1 DAGs
[2022-10-06T15:38:24.381+0000] {logging_mixin.py:117} INFO - [2022-10-06T15:38:24.380+0000] {dag.py:3328} INFO - Setting next_dagrun for example_bash_operator to 2022-10-05T00:00:00+00:00, run_after=2022-10-06T00:00:00+00:00
[2022-10-06T15:38:24.703+0000] {processor.py:178} INFO - Processing /home/airflow/.local/lib/python3.7/site-packages/airflow/example_dags/example_bash_operator.py took 1.399 seconds
[2022-10-06T15:38:54.923+0000] {processor.py:156} INFO - Started process (PID=182) to work on /home/airflow/.local/lib/python3.7/site-packages/airflow/example_dags/example_bash_operator.py
[2022-10-06T15:38:54.927+0000] {processor.py:758} INFO - Processing file /home/airflow/.local/lib/python3.7/site-packages/airflow/example_dags/example_bash_operator.py for tasks to queue
[2022-10-06T15:38:54.930+0000] {logging_mixin.py:117} INFO - [2022-10-06T15:38:54.929+0000] {dagbag.py:525} INFO - Filling up the DagBag from /home/airflow/.local/lib/python3.7/site-packages/airflow/example_dags/example_bash_operator.py
[2022-10-06T15:38:55.266+0000] {processor.py:768} INFO - DAG(s) dict_keys(['example_bash_operator']) retrieved from /home/airflow/.local/lib/python3.7/site-packages/airflow/example_dags/example_bash_operator.py
[2022-10-06T15:38:55.361+0000] {logging_mixin.py:117} INFO - [2022-10-06T15:38:55.361+0000] {dag.py:2573} INFO - Sync 1 DAGs
[2022-10-06T15:38:55.439+0000] {logging_mixin.py:117} INFO - [2022-10-06T15:38:55.438+0000] {dag.py:3328} INFO - Setting next_dagrun for example_bash_operator to 2022-10-05T00:00:00+00:00, run_after=2022-10-06T00:00:00+00:00
[2022-10-06T15:38:55.483+0000] {processor.py:178} INFO - Processing /home/airflow/.local/lib/python3.7/site-packages/airflow/example_dags/example_bash_operator.py took 0.569 seconds
