[2022-10-06T15:20:22.325+0000] {processor.py:156} INFO - Started process (PID=123) to work on /home/airflow/.local/lib/python3.7/site-packages/airflow/example_dags/example_branch_python_dop_operator_3.py
[2022-10-06T15:20:22.384+0000] {processor.py:758} INFO - Processing file /home/airflow/.local/lib/python3.7/site-packages/airflow/example_dags/example_branch_python_dop_operator_3.py for tasks to queue
[2022-10-06T15:20:22.386+0000] {logging_mixin.py:117} INFO - [2022-10-06T15:20:22.385+0000] {dagbag.py:525} INFO - Filling up the DagBag from /home/airflow/.local/lib/python3.7/site-packages/airflow/example_dags/example_branch_python_dop_operator_3.py
[2022-10-06T15:20:22.887+0000] {processor.py:768} INFO - DAG(s) dict_keys(['example_branch_dop_operator_v3']) retrieved from /home/airflow/.local/lib/python3.7/site-packages/airflow/example_dags/example_branch_python_dop_operator_3.py
[2022-10-06T15:20:23.644+0000] {logging_mixin.py:117} INFO - [2022-10-06T15:20:23.644+0000] {dag.py:2573} INFO - Sync 1 DAGs
[2022-10-06T15:20:23.975+0000] {logging_mixin.py:117} INFO - [2022-10-06T15:20:23.975+0000] {dag.py:3328} INFO - Setting next_dagrun for example_branch_dop_operator_v3 to 2022-10-06T15:19:00+00:00, run_after=2022-10-06T15:20:00+00:00
[2022-10-06T15:20:24.270+0000] {processor.py:178} INFO - Processing /home/airflow/.local/lib/python3.7/site-packages/airflow/example_dags/example_branch_python_dop_operator_3.py took 1.951 seconds
[2022-10-06T15:22:18.074+0000] {processor.py:156} INFO - Started process (PID=192) to work on /home/airflow/.local/lib/python3.7/site-packages/airflow/example_dags/example_branch_python_dop_operator_3.py
[2022-10-06T15:22:18.095+0000] {processor.py:758} INFO - Processing file /home/airflow/.local/lib/python3.7/site-packages/airflow/example_dags/example_branch_python_dop_operator_3.py for tasks to queue
[2022-10-06T15:22:18.135+0000] {logging_mixin.py:117} INFO - [2022-10-06T15:22:18.135+0000] {dagbag.py:525} INFO - Filling up the DagBag from /home/airflow/.local/lib/python3.7/site-packages/airflow/example_dags/example_branch_python_dop_operator_3.py
[2022-10-06T15:22:18.413+0000] {processor.py:768} INFO - DAG(s) dict_keys(['example_branch_dop_operator_v3']) retrieved from /home/airflow/.local/lib/python3.7/site-packages/airflow/example_dags/example_branch_python_dop_operator_3.py
[2022-10-06T15:22:19.134+0000] {logging_mixin.py:117} INFO - [2022-10-06T15:22:19.133+0000] {dag.py:2573} INFO - Sync 1 DAGs
[2022-10-06T15:22:19.462+0000] {logging_mixin.py:117} INFO - [2022-10-06T15:22:19.462+0000] {dag.py:3328} INFO - Setting next_dagrun for example_branch_dop_operator_v3 to 2022-10-06T15:21:00+00:00, run_after=2022-10-06T15:22:00+00:00
[2022-10-06T15:22:20.882+0000] {processor.py:178} INFO - Processing /home/airflow/.local/lib/python3.7/site-packages/airflow/example_dags/example_branch_python_dop_operator_3.py took 2.880 seconds
[2022-10-06T15:22:51.866+0000] {processor.py:156} INFO - Started process (PID=245) to work on /home/airflow/.local/lib/python3.7/site-packages/airflow/example_dags/example_branch_python_dop_operator_3.py
[2022-10-06T15:22:51.868+0000] {processor.py:758} INFO - Processing file /home/airflow/.local/lib/python3.7/site-packages/airflow/example_dags/example_branch_python_dop_operator_3.py for tasks to queue
[2022-10-06T15:22:51.871+0000] {logging_mixin.py:117} INFO - [2022-10-06T15:22:51.870+0000] {dagbag.py:525} INFO - Filling up the DagBag from /home/airflow/.local/lib/python3.7/site-packages/airflow/example_dags/example_branch_python_dop_operator_3.py
[2022-10-06T15:22:51.970+0000] {processor.py:768} INFO - DAG(s) dict_keys(['example_branch_dop_operator_v3']) retrieved from /home/airflow/.local/lib/python3.7/site-packages/airflow/example_dags/example_branch_python_dop_operator_3.py
[2022-10-06T15:22:52.139+0000] {logging_mixin.py:117} INFO - [2022-10-06T15:22:52.138+0000] {dag.py:2573} INFO - Sync 1 DAGs
[2022-10-06T15:22:52.271+0000] {logging_mixin.py:117} INFO - [2022-10-06T15:22:52.270+0000] {dag.py:3328} INFO - Setting next_dagrun for example_branch_dop_operator_v3 to 2022-10-06T15:21:00+00:00, run_after=2022-10-06T15:22:00+00:00
[2022-10-06T15:22:52.367+0000] {processor.py:178} INFO - Processing /home/airflow/.local/lib/python3.7/site-packages/airflow/example_dags/example_branch_python_dop_operator_3.py took 0.509 seconds
[2022-10-06T15:23:22.863+0000] {processor.py:156} INFO - Started process (PID=306) to work on /home/airflow/.local/lib/python3.7/site-packages/airflow/example_dags/example_branch_python_dop_operator_3.py
[2022-10-06T15:23:22.866+0000] {processor.py:758} INFO - Processing file /home/airflow/.local/lib/python3.7/site-packages/airflow/example_dags/example_branch_python_dop_operator_3.py for tasks to queue
[2022-10-06T15:23:22.871+0000] {logging_mixin.py:117} INFO - [2022-10-06T15:23:22.870+0000] {dagbag.py:525} INFO - Filling up the DagBag from /home/airflow/.local/lib/python3.7/site-packages/airflow/example_dags/example_branch_python_dop_operator_3.py
[2022-10-06T15:23:22.955+0000] {processor.py:768} INFO - DAG(s) dict_keys(['example_branch_dop_operator_v3']) retrieved from /home/airflow/.local/lib/python3.7/site-packages/airflow/example_dags/example_branch_python_dop_operator_3.py
[2022-10-06T15:23:23.142+0000] {logging_mixin.py:117} INFO - [2022-10-06T15:23:23.142+0000] {dag.py:2573} INFO - Sync 1 DAGs
[2022-10-06T15:37:42.555+0000] {processor.py:156} INFO - Started process (PID=77) to work on /home/airflow/.local/lib/python3.7/site-packages/airflow/example_dags/example_branch_python_dop_operator_3.py
[2022-10-06T15:37:42.570+0000] {processor.py:758} INFO - Processing file /home/airflow/.local/lib/python3.7/site-packages/airflow/example_dags/example_branch_python_dop_operator_3.py for tasks to queue
[2022-10-06T15:37:42.572+0000] {logging_mixin.py:117} INFO - [2022-10-06T15:37:42.572+0000] {dagbag.py:525} INFO - Filling up the DagBag from /home/airflow/.local/lib/python3.7/site-packages/airflow/example_dags/example_branch_python_dop_operator_3.py
[2022-10-06T15:37:42.752+0000] {processor.py:768} INFO - DAG(s) dict_keys(['example_branch_dop_operator_v3']) retrieved from /home/airflow/.local/lib/python3.7/site-packages/airflow/example_dags/example_branch_python_dop_operator_3.py
[2022-10-06T15:37:43.696+0000] {logging_mixin.py:117} INFO - [2022-10-06T15:37:43.696+0000] {dag.py:2573} INFO - Sync 1 DAGs
[2022-10-06T15:37:43.888+0000] {logging_mixin.py:117} INFO - [2022-10-06T15:37:43.888+0000] {dag.py:3328} INFO - Setting next_dagrun for example_branch_dop_operator_v3 to 2022-10-06T15:36:00+00:00, run_after=2022-10-06T15:37:00+00:00
[2022-10-06T15:37:44.020+0000] {processor.py:178} INFO - Processing /home/airflow/.local/lib/python3.7/site-packages/airflow/example_dags/example_branch_python_dop_operator_3.py took 1.474 seconds
[2022-10-06T15:38:27.507+0000] {processor.py:156} INFO - Started process (PID=139) to work on /home/airflow/.local/lib/python3.7/site-packages/airflow/example_dags/example_branch_python_dop_operator_3.py
[2022-10-06T15:38:27.533+0000] {processor.py:758} INFO - Processing file /home/airflow/.local/lib/python3.7/site-packages/airflow/example_dags/example_branch_python_dop_operator_3.py for tasks to queue
[2022-10-06T15:38:27.535+0000] {logging_mixin.py:117} INFO - [2022-10-06T15:38:27.535+0000] {dagbag.py:525} INFO - Filling up the DagBag from /home/airflow/.local/lib/python3.7/site-packages/airflow/example_dags/example_branch_python_dop_operator_3.py
[2022-10-06T15:38:28.709+0000] {processor.py:768} INFO - DAG(s) dict_keys(['example_branch_dop_operator_v3']) retrieved from /home/airflow/.local/lib/python3.7/site-packages/airflow/example_dags/example_branch_python_dop_operator_3.py
[2022-10-06T15:38:28.976+0000] {logging_mixin.py:117} INFO - [2022-10-06T15:38:28.976+0000] {dag.py:2573} INFO - Sync 1 DAGs
[2022-10-06T15:38:29.231+0000] {logging_mixin.py:117} INFO - [2022-10-06T15:38:29.231+0000] {dag.py:3328} INFO - Setting next_dagrun for example_branch_dop_operator_v3 to 2022-10-06T15:37:00+00:00, run_after=2022-10-06T15:38:00+00:00
[2022-10-06T15:38:29.641+0000] {processor.py:178} INFO - Processing /home/airflow/.local/lib/python3.7/site-packages/airflow/example_dags/example_branch_python_dop_operator_3.py took 2.142 seconds
[2022-10-06T15:39:00.103+0000] {processor.py:156} INFO - Started process (PID=186) to work on /home/airflow/.local/lib/python3.7/site-packages/airflow/example_dags/example_branch_python_dop_operator_3.py
[2022-10-06T15:39:00.161+0000] {processor.py:758} INFO - Processing file /home/airflow/.local/lib/python3.7/site-packages/airflow/example_dags/example_branch_python_dop_operator_3.py for tasks to queue
[2022-10-06T15:39:00.165+0000] {logging_mixin.py:117} INFO - [2022-10-06T15:39:00.165+0000] {dagbag.py:525} INFO - Filling up the DagBag from /home/airflow/.local/lib/python3.7/site-packages/airflow/example_dags/example_branch_python_dop_operator_3.py
[2022-10-06T15:39:00.632+0000] {processor.py:768} INFO - DAG(s) dict_keys(['example_branch_dop_operator_v3']) retrieved from /home/airflow/.local/lib/python3.7/site-packages/airflow/example_dags/example_branch_python_dop_operator_3.py
[2022-10-06T15:39:00.704+0000] {logging_mixin.py:117} INFO - [2022-10-06T15:39:00.704+0000] {dag.py:2573} INFO - Sync 1 DAGs
[2022-10-06T15:39:00.764+0000] {logging_mixin.py:117} INFO - [2022-10-06T15:39:00.764+0000] {dag.py:3328} INFO - Setting next_dagrun for example_branch_dop_operator_v3 to 2022-10-06T15:38:00+00:00, run_after=2022-10-06T15:39:00+00:00
[2022-10-06T15:39:00.799+0000] {processor.py:178} INFO - Processing /home/airflow/.local/lib/python3.7/site-packages/airflow/example_dags/example_branch_python_dop_operator_3.py took 0.703 seconds
