[2022-10-06T15:17:56.094+0000] {processor.py:156} INFO - Started process (PID=60) to work on /home/airflow/.local/lib/python3.7/site-packages/airflow/example_dags/example_datasets.py
[2022-10-06T15:17:56.322+0000] {processor.py:758} INFO - Processing file /home/airflow/.local/lib/python3.7/site-packages/airflow/example_dags/example_datasets.py for tasks to queue
[2022-10-06T15:17:56.332+0000] {logging_mixin.py:117} INFO - [2022-10-06T15:17:56.331+0000] {dagbag.py:525} INFO - Filling up the DagBag from /home/airflow/.local/lib/python3.7/site-packages/airflow/example_dags/example_datasets.py
[2022-10-06T15:17:56.557+0000] {processor.py:768} INFO - DAG(s) dict_keys(['dataset_produces_2', 'dataset_consumes_1_and_2', 'dataset_consumes_unknown_never_scheduled', 'dataset_produces_1', 'dataset_consumes_1', 'dataset_consumes_1_never_scheduled']) retrieved from /home/airflow/.local/lib/python3.7/site-packages/airflow/example_dags/example_datasets.py
[2022-10-06T15:17:57.249+0000] {logging_mixin.py:117} INFO - [2022-10-06T15:17:57.249+0000] {dag.py:2573} INFO - Sync 6 DAGs
[2022-10-06T15:17:57.406+0000] {logging_mixin.py:117} INFO - [2022-10-06T15:17:57.406+0000] {dag.py:3328} INFO - Setting next_dagrun for dataset_consumes_1 to None, run_after=None
[2022-10-06T15:17:57.430+0000] {logging_mixin.py:117} INFO - [2022-10-06T15:17:57.430+0000] {dag.py:3328} INFO - Setting next_dagrun for dataset_consumes_1_and_2 to None, run_after=None
[2022-10-06T15:17:57.439+0000] {logging_mixin.py:117} INFO - [2022-10-06T15:17:57.439+0000] {dag.py:3328} INFO - Setting next_dagrun for dataset_consumes_1_never_scheduled to None, run_after=None
[2022-10-06T15:17:57.443+0000] {logging_mixin.py:117} INFO - [2022-10-06T15:17:57.443+0000] {dag.py:3328} INFO - Setting next_dagrun for dataset_consumes_unknown_never_scheduled to None, run_after=None
[2022-10-06T15:17:57.460+0000] {logging_mixin.py:117} INFO - [2022-10-06T15:17:57.460+0000] {dag.py:3328} INFO - Setting next_dagrun for dataset_produces_1 to 2022-10-05T00:00:00+00:00, run_after=2022-10-06T00:00:00+00:00
[2022-10-06T15:17:57.477+0000] {logging_mixin.py:117} INFO - [2022-10-06T15:17:57.477+0000] {dag.py:3328} INFO - Setting next_dagrun for dataset_produces_2 to None, run_after=None
[2022-10-06T15:17:58.734+0000] {processor.py:178} INFO - Processing /home/airflow/.local/lib/python3.7/site-packages/airflow/example_dags/example_datasets.py took 2.655 seconds
[2022-10-06T15:21:36.218+0000] {processor.py:156} INFO - Started process (PID=159) to work on /home/airflow/.local/lib/python3.7/site-packages/airflow/example_dags/example_datasets.py
[2022-10-06T15:21:36.240+0000] {processor.py:758} INFO - Processing file /home/airflow/.local/lib/python3.7/site-packages/airflow/example_dags/example_datasets.py for tasks to queue
[2022-10-06T15:21:36.251+0000] {logging_mixin.py:117} INFO - [2022-10-06T15:21:36.250+0000] {dagbag.py:525} INFO - Filling up the DagBag from /home/airflow/.local/lib/python3.7/site-packages/airflow/example_dags/example_datasets.py
[2022-10-06T15:21:36.535+0000] {processor.py:768} INFO - DAG(s) dict_keys(['dataset_consumes_1', 'dataset_consumes_unknown_never_scheduled', 'dataset_produces_2', 'dataset_consumes_1_never_scheduled', 'dataset_produces_1', 'dataset_consumes_1_and_2']) retrieved from /home/airflow/.local/lib/python3.7/site-packages/airflow/example_dags/example_datasets.py
[2022-10-06T15:21:37.161+0000] {logging_mixin.py:117} INFO - [2022-10-06T15:21:37.161+0000] {dag.py:2573} INFO - Sync 6 DAGs
[2022-10-06T15:21:37.581+0000] {logging_mixin.py:117} INFO - [2022-10-06T15:21:37.581+0000] {dag.py:3328} INFO - Setting next_dagrun for dataset_consumes_1 to None, run_after=None
[2022-10-06T15:21:37.622+0000] {logging_mixin.py:117} INFO - [2022-10-06T15:21:37.622+0000] {dag.py:3328} INFO - Setting next_dagrun for dataset_consumes_1_and_2 to None, run_after=None
[2022-10-06T15:21:37.642+0000] {logging_mixin.py:117} INFO - [2022-10-06T15:21:37.642+0000] {dag.py:3328} INFO - Setting next_dagrun for dataset_consumes_1_never_scheduled to None, run_after=None
[2022-10-06T15:21:37.661+0000] {logging_mixin.py:117} INFO - [2022-10-06T15:21:37.661+0000] {dag.py:3328} INFO - Setting next_dagrun for dataset_consumes_unknown_never_scheduled to None, run_after=None
[2022-10-06T15:21:37.701+0000] {logging_mixin.py:117} INFO - [2022-10-06T15:21:37.701+0000] {dag.py:3328} INFO - Setting next_dagrun for dataset_produces_1 to 2022-10-05T00:00:00+00:00, run_after=2022-10-06T00:00:00+00:00
[2022-10-06T15:21:37.713+0000] {logging_mixin.py:117} INFO - [2022-10-06T15:21:37.712+0000] {dag.py:3328} INFO - Setting next_dagrun for dataset_produces_2 to None, run_after=None
[2022-10-06T15:21:38.082+0000] {processor.py:178} INFO - Processing /home/airflow/.local/lib/python3.7/site-packages/airflow/example_dags/example_datasets.py took 1.871 seconds
[2022-10-06T15:22:37.452+0000] {processor.py:156} INFO - Started process (PID=217) to work on /home/airflow/.local/lib/python3.7/site-packages/airflow/example_dags/example_datasets.py
[2022-10-06T15:22:37.464+0000] {processor.py:758} INFO - Processing file /home/airflow/.local/lib/python3.7/site-packages/airflow/example_dags/example_datasets.py for tasks to queue
[2022-10-06T15:22:37.466+0000] {logging_mixin.py:117} INFO - [2022-10-06T15:22:37.466+0000] {dagbag.py:525} INFO - Filling up the DagBag from /home/airflow/.local/lib/python3.7/site-packages/airflow/example_dags/example_datasets.py
[2022-10-06T15:22:37.583+0000] {processor.py:768} INFO - DAG(s) dict_keys(['dataset_consumes_1_and_2', 'dataset_consumes_1_never_scheduled', 'dataset_consumes_unknown_never_scheduled', 'dataset_produces_2', 'dataset_produces_1', 'dataset_consumes_1']) retrieved from /home/airflow/.local/lib/python3.7/site-packages/airflow/example_dags/example_datasets.py
[2022-10-06T15:22:37.960+0000] {logging_mixin.py:117} INFO - [2022-10-06T15:22:37.960+0000] {dag.py:2573} INFO - Sync 6 DAGs
[2022-10-06T15:22:38.069+0000] {logging_mixin.py:117} INFO - [2022-10-06T15:22:38.068+0000] {dag.py:3328} INFO - Setting next_dagrun for dataset_consumes_1 to None, run_after=None
[2022-10-06T15:22:38.079+0000] {logging_mixin.py:117} INFO - [2022-10-06T15:22:38.078+0000] {dag.py:3328} INFO - Setting next_dagrun for dataset_consumes_1_and_2 to None, run_after=None
[2022-10-06T15:22:38.083+0000] {logging_mixin.py:117} INFO - [2022-10-06T15:22:38.082+0000] {dag.py:3328} INFO - Setting next_dagrun for dataset_consumes_1_never_scheduled to None, run_after=None
[2022-10-06T15:22:38.089+0000] {logging_mixin.py:117} INFO - [2022-10-06T15:22:38.089+0000] {dag.py:3328} INFO - Setting next_dagrun for dataset_consumes_unknown_never_scheduled to None, run_after=None
[2022-10-06T15:22:38.098+0000] {logging_mixin.py:117} INFO - [2022-10-06T15:22:38.098+0000] {dag.py:3328} INFO - Setting next_dagrun for dataset_produces_1 to 2022-10-05T00:00:00+00:00, run_after=2022-10-06T00:00:00+00:00
[2022-10-06T15:22:38.103+0000] {logging_mixin.py:117} INFO - [2022-10-06T15:22:38.103+0000] {dag.py:3328} INFO - Setting next_dagrun for dataset_produces_2 to None, run_after=None
[2022-10-06T15:22:38.359+0000] {processor.py:178} INFO - Processing /home/airflow/.local/lib/python3.7/site-packages/airflow/example_dags/example_datasets.py took 0.913 seconds
[2022-10-06T15:23:09.188+0000] {processor.py:156} INFO - Started process (PID=277) to work on /home/airflow/.local/lib/python3.7/site-packages/airflow/example_dags/example_datasets.py
[2022-10-06T15:23:09.191+0000] {processor.py:758} INFO - Processing file /home/airflow/.local/lib/python3.7/site-packages/airflow/example_dags/example_datasets.py for tasks to queue
[2022-10-06T15:23:09.193+0000] {logging_mixin.py:117} INFO - [2022-10-06T15:23:09.192+0000] {dagbag.py:525} INFO - Filling up the DagBag from /home/airflow/.local/lib/python3.7/site-packages/airflow/example_dags/example_datasets.py
[2022-10-06T15:23:09.292+0000] {processor.py:768} INFO - DAG(s) dict_keys(['dataset_consumes_unknown_never_scheduled', 'dataset_produces_2', 'dataset_produces_1', 'dataset_consumes_1', 'dataset_consumes_1_never_scheduled', 'dataset_consumes_1_and_2']) retrieved from /home/airflow/.local/lib/python3.7/site-packages/airflow/example_dags/example_datasets.py
[2022-10-06T15:23:09.586+0000] {logging_mixin.py:117} INFO - [2022-10-06T15:23:09.585+0000] {dag.py:2573} INFO - Sync 6 DAGs
[2022-10-06T15:23:09.705+0000] {logging_mixin.py:117} INFO - [2022-10-06T15:23:09.705+0000] {dag.py:3328} INFO - Setting next_dagrun for dataset_consumes_1 to None, run_after=None
[2022-10-06T15:23:09.720+0000] {logging_mixin.py:117} INFO - [2022-10-06T15:23:09.719+0000] {dag.py:3328} INFO - Setting next_dagrun for dataset_consumes_1_and_2 to None, run_after=None
[2022-10-06T15:23:09.726+0000] {logging_mixin.py:117} INFO - [2022-10-06T15:23:09.726+0000] {dag.py:3328} INFO - Setting next_dagrun for dataset_consumes_1_never_scheduled to None, run_after=None
[2022-10-06T15:23:09.735+0000] {logging_mixin.py:117} INFO - [2022-10-06T15:23:09.735+0000] {dag.py:3328} INFO - Setting next_dagrun for dataset_consumes_unknown_never_scheduled to None, run_after=None
[2022-10-06T15:23:09.751+0000] {logging_mixin.py:117} INFO - [2022-10-06T15:23:09.751+0000] {dag.py:3328} INFO - Setting next_dagrun for dataset_produces_1 to 2022-10-05T00:00:00+00:00, run_after=2022-10-06T00:00:00+00:00
[2022-10-06T15:23:09.756+0000] {logging_mixin.py:117} INFO - [2022-10-06T15:23:09.756+0000] {dag.py:3328} INFO - Setting next_dagrun for dataset_produces_2 to None, run_after=None
[2022-10-06T15:23:09.896+0000] {processor.py:178} INFO - Processing /home/airflow/.local/lib/python3.7/site-packages/airflow/example_dags/example_datasets.py took 0.721 seconds
[2022-10-06T15:37:33.916+0000] {processor.py:156} INFO - Started process (PID=60) to work on /home/airflow/.local/lib/python3.7/site-packages/airflow/example_dags/example_datasets.py
[2022-10-06T15:37:33.918+0000] {processor.py:758} INFO - Processing file /home/airflow/.local/lib/python3.7/site-packages/airflow/example_dags/example_datasets.py for tasks to queue
[2022-10-06T15:37:33.923+0000] {logging_mixin.py:117} INFO - [2022-10-06T15:37:33.922+0000] {dagbag.py:525} INFO - Filling up the DagBag from /home/airflow/.local/lib/python3.7/site-packages/airflow/example_dags/example_datasets.py
[2022-10-06T15:37:33.993+0000] {processor.py:768} INFO - DAG(s) dict_keys(['dataset_consumes_1_and_2', 'dataset_produces_1', 'dataset_produces_2', 'dataset_consumes_unknown_never_scheduled', 'dataset_consumes_1', 'dataset_consumes_1_never_scheduled']) retrieved from /home/airflow/.local/lib/python3.7/site-packages/airflow/example_dags/example_datasets.py
[2022-10-06T15:37:34.774+0000] {logging_mixin.py:117} INFO - [2022-10-06T15:37:34.774+0000] {dag.py:2573} INFO - Sync 6 DAGs
[2022-10-06T15:37:34.921+0000] {logging_mixin.py:117} INFO - [2022-10-06T15:37:34.916+0000] {dag.py:3328} INFO - Setting next_dagrun for dataset_consumes_1 to None, run_after=None
[2022-10-06T15:37:34.964+0000] {logging_mixin.py:117} INFO - [2022-10-06T15:37:34.964+0000] {dag.py:3328} INFO - Setting next_dagrun for dataset_consumes_1_and_2 to None, run_after=None
[2022-10-06T15:37:34.977+0000] {logging_mixin.py:117} INFO - [2022-10-06T15:37:34.977+0000] {dag.py:3328} INFO - Setting next_dagrun for dataset_consumes_1_never_scheduled to None, run_after=None
[2022-10-06T15:37:34.992+0000] {logging_mixin.py:117} INFO - [2022-10-06T15:37:34.992+0000] {dag.py:3328} INFO - Setting next_dagrun for dataset_consumes_unknown_never_scheduled to None, run_after=None
[2022-10-06T15:37:35.013+0000] {logging_mixin.py:117} INFO - [2022-10-06T15:37:35.012+0000] {dag.py:3328} INFO - Setting next_dagrun for dataset_produces_1 to 2022-10-05T00:00:00+00:00, run_after=2022-10-06T00:00:00+00:00
[2022-10-06T15:37:35.031+0000] {logging_mixin.py:117} INFO - [2022-10-06T15:37:35.030+0000] {dag.py:3328} INFO - Setting next_dagrun for dataset_produces_2 to None, run_after=None
[2022-10-06T15:37:35.252+0000] {processor.py:178} INFO - Processing /home/airflow/.local/lib/python3.7/site-packages/airflow/example_dags/example_datasets.py took 1.344 seconds
[2022-10-06T15:38:07.712+0000] {processor.py:156} INFO - Started process (PID=114) to work on /home/airflow/.local/lib/python3.7/site-packages/airflow/example_dags/example_datasets.py
[2022-10-06T15:38:07.716+0000] {processor.py:758} INFO - Processing file /home/airflow/.local/lib/python3.7/site-packages/airflow/example_dags/example_datasets.py for tasks to queue
[2022-10-06T15:38:07.718+0000] {logging_mixin.py:117} INFO - [2022-10-06T15:38:07.717+0000] {dagbag.py:525} INFO - Filling up the DagBag from /home/airflow/.local/lib/python3.7/site-packages/airflow/example_dags/example_datasets.py
[2022-10-06T15:38:07.851+0000] {processor.py:768} INFO - DAG(s) dict_keys(['dataset_consumes_1_and_2', 'dataset_produces_2', 'dataset_consumes_unknown_never_scheduled', 'dataset_consumes_1_never_scheduled', 'dataset_consumes_1', 'dataset_produces_1']) retrieved from /home/airflow/.local/lib/python3.7/site-packages/airflow/example_dags/example_datasets.py
[2022-10-06T15:38:09.661+0000] {logging_mixin.py:117} INFO - [2022-10-06T15:38:09.660+0000] {dag.py:2573} INFO - Sync 6 DAGs
[2022-10-06T15:38:09.887+0000] {logging_mixin.py:117} INFO - [2022-10-06T15:38:09.887+0000] {dag.py:3328} INFO - Setting next_dagrun for dataset_consumes_1 to None, run_after=None
[2022-10-06T15:38:09.926+0000] {logging_mixin.py:117} INFO - [2022-10-06T15:38:09.926+0000] {dag.py:3328} INFO - Setting next_dagrun for dataset_consumes_1_and_2 to None, run_after=None
[2022-10-06T15:38:09.936+0000] {logging_mixin.py:117} INFO - [2022-10-06T15:38:09.935+0000] {dag.py:3328} INFO - Setting next_dagrun for dataset_consumes_1_never_scheduled to None, run_after=None
[2022-10-06T15:38:09.968+0000] {logging_mixin.py:117} INFO - [2022-10-06T15:38:09.966+0000] {dag.py:3328} INFO - Setting next_dagrun for dataset_consumes_unknown_never_scheduled to None, run_after=None
[2022-10-06T15:38:10.005+0000] {logging_mixin.py:117} INFO - [2022-10-06T15:38:10.005+0000] {dag.py:3328} INFO - Setting next_dagrun for dataset_produces_1 to 2022-10-05T00:00:00+00:00, run_after=2022-10-06T00:00:00+00:00
[2022-10-06T15:38:10.014+0000] {logging_mixin.py:117} INFO - [2022-10-06T15:38:10.013+0000] {dag.py:3328} INFO - Setting next_dagrun for dataset_produces_2 to None, run_after=None
[2022-10-06T15:38:10.481+0000] {processor.py:178} INFO - Processing /home/airflow/.local/lib/python3.7/site-packages/airflow/example_dags/example_datasets.py took 2.801 seconds
[2022-10-06T15:38:41.147+0000] {processor.py:156} INFO - Started process (PID=159) to work on /home/airflow/.local/lib/python3.7/site-packages/airflow/example_dags/example_datasets.py
[2022-10-06T15:38:41.150+0000] {processor.py:758} INFO - Processing file /home/airflow/.local/lib/python3.7/site-packages/airflow/example_dags/example_datasets.py for tasks to queue
[2022-10-06T15:38:41.151+0000] {logging_mixin.py:117} INFO - [2022-10-06T15:38:41.151+0000] {dagbag.py:525} INFO - Filling up the DagBag from /home/airflow/.local/lib/python3.7/site-packages/airflow/example_dags/example_datasets.py
[2022-10-06T15:38:41.460+0000] {processor.py:768} INFO - DAG(s) dict_keys(['dataset_consumes_unknown_never_scheduled', 'dataset_consumes_1_never_scheduled', 'dataset_consumes_1_and_2', 'dataset_consumes_1', 'dataset_produces_2', 'dataset_produces_1']) retrieved from /home/airflow/.local/lib/python3.7/site-packages/airflow/example_dags/example_datasets.py
[2022-10-06T15:38:41.646+0000] {logging_mixin.py:117} INFO - [2022-10-06T15:38:41.646+0000] {dag.py:2573} INFO - Sync 6 DAGs
[2022-10-06T15:38:41.727+0000] {logging_mixin.py:117} INFO - [2022-10-06T15:38:41.727+0000] {dag.py:3328} INFO - Setting next_dagrun for dataset_consumes_1 to None, run_after=None
[2022-10-06T15:38:41.734+0000] {logging_mixin.py:117} INFO - [2022-10-06T15:38:41.734+0000] {dag.py:3328} INFO - Setting next_dagrun for dataset_consumes_1_and_2 to None, run_after=None
[2022-10-06T15:38:41.737+0000] {logging_mixin.py:117} INFO - [2022-10-06T15:38:41.737+0000] {dag.py:3328} INFO - Setting next_dagrun for dataset_consumes_1_never_scheduled to None, run_after=None
[2022-10-06T15:38:41.741+0000] {logging_mixin.py:117} INFO - [2022-10-06T15:38:41.740+0000] {dag.py:3328} INFO - Setting next_dagrun for dataset_consumes_unknown_never_scheduled to None, run_after=None
[2022-10-06T15:38:41.749+0000] {logging_mixin.py:117} INFO - [2022-10-06T15:38:41.749+0000] {dag.py:3328} INFO - Setting next_dagrun for dataset_produces_1 to 2022-10-05T00:00:00+00:00, run_after=2022-10-06T00:00:00+00:00
[2022-10-06T15:38:41.752+0000] {logging_mixin.py:117} INFO - [2022-10-06T15:38:41.752+0000] {dag.py:3328} INFO - Setting next_dagrun for dataset_produces_2 to None, run_after=None
[2022-10-06T15:38:41.813+0000] {processor.py:178} INFO - Processing /home/airflow/.local/lib/python3.7/site-packages/airflow/example_dags/example_datasets.py took 0.671 seconds
[2022-10-06T15:39:12.160+0000] {processor.py:156} INFO - Started process (PID=214) to work on /home/airflow/.local/lib/python3.7/site-packages/airflow/example_dags/example_datasets.py
[2022-10-06T15:39:12.164+0000] {processor.py:758} INFO - Processing file /home/airflow/.local/lib/python3.7/site-packages/airflow/example_dags/example_datasets.py for tasks to queue
[2022-10-06T15:39:12.166+0000] {logging_mixin.py:117} INFO - [2022-10-06T15:39:12.165+0000] {dagbag.py:525} INFO - Filling up the DagBag from /home/airflow/.local/lib/python3.7/site-packages/airflow/example_dags/example_datasets.py
[2022-10-06T15:39:12.208+0000] {processor.py:768} INFO - DAG(s) dict_keys(['dataset_consumes_1_and_2', 'dataset_produces_2', 'dataset_consumes_unknown_never_scheduled', 'dataset_consumes_1_never_scheduled', 'dataset_produces_1', 'dataset_consumes_1']) retrieved from /home/airflow/.local/lib/python3.7/site-packages/airflow/example_dags/example_datasets.py
[2022-10-06T15:39:12.321+0000] {logging_mixin.py:117} INFO - [2022-10-06T15:39:12.321+0000] {dag.py:2573} INFO - Sync 6 DAGs
[2022-10-06T15:39:12.373+0000] {logging_mixin.py:117} INFO - [2022-10-06T15:39:12.372+0000] {dag.py:3328} INFO - Setting next_dagrun for dataset_consumes_1 to None, run_after=None
[2022-10-06T15:39:12.380+0000] {logging_mixin.py:117} INFO - [2022-10-06T15:39:12.380+0000] {dag.py:3328} INFO - Setting next_dagrun for dataset_consumes_1_and_2 to None, run_after=None
[2022-10-06T15:39:12.383+0000] {logging_mixin.py:117} INFO - [2022-10-06T15:39:12.382+0000] {dag.py:3328} INFO - Setting next_dagrun for dataset_consumes_1_never_scheduled to None, run_after=None
[2022-10-06T15:39:12.385+0000] {logging_mixin.py:117} INFO - [2022-10-06T15:39:12.385+0000] {dag.py:3328} INFO - Setting next_dagrun for dataset_consumes_unknown_never_scheduled to None, run_after=None
[2022-10-06T15:39:12.391+0000] {logging_mixin.py:117} INFO - [2022-10-06T15:39:12.391+0000] {dag.py:3328} INFO - Setting next_dagrun for dataset_produces_1 to 2022-10-05T00:00:00+00:00, run_after=2022-10-06T00:00:00+00:00
[2022-10-06T15:39:12.394+0000] {logging_mixin.py:117} INFO - [2022-10-06T15:39:12.394+0000] {dag.py:3328} INFO - Setting next_dagrun for dataset_produces_2 to None, run_after=None
[2022-10-06T15:39:12.451+0000] {processor.py:178} INFO - Processing /home/airflow/.local/lib/python3.7/site-packages/airflow/example_dags/example_datasets.py took 0.303 seconds
