[2022-10-06T15:20:27.018+0000] {processor.py:156} INFO - Started process (PID=129) to work on /home/airflow/.local/lib/python3.7/site-packages/airflow/example_dags/example_trigger_target_dag.py
[2022-10-06T15:20:27.026+0000] {processor.py:758} INFO - Processing file /home/airflow/.local/lib/python3.7/site-packages/airflow/example_dags/example_trigger_target_dag.py for tasks to queue
[2022-10-06T15:20:27.031+0000] {logging_mixin.py:117} INFO - [2022-10-06T15:20:27.031+0000] {dagbag.py:525} INFO - Filling up the DagBag from /home/airflow/.local/lib/python3.7/site-packages/airflow/example_dags/example_trigger_target_dag.py
[2022-10-06T15:20:27.261+0000] {processor.py:768} INFO - DAG(s) dict_keys(['example_trigger_target_dag']) retrieved from /home/airflow/.local/lib/python3.7/site-packages/airflow/example_dags/example_trigger_target_dag.py
[2022-10-06T15:20:27.598+0000] {logging_mixin.py:117} INFO - [2022-10-06T15:20:27.598+0000] {dag.py:2573} INFO - Sync 1 DAGs
[2022-10-06T15:20:28.020+0000] {logging_mixin.py:117} INFO - [2022-10-06T15:20:28.019+0000] {dag.py:3328} INFO - Setting next_dagrun for example_trigger_target_dag to None, run_after=None
[2022-10-06T15:20:28.449+0000] {processor.py:178} INFO - Processing /home/airflow/.local/lib/python3.7/site-packages/airflow/example_dags/example_trigger_target_dag.py took 1.447 seconds
[2022-10-06T15:22:22.431+0000] {processor.py:156} INFO - Started process (PID=205) to work on /home/airflow/.local/lib/python3.7/site-packages/airflow/example_dags/example_trigger_target_dag.py
[2022-10-06T15:22:22.444+0000] {processor.py:758} INFO - Processing file /home/airflow/.local/lib/python3.7/site-packages/airflow/example_dags/example_trigger_target_dag.py for tasks to queue
[2022-10-06T15:22:22.445+0000] {logging_mixin.py:117} INFO - [2022-10-06T15:22:22.445+0000] {dagbag.py:525} INFO - Filling up the DagBag from /home/airflow/.local/lib/python3.7/site-packages/airflow/example_dags/example_trigger_target_dag.py
[2022-10-06T15:22:22.557+0000] {processor.py:768} INFO - DAG(s) dict_keys(['example_trigger_target_dag']) retrieved from /home/airflow/.local/lib/python3.7/site-packages/airflow/example_dags/example_trigger_target_dag.py
[2022-10-06T15:22:22.871+0000] {logging_mixin.py:117} INFO - [2022-10-06T15:22:22.871+0000] {dag.py:2573} INFO - Sync 1 DAGs
[2022-10-06T15:22:23.048+0000] {logging_mixin.py:117} INFO - [2022-10-06T15:22:23.048+0000] {dag.py:3328} INFO - Setting next_dagrun for example_trigger_target_dag to None, run_after=None
[2022-10-06T15:22:23.175+0000] {processor.py:178} INFO - Processing /home/airflow/.local/lib/python3.7/site-packages/airflow/example_dags/example_trigger_target_dag.py took 0.752 seconds
[2022-10-06T15:22:53.398+0000] {processor.py:156} INFO - Started process (PID=249) to work on /home/airflow/.local/lib/python3.7/site-packages/airflow/example_dags/example_trigger_target_dag.py
[2022-10-06T15:22:53.402+0000] {processor.py:758} INFO - Processing file /home/airflow/.local/lib/python3.7/site-packages/airflow/example_dags/example_trigger_target_dag.py for tasks to queue
[2022-10-06T15:22:53.404+0000] {logging_mixin.py:117} INFO - [2022-10-06T15:22:53.403+0000] {dagbag.py:525} INFO - Filling up the DagBag from /home/airflow/.local/lib/python3.7/site-packages/airflow/example_dags/example_trigger_target_dag.py
[2022-10-06T15:22:53.464+0000] {processor.py:768} INFO - DAG(s) dict_keys(['example_trigger_target_dag']) retrieved from /home/airflow/.local/lib/python3.7/site-packages/airflow/example_dags/example_trigger_target_dag.py
[2022-10-06T15:22:53.570+0000] {logging_mixin.py:117} INFO - [2022-10-06T15:22:53.570+0000] {dag.py:2573} INFO - Sync 1 DAGs
[2022-10-06T15:22:53.659+0000] {logging_mixin.py:117} INFO - [2022-10-06T15:22:53.658+0000] {dag.py:3328} INFO - Setting next_dagrun for example_trigger_target_dag to None, run_after=None
[2022-10-06T15:22:53.713+0000] {processor.py:178} INFO - Processing /home/airflow/.local/lib/python3.7/site-packages/airflow/example_dags/example_trigger_target_dag.py took 0.323 seconds
[2022-10-06T15:37:46.492+0000] {processor.py:156} INFO - Started process (PID=88) to work on /home/airflow/.local/lib/python3.7/site-packages/airflow/example_dags/example_trigger_target_dag.py
[2022-10-06T15:37:46.502+0000] {processor.py:758} INFO - Processing file /home/airflow/.local/lib/python3.7/site-packages/airflow/example_dags/example_trigger_target_dag.py for tasks to queue
[2022-10-06T15:37:46.511+0000] {logging_mixin.py:117} INFO - [2022-10-06T15:37:46.511+0000] {dagbag.py:525} INFO - Filling up the DagBag from /home/airflow/.local/lib/python3.7/site-packages/airflow/example_dags/example_trigger_target_dag.py
[2022-10-06T15:37:46.946+0000] {processor.py:768} INFO - DAG(s) dict_keys(['example_trigger_target_dag']) retrieved from /home/airflow/.local/lib/python3.7/site-packages/airflow/example_dags/example_trigger_target_dag.py
[2022-10-06T15:37:48.310+0000] {logging_mixin.py:117} INFO - [2022-10-06T15:37:48.310+0000] {dag.py:2573} INFO - Sync 1 DAGs
[2022-10-06T15:37:48.654+0000] {logging_mixin.py:117} INFO - [2022-10-06T15:37:48.653+0000] {dag.py:3328} INFO - Setting next_dagrun for example_trigger_target_dag to None, run_after=None
[2022-10-06T15:37:48.925+0000] {processor.py:178} INFO - Processing /home/airflow/.local/lib/python3.7/site-packages/airflow/example_dags/example_trigger_target_dag.py took 2.469 seconds
[2022-10-06T15:38:32.928+0000] {processor.py:156} INFO - Started process (PID=143) to work on /home/airflow/.local/lib/python3.7/site-packages/airflow/example_dags/example_trigger_target_dag.py
[2022-10-06T15:38:32.948+0000] {processor.py:758} INFO - Processing file /home/airflow/.local/lib/python3.7/site-packages/airflow/example_dags/example_trigger_target_dag.py for tasks to queue
[2022-10-06T15:38:32.952+0000] {logging_mixin.py:117} INFO - [2022-10-06T15:38:32.950+0000] {dagbag.py:525} INFO - Filling up the DagBag from /home/airflow/.local/lib/python3.7/site-packages/airflow/example_dags/example_trigger_target_dag.py
[2022-10-06T15:38:33.653+0000] {processor.py:768} INFO - DAG(s) dict_keys(['example_trigger_target_dag']) retrieved from /home/airflow/.local/lib/python3.7/site-packages/airflow/example_dags/example_trigger_target_dag.py
[2022-10-06T15:38:33.738+0000] {logging_mixin.py:117} INFO - [2022-10-06T15:38:33.738+0000] {dag.py:2573} INFO - Sync 1 DAGs
[2022-10-06T15:38:33.805+0000] {logging_mixin.py:117} INFO - [2022-10-06T15:38:33.805+0000] {dag.py:3328} INFO - Setting next_dagrun for example_trigger_target_dag to None, run_after=None
[2022-10-06T15:38:33.859+0000] {processor.py:178} INFO - Processing /home/airflow/.local/lib/python3.7/site-packages/airflow/example_dags/example_trigger_target_dag.py took 0.955 seconds
[2022-10-06T15:39:04.667+0000] {processor.py:156} INFO - Started process (PID=197) to work on /home/airflow/.local/lib/python3.7/site-packages/airflow/example_dags/example_trigger_target_dag.py
[2022-10-06T15:39:04.671+0000] {processor.py:758} INFO - Processing file /home/airflow/.local/lib/python3.7/site-packages/airflow/example_dags/example_trigger_target_dag.py for tasks to queue
[2022-10-06T15:39:04.673+0000] {logging_mixin.py:117} INFO - [2022-10-06T15:39:04.673+0000] {dagbag.py:525} INFO - Filling up the DagBag from /home/airflow/.local/lib/python3.7/site-packages/airflow/example_dags/example_trigger_target_dag.py
[2022-10-06T15:39:04.749+0000] {processor.py:768} INFO - DAG(s) dict_keys(['example_trigger_target_dag']) retrieved from /home/airflow/.local/lib/python3.7/site-packages/airflow/example_dags/example_trigger_target_dag.py
[2022-10-06T15:39:04.878+0000] {logging_mixin.py:117} INFO - [2022-10-06T15:39:04.877+0000] {dag.py:2573} INFO - Sync 1 DAGs
[2022-10-06T15:39:05.073+0000] {logging_mixin.py:117} INFO - [2022-10-06T15:39:05.072+0000] {dag.py:3328} INFO - Setting next_dagrun for example_trigger_target_dag to None, run_after=None
[2022-10-06T15:39:05.300+0000] {processor.py:178} INFO - Processing /home/airflow/.local/lib/python3.7/site-packages/airflow/example_dags/example_trigger_target_dag.py took 0.986 seconds
