[2022-10-06T15:17:51.763+0000] {processor.py:156} INFO - Started process (PID=54) to work on /home/airflow/.local/lib/python3.7/site-packages/airflow/example_dags/example_kubernetes_executor.py
[2022-10-06T15:17:51.766+0000] {processor.py:758} INFO - Processing file /home/airflow/.local/lib/python3.7/site-packages/airflow/example_dags/example_kubernetes_executor.py for tasks to queue
[2022-10-06T15:17:51.768+0000] {logging_mixin.py:117} INFO - [2022-10-06T15:17:51.767+0000] {dagbag.py:525} INFO - Filling up the DagBag from /home/airflow/.local/lib/python3.7/site-packages/airflow/example_dags/example_kubernetes_executor.py
[2022-10-06T15:17:51.912+0000] {processor.py:768} INFO - DAG(s) dict_keys(['example_kubernetes_executor']) retrieved from /home/airflow/.local/lib/python3.7/site-packages/airflow/example_dags/example_kubernetes_executor.py
[2022-10-06T15:17:52.059+0000] {logging_mixin.py:117} INFO - [2022-10-06T15:17:52.059+0000] {dag.py:2573} INFO - Sync 1 DAGs
[2022-10-06T15:17:52.374+0000] {logging_mixin.py:117} INFO - [2022-10-06T15:17:52.374+0000] {dag.py:3328} INFO - Setting next_dagrun for example_kubernetes_executor to None, run_after=None
[2022-10-06T15:17:52.612+0000] {processor.py:178} INFO - Processing /home/airflow/.local/lib/python3.7/site-packages/airflow/example_dags/example_kubernetes_executor.py took 0.857 seconds
[2022-10-06T15:21:26.458+0000] {processor.py:156} INFO - Started process (PID=146) to work on /home/airflow/.local/lib/python3.7/site-packages/airflow/example_dags/example_kubernetes_executor.py
[2022-10-06T15:21:26.481+0000] {processor.py:758} INFO - Processing file /home/airflow/.local/lib/python3.7/site-packages/airflow/example_dags/example_kubernetes_executor.py for tasks to queue
[2022-10-06T15:21:26.505+0000] {logging_mixin.py:117} INFO - [2022-10-06T15:21:26.501+0000] {dagbag.py:525} INFO - Filling up the DagBag from /home/airflow/.local/lib/python3.7/site-packages/airflow/example_dags/example_kubernetes_executor.py
[2022-10-06T15:21:26.996+0000] {processor.py:768} INFO - DAG(s) dict_keys(['example_kubernetes_executor']) retrieved from /home/airflow/.local/lib/python3.7/site-packages/airflow/example_dags/example_kubernetes_executor.py
[2022-10-06T15:21:27.621+0000] {logging_mixin.py:117} INFO - [2022-10-06T15:21:27.621+0000] {dag.py:2573} INFO - Sync 1 DAGs
[2022-10-06T15:21:28.012+0000] {logging_mixin.py:117} INFO - [2022-10-06T15:21:28.012+0000] {dag.py:3328} INFO - Setting next_dagrun for example_kubernetes_executor to None, run_after=None
[2022-10-06T15:21:28.176+0000] {processor.py:178} INFO - Processing /home/airflow/.local/lib/python3.7/site-packages/airflow/example_dags/example_kubernetes_executor.py took 1.846 seconds
[2022-10-06T15:22:31.907+0000] {processor.py:156} INFO - Started process (PID=211) to work on /home/airflow/.local/lib/python3.7/site-packages/airflow/example_dags/example_kubernetes_executor.py
[2022-10-06T15:22:31.933+0000] {processor.py:758} INFO - Processing file /home/airflow/.local/lib/python3.7/site-packages/airflow/example_dags/example_kubernetes_executor.py for tasks to queue
[2022-10-06T15:22:31.936+0000] {logging_mixin.py:117} INFO - [2022-10-06T15:22:31.936+0000] {dagbag.py:525} INFO - Filling up the DagBag from /home/airflow/.local/lib/python3.7/site-packages/airflow/example_dags/example_kubernetes_executor.py
[2022-10-06T15:22:32.015+0000] {processor.py:768} INFO - DAG(s) dict_keys(['example_kubernetes_executor']) retrieved from /home/airflow/.local/lib/python3.7/site-packages/airflow/example_dags/example_kubernetes_executor.py
[2022-10-06T15:22:32.124+0000] {logging_mixin.py:117} INFO - [2022-10-06T15:22:32.124+0000] {dag.py:2573} INFO - Sync 1 DAGs
[2022-10-06T15:22:32.254+0000] {logging_mixin.py:117} INFO - [2022-10-06T15:22:32.254+0000] {dag.py:3328} INFO - Setting next_dagrun for example_kubernetes_executor to None, run_after=None
[2022-10-06T15:22:32.489+0000] {processor.py:178} INFO - Processing /home/airflow/.local/lib/python3.7/site-packages/airflow/example_dags/example_kubernetes_executor.py took 0.593 seconds
[2022-10-06T15:23:02.871+0000] {processor.py:156} INFO - Started process (PID=263) to work on /home/airflow/.local/lib/python3.7/site-packages/airflow/example_dags/example_kubernetes_executor.py
[2022-10-06T15:23:02.879+0000] {processor.py:758} INFO - Processing file /home/airflow/.local/lib/python3.7/site-packages/airflow/example_dags/example_kubernetes_executor.py for tasks to queue
[2022-10-06T15:23:02.881+0000] {logging_mixin.py:117} INFO - [2022-10-06T15:23:02.880+0000] {dagbag.py:525} INFO - Filling up the DagBag from /home/airflow/.local/lib/python3.7/site-packages/airflow/example_dags/example_kubernetes_executor.py
[2022-10-06T15:23:02.964+0000] {processor.py:768} INFO - DAG(s) dict_keys(['example_kubernetes_executor']) retrieved from /home/airflow/.local/lib/python3.7/site-packages/airflow/example_dags/example_kubernetes_executor.py
[2022-10-06T15:23:03.071+0000] {logging_mixin.py:117} INFO - [2022-10-06T15:23:03.071+0000] {dag.py:2573} INFO - Sync 1 DAGs
[2022-10-06T15:23:03.192+0000] {logging_mixin.py:117} INFO - [2022-10-06T15:23:03.191+0000] {dag.py:3328} INFO - Setting next_dagrun for example_kubernetes_executor to None, run_after=None
[2022-10-06T15:23:03.274+0000] {processor.py:178} INFO - Processing /home/airflow/.local/lib/python3.7/site-packages/airflow/example_dags/example_kubernetes_executor.py took 0.413 seconds
[2022-10-06T15:37:29.380+0000] {processor.py:156} INFO - Started process (PID=54) to work on /home/airflow/.local/lib/python3.7/site-packages/airflow/example_dags/example_kubernetes_executor.py
[2022-10-06T15:37:29.400+0000] {processor.py:758} INFO - Processing file /home/airflow/.local/lib/python3.7/site-packages/airflow/example_dags/example_kubernetes_executor.py for tasks to queue
[2022-10-06T15:37:29.412+0000] {logging_mixin.py:117} INFO - [2022-10-06T15:37:29.412+0000] {dagbag.py:525} INFO - Filling up the DagBag from /home/airflow/.local/lib/python3.7/site-packages/airflow/example_dags/example_kubernetes_executor.py
[2022-10-06T15:37:29.872+0000] {processor.py:768} INFO - DAG(s) dict_keys(['example_kubernetes_executor']) retrieved from /home/airflow/.local/lib/python3.7/site-packages/airflow/example_dags/example_kubernetes_executor.py
[2022-10-06T15:37:31.311+0000] {logging_mixin.py:117} INFO - [2022-10-06T15:37:31.311+0000] {dag.py:2573} INFO - Sync 1 DAGs
[2022-10-06T15:37:31.456+0000] {logging_mixin.py:117} INFO - [2022-10-06T15:37:31.455+0000] {dag.py:3328} INFO - Setting next_dagrun for example_kubernetes_executor to None, run_after=None
[2022-10-06T15:37:31.772+0000] {processor.py:178} INFO - Processing /home/airflow/.local/lib/python3.7/site-packages/airflow/example_dags/example_kubernetes_executor.py took 2.400 seconds
[2022-10-06T15:38:02.246+0000] {processor.py:156} INFO - Started process (PID=99) to work on /home/airflow/.local/lib/python3.7/site-packages/airflow/example_dags/example_kubernetes_executor.py
[2022-10-06T15:38:02.270+0000] {processor.py:758} INFO - Processing file /home/airflow/.local/lib/python3.7/site-packages/airflow/example_dags/example_kubernetes_executor.py for tasks to queue
[2022-10-06T15:38:02.272+0000] {logging_mixin.py:117} INFO - [2022-10-06T15:38:02.272+0000] {dagbag.py:525} INFO - Filling up the DagBag from /home/airflow/.local/lib/python3.7/site-packages/airflow/example_dags/example_kubernetes_executor.py
[2022-10-06T15:38:02.679+0000] {processor.py:768} INFO - DAG(s) dict_keys(['example_kubernetes_executor']) retrieved from /home/airflow/.local/lib/python3.7/site-packages/airflow/example_dags/example_kubernetes_executor.py
[2022-10-06T15:38:02.814+0000] {logging_mixin.py:117} INFO - [2022-10-06T15:38:02.814+0000] {dag.py:2573} INFO - Sync 1 DAGs
[2022-10-06T15:38:02.921+0000] {logging_mixin.py:117} INFO - [2022-10-06T15:38:02.921+0000] {dag.py:3328} INFO - Setting next_dagrun for example_kubernetes_executor to None, run_after=None
[2022-10-06T15:38:03.012+0000] {processor.py:178} INFO - Processing /home/airflow/.local/lib/python3.7/site-packages/airflow/example_dags/example_kubernetes_executor.py took 0.774 seconds
[2022-10-06T15:38:35.687+0000] {processor.py:156} INFO - Started process (PID=149) to work on /home/airflow/.local/lib/python3.7/site-packages/airflow/example_dags/example_kubernetes_executor.py
[2022-10-06T15:38:35.690+0000] {processor.py:758} INFO - Processing file /home/airflow/.local/lib/python3.7/site-packages/airflow/example_dags/example_kubernetes_executor.py for tasks to queue
[2022-10-06T15:38:35.692+0000] {logging_mixin.py:117} INFO - [2022-10-06T15:38:35.691+0000] {dagbag.py:525} INFO - Filling up the DagBag from /home/airflow/.local/lib/python3.7/site-packages/airflow/example_dags/example_kubernetes_executor.py
[2022-10-06T15:38:36.017+0000] {processor.py:768} INFO - DAG(s) dict_keys(['example_kubernetes_executor']) retrieved from /home/airflow/.local/lib/python3.7/site-packages/airflow/example_dags/example_kubernetes_executor.py
[2022-10-06T15:38:36.127+0000] {logging_mixin.py:117} INFO - [2022-10-06T15:38:36.126+0000] {dag.py:2573} INFO - Sync 1 DAGs
[2022-10-06T15:38:36.210+0000] {logging_mixin.py:117} INFO - [2022-10-06T15:38:36.210+0000] {dag.py:3328} INFO - Setting next_dagrun for example_kubernetes_executor to None, run_after=None
[2022-10-06T15:38:36.288+0000] {processor.py:178} INFO - Processing /home/airflow/.local/lib/python3.7/site-packages/airflow/example_dags/example_kubernetes_executor.py took 0.599 seconds
[2022-10-06T15:39:08.348+0000] {processor.py:156} INFO - Started process (PID=204) to work on /home/airflow/.local/lib/python3.7/site-packages/airflow/example_dags/example_kubernetes_executor.py
[2022-10-06T15:39:08.353+0000] {processor.py:758} INFO - Processing file /home/airflow/.local/lib/python3.7/site-packages/airflow/example_dags/example_kubernetes_executor.py for tasks to queue
[2022-10-06T15:39:08.355+0000] {logging_mixin.py:117} INFO - [2022-10-06T15:39:08.355+0000] {dagbag.py:525} INFO - Filling up the DagBag from /home/airflow/.local/lib/python3.7/site-packages/airflow/example_dags/example_kubernetes_executor.py
[2022-10-06T15:39:08.579+0000] {processor.py:768} INFO - DAG(s) dict_keys(['example_kubernetes_executor']) retrieved from /home/airflow/.local/lib/python3.7/site-packages/airflow/example_dags/example_kubernetes_executor.py
[2022-10-06T15:39:08.777+0000] {logging_mixin.py:117} INFO - [2022-10-06T15:39:08.770+0000] {dag.py:2573} INFO - Sync 1 DAGs
[2022-10-06T15:39:08.898+0000] {logging_mixin.py:117} INFO - [2022-10-06T15:39:08.897+0000] {dag.py:3328} INFO - Setting next_dagrun for example_kubernetes_executor to None, run_after=None
[2022-10-06T15:39:08.956+0000] {processor.py:178} INFO - Processing /home/airflow/.local/lib/python3.7/site-packages/airflow/example_dags/example_kubernetes_executor.py took 0.629 seconds
