[2022-10-06T15:18:14.042+0000] {processor.py:156} INFO - Started process (PID=73) to work on /home/airflow/.local/lib/python3.7/site-packages/airflow/example_dags/tutorial.py
[2022-10-06T15:18:15.137+0000] {processor.py:758} INFO - Processing file /home/airflow/.local/lib/python3.7/site-packages/airflow/example_dags/tutorial.py for tasks to queue
[2022-10-06T15:18:15.138+0000] {logging_mixin.py:117} INFO - [2022-10-06T15:18:15.138+0000] {dagbag.py:525} INFO - Filling up the DagBag from /home/airflow/.local/lib/python3.7/site-packages/airflow/example_dags/tutorial.py
[2022-10-06T15:18:16.349+0000] {processor.py:768} INFO - DAG(s) dict_keys(['tutorial']) retrieved from /home/airflow/.local/lib/python3.7/site-packages/airflow/example_dags/tutorial.py
[2022-10-06T15:18:21.113+0000] {logging_mixin.py:117} INFO - [2022-10-06T15:18:21.113+0000] {dag.py:2573} INFO - Sync 1 DAGs
[2022-10-06T15:18:21.722+0000] {logging_mixin.py:117} INFO - [2022-10-06T15:18:21.721+0000] {dag.py:3328} INFO - Setting next_dagrun for tutorial to 2022-10-05T15:18:21.721204+00:00, run_after=2022-10-06T15:18:21.721204+00:00
[2022-10-06T15:18:29.701+0000] {processor.py:178} INFO - Processing /home/airflow/.local/lib/python3.7/site-packages/airflow/example_dags/tutorial.py took 15.657 seconds
[2022-10-06T15:21:42.157+0000] {processor.py:156} INFO - Started process (PID=164) to work on /home/airflow/.local/lib/python3.7/site-packages/airflow/example_dags/tutorial.py
[2022-10-06T15:21:42.171+0000] {processor.py:758} INFO - Processing file /home/airflow/.local/lib/python3.7/site-packages/airflow/example_dags/tutorial.py for tasks to queue
[2022-10-06T15:21:42.185+0000] {logging_mixin.py:117} INFO - [2022-10-06T15:21:42.184+0000] {dagbag.py:525} INFO - Filling up the DagBag from /home/airflow/.local/lib/python3.7/site-packages/airflow/example_dags/tutorial.py
[2022-10-06T15:21:42.297+0000] {processor.py:768} INFO - DAG(s) dict_keys(['tutorial']) retrieved from /home/airflow/.local/lib/python3.7/site-packages/airflow/example_dags/tutorial.py
[2022-10-06T15:21:42.658+0000] {logging_mixin.py:117} INFO - [2022-10-06T15:21:42.657+0000] {dag.py:2573} INFO - Sync 1 DAGs
[2022-10-06T15:21:42.889+0000] {logging_mixin.py:117} INFO - [2022-10-06T15:21:42.888+0000] {dag.py:3328} INFO - Setting next_dagrun for tutorial to 2022-10-05T15:21:42.888351+00:00, run_after=2022-10-06T15:21:42.888351+00:00
[2022-10-06T15:21:43.072+0000] {processor.py:178} INFO - Processing /home/airflow/.local/lib/python3.7/site-packages/airflow/example_dags/tutorial.py took 0.952 seconds
[2022-10-06T15:22:39.206+0000] {processor.py:156} INFO - Started process (PID=220) to work on /home/airflow/.local/lib/python3.7/site-packages/airflow/example_dags/tutorial.py
[2022-10-06T15:22:39.210+0000] {processor.py:758} INFO - Processing file /home/airflow/.local/lib/python3.7/site-packages/airflow/example_dags/tutorial.py for tasks to queue
[2022-10-06T15:22:39.213+0000] {logging_mixin.py:117} INFO - [2022-10-06T15:22:39.212+0000] {dagbag.py:525} INFO - Filling up the DagBag from /home/airflow/.local/lib/python3.7/site-packages/airflow/example_dags/tutorial.py
[2022-10-06T15:22:39.259+0000] {processor.py:768} INFO - DAG(s) dict_keys(['tutorial']) retrieved from /home/airflow/.local/lib/python3.7/site-packages/airflow/example_dags/tutorial.py
[2022-10-06T15:22:39.390+0000] {logging_mixin.py:117} INFO - [2022-10-06T15:22:39.389+0000] {dag.py:2573} INFO - Sync 1 DAGs
[2022-10-06T15:22:39.461+0000] {logging_mixin.py:117} INFO - [2022-10-06T15:22:39.461+0000] {dag.py:3328} INFO - Setting next_dagrun for tutorial to 2022-10-05T15:22:39.460905+00:00, run_after=2022-10-06T15:22:39.460905+00:00
[2022-10-06T15:22:39.522+0000] {processor.py:178} INFO - Processing /home/airflow/.local/lib/python3.7/site-packages/airflow/example_dags/tutorial.py took 0.326 seconds
[2022-10-06T15:23:10.310+0000] {processor.py:156} INFO - Started process (PID=282) to work on /home/airflow/.local/lib/python3.7/site-packages/airflow/example_dags/tutorial.py
[2022-10-06T15:23:10.313+0000] {processor.py:758} INFO - Processing file /home/airflow/.local/lib/python3.7/site-packages/airflow/example_dags/tutorial.py for tasks to queue
[2022-10-06T15:23:10.315+0000] {logging_mixin.py:117} INFO - [2022-10-06T15:23:10.314+0000] {dagbag.py:525} INFO - Filling up the DagBag from /home/airflow/.local/lib/python3.7/site-packages/airflow/example_dags/tutorial.py
[2022-10-06T15:23:10.370+0000] {processor.py:768} INFO - DAG(s) dict_keys(['tutorial']) retrieved from /home/airflow/.local/lib/python3.7/site-packages/airflow/example_dags/tutorial.py
[2022-10-06T15:23:10.492+0000] {logging_mixin.py:117} INFO - [2022-10-06T15:23:10.491+0000] {dag.py:2573} INFO - Sync 1 DAGs
[2022-10-06T15:23:10.579+0000] {logging_mixin.py:117} INFO - [2022-10-06T15:23:10.579+0000] {dag.py:3328} INFO - Setting next_dagrun for tutorial to 2022-10-05T15:23:10.578662+00:00, run_after=2022-10-06T15:23:10.578662+00:00
[2022-10-06T15:23:10.635+0000] {processor.py:178} INFO - Processing /home/airflow/.local/lib/python3.7/site-packages/airflow/example_dags/tutorial.py took 0.335 seconds
[2022-10-06T15:37:35.525+0000] {processor.py:156} INFO - Started process (PID=63) to work on /home/airflow/.local/lib/python3.7/site-packages/airflow/example_dags/tutorial.py
[2022-10-06T15:37:35.527+0000] {processor.py:758} INFO - Processing file /home/airflow/.local/lib/python3.7/site-packages/airflow/example_dags/tutorial.py for tasks to queue
[2022-10-06T15:37:35.531+0000] {logging_mixin.py:117} INFO - [2022-10-06T15:37:35.529+0000] {dagbag.py:525} INFO - Filling up the DagBag from /home/airflow/.local/lib/python3.7/site-packages/airflow/example_dags/tutorial.py
[2022-10-06T15:37:35.575+0000] {processor.py:768} INFO - DAG(s) dict_keys(['tutorial']) retrieved from /home/airflow/.local/lib/python3.7/site-packages/airflow/example_dags/tutorial.py
[2022-10-06T15:37:35.956+0000] {logging_mixin.py:117} INFO - [2022-10-06T15:37:35.956+0000] {dag.py:2573} INFO - Sync 1 DAGs
[2022-10-06T15:37:36.028+0000] {logging_mixin.py:117} INFO - [2022-10-06T15:37:36.027+0000] {dag.py:3328} INFO - Setting next_dagrun for tutorial to 2022-10-05T15:37:36.027516+00:00, run_after=2022-10-06T15:37:36.027516+00:00
[2022-10-06T15:37:36.082+0000] {processor.py:178} INFO - Processing /home/airflow/.local/lib/python3.7/site-packages/airflow/example_dags/tutorial.py took 0.572 seconds
[2022-10-06T15:38:12.308+0000] {processor.py:156} INFO - Started process (PID=117) to work on /home/airflow/.local/lib/python3.7/site-packages/airflow/example_dags/tutorial.py
[2022-10-06T15:38:12.323+0000] {processor.py:758} INFO - Processing file /home/airflow/.local/lib/python3.7/site-packages/airflow/example_dags/tutorial.py for tasks to queue
[2022-10-06T15:38:12.328+0000] {logging_mixin.py:117} INFO - [2022-10-06T15:38:12.328+0000] {dagbag.py:525} INFO - Filling up the DagBag from /home/airflow/.local/lib/python3.7/site-packages/airflow/example_dags/tutorial.py
[2022-10-06T15:38:12.469+0000] {processor.py:768} INFO - DAG(s) dict_keys(['tutorial']) retrieved from /home/airflow/.local/lib/python3.7/site-packages/airflow/example_dags/tutorial.py
[2022-10-06T15:38:13.661+0000] {logging_mixin.py:117} INFO - [2022-10-06T15:38:13.661+0000] {dag.py:2573} INFO - Sync 1 DAGs
[2022-10-06T15:38:13.812+0000] {logging_mixin.py:117} INFO - [2022-10-06T15:38:13.812+0000] {dag.py:3328} INFO - Setting next_dagrun for tutorial to 2022-10-05T15:38:13.811546+00:00, run_after=2022-10-06T15:38:13.811546+00:00
[2022-10-06T15:38:14.010+0000] {processor.py:178} INFO - Processing /home/airflow/.local/lib/python3.7/site-packages/airflow/example_dags/tutorial.py took 1.729 seconds
[2022-10-06T15:38:44.361+0000] {processor.py:156} INFO - Started process (PID=162) to work on /home/airflow/.local/lib/python3.7/site-packages/airflow/example_dags/tutorial.py
[2022-10-06T15:38:44.374+0000] {processor.py:758} INFO - Processing file /home/airflow/.local/lib/python3.7/site-packages/airflow/example_dags/tutorial.py for tasks to queue
[2022-10-06T15:38:44.411+0000] {logging_mixin.py:117} INFO - [2022-10-06T15:38:44.411+0000] {dagbag.py:525} INFO - Filling up the DagBag from /home/airflow/.local/lib/python3.7/site-packages/airflow/example_dags/tutorial.py
[2022-10-06T15:38:44.930+0000] {processor.py:768} INFO - DAG(s) dict_keys(['tutorial']) retrieved from /home/airflow/.local/lib/python3.7/site-packages/airflow/example_dags/tutorial.py
[2022-10-06T15:38:45.287+0000] {logging_mixin.py:117} INFO - [2022-10-06T15:38:45.286+0000] {dag.py:2573} INFO - Sync 1 DAGs
[2022-10-06T15:38:45.642+0000] {logging_mixin.py:117} INFO - [2022-10-06T15:38:45.642+0000] {dag.py:3328} INFO - Setting next_dagrun for tutorial to 2022-10-05T15:38:45.641736+00:00, run_after=2022-10-06T15:38:45.641736+00:00
[2022-10-06T15:38:45.907+0000] {processor.py:178} INFO - Processing /home/airflow/.local/lib/python3.7/site-packages/airflow/example_dags/tutorial.py took 1.555 seconds
