[2022-10-07T21:22:02.067+0000] {taskinstance.py:1165} INFO - Dependencies all met for <TaskInstance: Tweets_Dag.fetch_tweet scheduled__2022-10-05T00:00:00+00:00 [queued]>
[2022-10-07T21:22:02.166+0000] {taskinstance.py:1165} INFO - Dependencies all met for <TaskInstance: Tweets_Dag.fetch_tweet scheduled__2022-10-05T00:00:00+00:00 [queued]>
[2022-10-07T21:22:02.168+0000] {taskinstance.py:1362} INFO - 
--------------------------------------------------------------------------------
[2022-10-07T21:22:02.169+0000] {taskinstance.py:1363} INFO - Starting attempt 1 of 2
[2022-10-07T21:22:02.170+0000] {taskinstance.py:1364} INFO - 
--------------------------------------------------------------------------------
[2022-10-07T21:22:02.541+0000] {taskinstance.py:1383} INFO - Executing <Task(PythonOperator): fetch_tweet> on 2022-10-05 00:00:00+00:00
[2022-10-07T21:22:02.579+0000] {standard_task_runner.py:54} INFO - Started process 370 to run task
[2022-10-07T21:22:02.657+0000] {standard_task_runner.py:82} INFO - Running: ['***', 'tasks', 'run', 'Tweets_Dag', 'fetch_tweet', 'scheduled__2022-10-05T00:00:00+00:00', '--job-id', '4', '--raw', '--subdir', 'DAGS_FOLDER/TweetsDag.py', '--cfg-path', '/tmp/tmpv6ira4pm']
[2022-10-07T21:22:02.711+0000] {standard_task_runner.py:83} INFO - Job 4: Subtask fetch_tweet
[2022-10-07T21:22:02.747+0000] {dagbag.py:525} INFO - Filling up the DagBag from /opt/***/dags/TweetsDag.py
[2022-10-07T21:22:05.155+0000] {task_command.py:384} INFO - Running <TaskInstance: Tweets_Dag.fetch_tweet scheduled__2022-10-05T00:00:00+00:00 [running]> on host ffc3975ad4f7
[2022-10-07T21:22:05.929+0000] {taskinstance.py:1592} INFO - Exporting the following env vars:
AIRFLOW_CTX_DAG_EMAIL=***@example.com
AIRFLOW_CTX_DAG_OWNER=***
AIRFLOW_CTX_DAG_ID=Tweets_Dag
AIRFLOW_CTX_TASK_ID=fetch_tweet
AIRFLOW_CTX_EXECUTION_DATE=2022-10-05T00:00:00+00:00
AIRFLOW_CTX_TRY_NUMBER=1
AIRFLOW_CTX_DAG_RUN_ID=scheduled__2022-10-05T00:00:00+00:00
[2022-10-07T21:22:05.940+0000] {python.py:177} INFO - Done. Returned value was: None
[2022-10-07T21:22:06.033+0000] {taskinstance.py:1406} INFO - Marking task as SUCCESS. dag_id=Tweets_Dag, task_id=fetch_tweet, execution_date=20221005T000000, start_date=20221007T212202, end_date=20221007T212206
[2022-10-07T21:22:06.190+0000] {local_task_job.py:164} INFO - Task exited with return code 0
[2022-10-07T21:22:06.607+0000] {local_task_job.py:273} INFO - 1 downstream tasks scheduled from follow-on schedule check
