[2022-10-07T21:22:06.750+0000] {taskinstance.py:1165} INFO - Dependencies all met for <TaskInstance: Tweets_Dag.fetch_tweet scheduled__2022-10-06T00:00:00+00:00 [queued]>
[2022-10-07T21:22:06.800+0000] {taskinstance.py:1165} INFO - Dependencies all met for <TaskInstance: Tweets_Dag.fetch_tweet scheduled__2022-10-06T00:00:00+00:00 [queued]>
[2022-10-07T21:22:06.801+0000] {taskinstance.py:1362} INFO - 
--------------------------------------------------------------------------------
[2022-10-07T21:22:06.802+0000] {taskinstance.py:1363} INFO - Starting attempt 1 of 2
[2022-10-07T21:22:06.803+0000] {taskinstance.py:1364} INFO - 
--------------------------------------------------------------------------------
[2022-10-07T21:22:06.886+0000] {taskinstance.py:1383} INFO - Executing <Task(PythonOperator): fetch_tweet> on 2022-10-06 00:00:00+00:00
[2022-10-07T21:22:06.897+0000] {standard_task_runner.py:54} INFO - Started process 373 to run task
[2022-10-07T21:22:06.905+0000] {standard_task_runner.py:82} INFO - Running: ['***', 'tasks', 'run', 'Tweets_Dag', 'fetch_tweet', 'scheduled__2022-10-06T00:00:00+00:00', '--job-id', '5', '--raw', '--subdir', 'DAGS_FOLDER/TweetsDag.py', '--cfg-path', '/tmp/tmpjgw6cjyx']
[2022-10-07T21:22:06.915+0000] {standard_task_runner.py:83} INFO - Job 5: Subtask fetch_tweet
[2022-10-07T21:22:06.920+0000] {dagbag.py:525} INFO - Filling up the DagBag from /opt/***/dags/TweetsDag.py
[2022-10-07T21:22:08.504+0000] {task_command.py:384} INFO - Running <TaskInstance: Tweets_Dag.fetch_tweet scheduled__2022-10-06T00:00:00+00:00 [running]> on host ffc3975ad4f7
[2022-10-07T21:22:09.602+0000] {taskinstance.py:1592} INFO - Exporting the following env vars:
AIRFLOW_CTX_DAG_EMAIL=***@example.com
AIRFLOW_CTX_DAG_OWNER=***
AIRFLOW_CTX_DAG_ID=Tweets_Dag
AIRFLOW_CTX_TASK_ID=fetch_tweet
AIRFLOW_CTX_EXECUTION_DATE=2022-10-06T00:00:00+00:00
AIRFLOW_CTX_TRY_NUMBER=1
AIRFLOW_CTX_DAG_RUN_ID=scheduled__2022-10-06T00:00:00+00:00
[2022-10-07T21:22:09.615+0000] {python.py:177} INFO - Done. Returned value was: None
[2022-10-07T21:22:09.706+0000] {taskinstance.py:1406} INFO - Marking task as SUCCESS. dag_id=Tweets_Dag, task_id=fetch_tweet, execution_date=20221006T000000, start_date=20221007T212206, end_date=20221007T212209
[2022-10-07T21:22:10.036+0000] {local_task_job.py:164} INFO - Task exited with return code 0
[2022-10-07T21:22:10.527+0000] {local_task_job.py:273} INFO - 1 downstream tasks scheduled from follow-on schedule check
