[2022-10-07T21:22:01.619+0000] {taskinstance.py:1165} INFO - Dependencies all met for <TaskInstance: Tweets_Dag.fetch_tweet scheduled__2022-10-04T00:00:00+00:00 [queued]>
[2022-10-07T21:22:01.759+0000] {taskinstance.py:1165} INFO - Dependencies all met for <TaskInstance: Tweets_Dag.fetch_tweet scheduled__2022-10-04T00:00:00+00:00 [queued]>
[2022-10-07T21:22:01.761+0000] {taskinstance.py:1362} INFO - 
--------------------------------------------------------------------------------
[2022-10-07T21:22:01.773+0000] {taskinstance.py:1363} INFO - Starting attempt 1 of 2
[2022-10-07T21:22:01.781+0000] {taskinstance.py:1364} INFO - 
--------------------------------------------------------------------------------
[2022-10-07T21:22:01.951+0000] {taskinstance.py:1383} INFO - Executing <Task(PythonOperator): fetch_tweet> on 2022-10-04 00:00:00+00:00
[2022-10-07T21:22:01.986+0000] {standard_task_runner.py:54} INFO - Started process 369 to run task
[2022-10-07T21:22:02.020+0000] {standard_task_runner.py:82} INFO - Running: ['***', 'tasks', 'run', 'Tweets_Dag', 'fetch_tweet', 'scheduled__2022-10-04T00:00:00+00:00', '--job-id', '3', '--raw', '--subdir', 'DAGS_FOLDER/TweetsDag.py', '--cfg-path', '/tmp/tmphy4k440s']
[2022-10-07T21:22:02.037+0000] {standard_task_runner.py:83} INFO - Job 3: Subtask fetch_tweet
[2022-10-07T21:22:02.041+0000] {dagbag.py:525} INFO - Filling up the DagBag from /opt/***/dags/TweetsDag.py
[2022-10-07T21:22:04.172+0000] {task_command.py:384} INFO - Running <TaskInstance: Tweets_Dag.fetch_tweet scheduled__2022-10-04T00:00:00+00:00 [running]> on host ffc3975ad4f7
[2022-10-07T21:22:05.245+0000] {taskinstance.py:1592} INFO - Exporting the following env vars:
AIRFLOW_CTX_DAG_EMAIL=***@example.com
AIRFLOW_CTX_DAG_OWNER=***
AIRFLOW_CTX_DAG_ID=Tweets_Dag
AIRFLOW_CTX_TASK_ID=fetch_tweet
AIRFLOW_CTX_EXECUTION_DATE=2022-10-04T00:00:00+00:00
AIRFLOW_CTX_TRY_NUMBER=1
AIRFLOW_CTX_DAG_RUN_ID=scheduled__2022-10-04T00:00:00+00:00
[2022-10-07T21:22:05.265+0000] {python.py:177} INFO - Done. Returned value was: None
[2022-10-07T21:22:05.430+0000] {taskinstance.py:1406} INFO - Marking task as SUCCESS. dag_id=Tweets_Dag, task_id=fetch_tweet, execution_date=20221004T000000, start_date=20221007T212201, end_date=20221007T212205
[2022-10-07T21:22:05.714+0000] {local_task_job.py:164} INFO - Task exited with return code 0
[2022-10-07T21:22:05.951+0000] {local_task_job.py:273} INFO - 1 downstream tasks scheduled from follow-on schedule check
