[2022-10-07T21:22:11.316+0000] {taskinstance.py:1165} INFO - Dependencies all met for <TaskInstance: Tweets_Dag.clean_tweet scheduled__2022-10-04T00:00:00+00:00 [queued]>
[2022-10-07T21:22:11.415+0000] {taskinstance.py:1165} INFO - Dependencies all met for <TaskInstance: Tweets_Dag.clean_tweet scheduled__2022-10-04T00:00:00+00:00 [queued]>
[2022-10-07T21:22:11.420+0000] {taskinstance.py:1362} INFO - 
--------------------------------------------------------------------------------
[2022-10-07T21:22:11.445+0000] {taskinstance.py:1363} INFO - Starting attempt 1 of 2
[2022-10-07T21:22:11.449+0000] {taskinstance.py:1364} INFO - 
--------------------------------------------------------------------------------
[2022-10-07T21:22:11.592+0000] {taskinstance.py:1383} INFO - Executing <Task(PythonOperator): clean_tweet> on 2022-10-04 00:00:00+00:00
[2022-10-07T21:22:11.633+0000] {standard_task_runner.py:54} INFO - Started process 377 to run task
[2022-10-07T21:22:11.675+0000] {standard_task_runner.py:82} INFO - Running: ['***', 'tasks', 'run', 'Tweets_Dag', 'clean_tweet', 'scheduled__2022-10-04T00:00:00+00:00', '--job-id', '6', '--raw', '--subdir', 'DAGS_FOLDER/TweetsDag.py', '--cfg-path', '/tmp/tmpz8rir1zm']
[2022-10-07T21:22:11.698+0000] {standard_task_runner.py:83} INFO - Job 6: Subtask clean_tweet
[2022-10-07T21:22:11.717+0000] {dagbag.py:525} INFO - Filling up the DagBag from /opt/***/dags/TweetsDag.py
[2022-10-07T21:22:12.590+0000] {task_command.py:384} INFO - Running <TaskInstance: Tweets_Dag.clean_tweet scheduled__2022-10-04T00:00:00+00:00 [running]> on host ffc3975ad4f7
[2022-10-07T21:22:13.204+0000] {taskinstance.py:1592} INFO - Exporting the following env vars:
AIRFLOW_CTX_DAG_EMAIL=***@example.com
AIRFLOW_CTX_DAG_OWNER=***
AIRFLOW_CTX_DAG_ID=Tweets_Dag
AIRFLOW_CTX_TASK_ID=clean_tweet
AIRFLOW_CTX_EXECUTION_DATE=2022-10-04T00:00:00+00:00
AIRFLOW_CTX_TRY_NUMBER=1
AIRFLOW_CTX_DAG_RUN_ID=scheduled__2022-10-04T00:00:00+00:00
[2022-10-07T21:22:13.205+0000] {python.py:177} INFO - Done. Returned value was: None
[2022-10-07T21:22:13.274+0000] {taskinstance.py:1406} INFO - Marking task as SUCCESS. dag_id=Tweets_Dag, task_id=clean_tweet, execution_date=20221004T000000, start_date=20221007T212211, end_date=20221007T212213
[2022-10-07T21:22:13.423+0000] {local_task_job.py:164} INFO - Task exited with return code 0
[2022-10-07T21:22:13.539+0000] {local_task_job.py:273} INFO - 1 downstream tasks scheduled from follow-on schedule check
